<?xml version="1.0" encoding="utf-8"?>
<TestRun id="e99b4f45-ac95-439f-a40d-dcb29aff4344" name="@coder-07bfbed8-dfce-4129-8ab7-27d68922a8db-6d45c454c7-wh95m 2026-04-27 15:09:59" xmlns="http://microsoft.com/schemas/VisualStudio/TeamTest/2010">
  <Times creation="2026-04-27T15:09:59.6688366+00:00" queuing="2026-04-27T15:09:59.6688367+00:00" start="2026-04-27T15:09:56.6658533+00:00" finish="2026-04-27T15:11:47.7828131+00:00" />
  <TestSettings name="default" id="b7bf8140-6523-4e80-b432-df278962ca5d">
    <Deployment runDeploymentRoot="_coder-07bfbed8-dfce-4129-8ab7-27d68922a8db-6d45c454c7-wh95m_2026-04-27_15_09_59" />
  </TestSettings>
  <Results>
    <UnitTestResult executionId="c33db2f8-0fcf-4f66-b9bf-2ca95339cedf" testId="126bccce-dbe1-8fa6-b973-af8a29688d6d" testName="UpdateAsync_ChangesStoredName" computerName="coder-07bfbed8-dfce-4129-8ab7-27d68922a8db-6d45c454c7-wh95m" duration="00:00:00.2799861" startTime="2026-04-27T15:10:02.5876612+00:00" endTime="2026-04-27T15:10:02.8677437+00:00" testType="13cdc9d9-ddb5-4fa4-a97d-d965ccfc6d4b" outcome="Passed" testListId="8c84fa94-04c1-424b-9868-57a2d4851a1d" relativeResultsDirectory="c33db2f8-0fcf-4f66-b9bf-2ca95339cedf" />
    <UnitTestResult executionId="454addff-5794-4b25-97a9-bb5b992463ae" testId="1315d4ab-2483-8dca-a590-d9247de42944" testName="StreamEventsAsync_Get_Events_YieldsParsedEnvelopes_And_TracksLastId" computerName="coder-07bfbed8-dfce-4129-8ab7-27d68922a8db-6d45c454c7-wh95m" duration="00:00:00.0245936" startTime="2026-04-27T15:10:02.0170736+00:00" endTime="2026-04-27T15:10:02.0417841+00:00" testType="13cdc9d9-ddb5-4fa4-a97d-d965ccfc6d4b" outcome="Passed" testListId="8c84fa94-04c1-424b-9868-57a2d4851a1d" relativeResultsDirectory="454addff-5794-4b25-97a9-bb5b992463ae" />
    <UnitTestResult executionId="f7b6d37c-e661-486d-9a20-78df4934ede3" testId="12bca5aa-7272-8caa-b973-0e6e9a78c506" testName="WhenSidecarBaseUrlEmpty_ResolvesBagOfWordsEmbedding" computerName="coder-07bfbed8-dfce-4129-8ab7-27d68922a8db-6d45c454c7-wh95m" duration="00:00:00.5878746" startTime="2026-04-27T15:10:03.0380164+00:00" endTime="2026-04-27T15:10:03.6259960+00:00" testType="13cdc9d9-ddb5-4fa4-a97d-d965ccfc6d4b" outcome="Passed" testListId="8c84fa94-04c1-424b-9868-57a2d4851a1d" relativeResultsDirectory="f7b6d37c-e661-486d-9a20-78df4934ede3" />
    <UnitTestResult executionId="06260624-5114-4399-a32d-7ce79d436555" testId="1f8df059-b54b-8915-bd53-24a4f32edd1c" testName="Chat_SendsStreamFalse" computerName="coder-07bfbed8-dfce-4129-8ab7-27d68922a8db-6d45c454c7-wh95m" duration="00:00:00.0104510" startTime="2026-04-27T15:10:01.1790672+00:00" endTime="2026-04-27T15:10:01.1896345+00:00" testType="13cdc9d9-ddb5-4fa4-a97d-d965ccfc6d4b" outcome="Passed" testListId="8c84fa94-04c1-424b-9868-57a2d4851a1d" relativeResultsDirectory="06260624-5114-4399-a32d-7ce79d436555" />
    <UnitTestResult executionId="fd789c33-4477-4946-822e-023d3805243b" testId="17802673-7fe5-8250-b46f-fbfcd4039fb6" testName="Chat_HappyPath_ReturnsText" computerName="coder-07bfbed8-dfce-4129-8ab7-27d68922a8db-6d45c454c7-wh95m" duration="00:00:01.2424941" startTime="2026-04-27T15:09:59.8752590+00:00" endTime="2026-04-27T15:10:01.1178658+00:00" testType="13cdc9d9-ddb5-4fa4-a97d-d965ccfc6d4b" outcome="Passed" testListId="8c84fa94-04c1-424b-9868-57a2d4851a1d" relativeResultsDirectory="fd789c33-4477-4946-822e-023d3805243b" />
    <UnitTestResult executionId="63694b53-e343-4699-b55f-d180714169a3" testId="123ba32a-cecb-8f9d-8c68-6baac3c55626" testName="GetVaultInfoAsync_ParsesVersionFromEnvelope" computerName="coder-07bfbed8-dfce-4129-8ab7-27d68922a8db-6d45c454c7-wh95m" duration="00:00:00.0130529" startTime="2026-04-27T15:10:02.4732736+00:00" endTime="2026-04-27T15:10:02.4864192+00:00" testType="13cdc9d9-ddb5-4fa4-a97d-d965ccfc6d4b" outcome="Passed" testListId="8c84fa94-04c1-424b-9868-57a2d4851a1d" relativeResultsDirectory="63694b53-e343-4699-b55f-d180714169a3" />
    <UnitTestResult executionId="4261ad1e-20d1-4fe5-857e-07d305575064" testId="15bc633c-c698-8c63-94d7-e3be5defb68a" testName="Kind_IsAnthropic" computerName="coder-07bfbed8-dfce-4129-8ab7-27d68922a8db-6d45c454c7-wh95m" duration="00:00:00.3137292" startTime="2026-04-27T15:09:59.5344770+00:00" endTime="2026-04-27T15:09:59.8737878+00:00" testType="13cdc9d9-ddb5-4fa4-a97d-d965ccfc6d4b" outcome="Passed" testListId="8c84fa94-04c1-424b-9868-57a2d4851a1d" relativeResultsDirectory="4261ad1e-20d1-4fe5-857e-07d305575064" />
    <UnitTestResult executionId="83a3a5f2-5c94-4a77-969a-e1dbd4586e8c" testId="1f374732-e2e6-8317-8a6b-1917a3573696" testName="DiarizeAsync_HappyPath_ParsesSegmentsAndSpeakerCount" computerName="coder-07bfbed8-dfce-4129-8ab7-27d68922a8db-6d45c454c7-wh95m" duration="00:00:00.0568477" startTime="2026-04-27T15:10:02.1978610+00:00" endTime="2026-04-27T15:10:02.2548944+00:00" testType="13cdc9d9-ddb5-4fa4-a97d-d965ccfc6d4b" outcome="Passed" testListId="8c84fa94-04c1-424b-9868-57a2d4851a1d" relativeResultsDirectory="83a3a5f2-5c94-4a77-969a-e1dbd4586e8c" />
    <UnitTestResult executionId="66269fb4-9243-46a4-bd9e-4a03a45930f9" testId="17188d43-a044-80a5-84b2-f66a6efaa890" testName="StopAsync_WithoutActiveSession_Throws" computerName="coder-07bfbed8-dfce-4129-8ab7-27d68922a8db-6d45c454c7-wh95m" duration="00:00:00.0086882" startTime="2026-04-27T15:10:02.5734160+00:00" endTime="2026-04-27T15:10:02.5822085+00:00" testType="13cdc9d9-ddb5-4fa4-a97d-d965ccfc6d4b" outcome="Passed" testListId="8c84fa94-04c1-424b-9868-57a2d4851a1d" relativeResultsDirectory="66269fb4-9243-46a4-bd9e-4a03a45930f9" />
    <UnitTestResult executionId="db234931-8de0-4e5b-9b1e-f51a952db946" testId="1921acc1-599e-801f-b7f3-24178c343759" testName="GetBySha256Async_UnknownHash_ReturnsNull" computerName="coder-07bfbed8-dfce-4129-8ab7-27d68922a8db-6d45c454c7-wh95m" duration="00:00:00.3817501" startTime="2026-04-27T15:10:02.1544926+00:00" endTime="2026-04-27T15:10:02.5363190+00:00" testType="13cdc9d9-ddb5-4fa4-a97d-d965ccfc6d4b" outcome="Passed" testListId="8c84fa94-04c1-424b-9868-57a2d4851a1d" relativeResultsDirectory="db234931-8de0-4e5b-9b1e-f51a952db946" />
    <UnitTestResult executionId="b3305b3b-4c5b-4d5c-aa04-cc91a44c5826" testId="1213daf1-ea7e-88a1-a603-8209428a01d4" testName="GetByTranscriptIdAsync_SortsByVersionDescending" computerName="coder-07bfbed8-dfce-4129-8ab7-27d68922a8db-6d45c454c7-wh95m" duration="00:00:00.4329613" startTime="2026-04-27T15:10:01.7852257+00:00" endTime="2026-04-27T15:10:02.2183001+00:00" testType="13cdc9d9-ddb5-4fa4-a97d-d965ccfc6d4b" outcome="Passed" testListId="8c84fa94-04c1-424b-9868-57a2d4851a1d" relativeResultsDirectory="b3305b3b-4c5b-4d5c-aa04-cc91a44c5826" />
    <UnitTestResult executionId="b81af607-3b90-4fec-95e9-a26cf35b1c89" testId="14d4ae3f-cfca-842d-89c2-a8aa15a79211" testName="CrashMidSession_PcmBufferPersistsOnDisk" computerName="coder-07bfbed8-dfce-4129-8ab7-27d68922a8db-6d45c454c7-wh95m" duration="00:00:02.7001786" startTime="2026-04-27T15:09:59.5360773+00:00" endTime="2026-04-27T15:10:02.2603785+00:00" testType="13cdc9d9-ddb5-4fa4-a97d-d965ccfc6d4b" outcome="Passed" testListId="8c84fa94-04c1-424b-9868-57a2d4851a1d" relativeResultsDirectory="b81af607-3b90-4fec-95e9-a26cf35b1c89">
      <Output>
        <StdOut>[15:10:00 INF] Using database at /home/coder/.config/Mozgoslav/mozgoslav.db
[15:10:01 INF] EF Core migrations applied
[15:10:01 INF] Seeded 3 built-in profiles
[15:10:01 INF] Populated default settings on first run
[15:10:01 INF] Settings ready: language=ru, vault=&lt;not set&gt;
[15:10:01 INF] RAG index loaded: 0 chunk(s)
[15:10:01 INF] Initialized Scheduler Signaller of type: Quartz.Core.SchedulerSignalerImpl
[15:10:01 INF] Quartz Scheduler created
[15:10:02 INF] JobFactory set to: Quartz.Simpl.MicrosoftDependencyInjectionJobFactory
[15:10:02 INF] RAMJobStore initialized.
[15:10:02 INF] Quartz Scheduler 3.18.0.0 - 'QuartzScheduler' with instanceId 'NON_CLUSTERED' initialized
[15:10:02 INF] Using thread pool 'Quartz.Simpl.DefaultThreadPool', size: 10
[15:10:02 INF] Using job store 'Quartz.Simpl.RAMJobStore', supports persistence: False, clustered: False
[15:10:02 INF] Adding 1 jobs, 0 triggers.
[15:10:02 INF] Adding job: mozgoslav.processing.process-recording-template
[15:10:02 INF] Syncthing disabled — skipping versioning verifier
[15:10:02 INF] Syncthing binary not found on this host — lifecycle service is a no-op. Set Mozgoslav:SyncthingBinaryPath or SYNCTHING_BINARY to enable.
[15:10:02 INF] Now listening on: http://127.0.0.1:5050
[15:10:02 INF] Application started. Press Ctrl+C to shut down.
[15:10:02 INF] Hosting environment: IntegrationTest
[15:10:02 INF] Content root path: /home/coder/workspace/mozgoslav/backend/src/Mozgoslav.Api
[15:10:02 INF] Scheduler QuartzScheduler_$_NON_CLUSTERED started.
[15:10:02 INF] Application is shutting down...
[15:10:02 INF] Scheduler QuartzScheduler_$_NON_CLUSTERED shutting down.
[15:10:02 INF] Scheduler QuartzScheduler_$_NON_CLUSTERED paused.
[15:10:02 INF] Scheduler QuartzScheduler_$_NON_CLUSTERED Shutdown complete.</StdOut>
      </Output>
    </UnitTestResult>
    <UnitTestResult executionId="2deea421-0909-482d-a6e5-066442e5704a" testId="1ecf7012-5b89-870d-8de9-580739d6aeb2" testName="GetConfigAsync_Returns_RawJson" computerName="coder-07bfbed8-dfce-4129-8ab7-27d68922a8db-6d45c454c7-wh95m" duration="00:00:00.0209179" startTime="2026-04-27T15:10:02.1351624+00:00" endTime="2026-04-27T15:10:02.1561895+00:00" testType="13cdc9d9-ddb5-4fa4-a97d-d965ccfc6d4b" outcome="Passed" testListId="8c84fa94-04c1-424b-9868-57a2d4851a1d" relativeResultsDirectory="2deea421-0909-482d-a6e5-066442e5704a" />
    <UnitTestResult executionId="3d309fe2-6971-43c9-8cf9-52ff2190ff15" testId="174978ed-cfad-83e8-b472-8bb50a70c2cf" testName="AcceptPendingDeviceAsync_Post_ClusterPendingDevices_WithBodyAndAutoAccept" computerName="coder-07bfbed8-dfce-4129-8ab7-27d68922a8db-6d45c454c7-wh95m" duration="00:00:00.0467274" startTime="2026-04-27T15:10:02.0436701+00:00" endTime="2026-04-27T15:10:02.0905205+00:00" testType="13cdc9d9-ddb5-4fa4-a97d-d965ccfc6d4b" outcome="Passed" testListId="8c84fa94-04c1-424b-9868-57a2d4851a1d" relativeResultsDirectory="3d309fe2-6971-43c9-8cf9-52ff2190ff15" />
    <UnitTestResult executionId="4df400e0-a4a1-4413-942d-0a7ea09cd843" testId="14de6764-c579-8f4a-8781-7a9e4fdadc68" testName="IsAvailableAsync_ServerReturns200_ReturnsTrue" computerName="coder-07bfbed8-dfce-4129-8ab7-27d68922a8db-6d45c454c7-wh95m" duration="00:00:01.5680223" startTime="2026-04-27T15:09:59.5352097+00:00" endTime="2026-04-27T15:10:01.1281396+00:00" testType="13cdc9d9-ddb5-4fa4-a97d-d965ccfc6d4b" outcome="Passed" testListId="8c84fa94-04c1-424b-9868-57a2d4851a1d" relativeResultsDirectory="4df400e0-a4a1-4413-942d-0a7ea09cd843" />
    <UnitTestResult executionId="792d7de7-1248-4f18-a640-30f123301aff" testId="11767cfb-8b8f-88f5-b285-f624825907b1" testName="Search_SkipsDimensionMismatch" computerName="coder-07bfbed8-dfce-4129-8ab7-27d68922a8db-6d45c454c7-wh95m" duration="00:00:00.1799505" startTime="2026-04-27T15:10:03.5572065+00:00" endTime="2026-04-27T15:10:03.7372452+00:00" testType="13cdc9d9-ddb5-4fa4-a97d-d965ccfc6d4b" outcome="Passed" testListId="8c84fa94-04c1-424b-9868-57a2d4851a1d" relativeResultsDirectory="792d7de7-1248-4f18-a640-30f123301aff" />
    <UnitTestResult executionId="04fc032d-c066-4559-a959-e66d74bd9610" testId="1d0059f9-9362-8ae3-b4ab-e0dbbd11452a" testName="EnsureFolderAsync_PutsWithTrailingSlash" computerName="coder-07bfbed8-dfce-4129-8ab7-27d68922a8db-6d45c454c7-wh95m" duration="00:00:00.0274947" startTime="2026-04-27T15:10:02.4990326+00:00" endTime="2026-04-27T15:10:02.5266283+00:00" testType="13cdc9d9-ddb5-4fa4-a97d-d965ccfc6d4b" outcome="Passed" testListId="8c84fa94-04c1-424b-9868-57a2d4851a1d" relativeResultsDirectory="04fc032d-c066-4559-a959-e66d74bd9610" />
    <UnitTestResult executionId="bbeb0670-6bb6-4111-b08e-c55c46e4cfa9" testId="12ba9c67-e8f9-89d7-852c-5f863f123f57" testName="IsReachableAsync_HappyPath_ReturnsTrue" computerName="coder-07bfbed8-dfce-4129-8ab7-27d68922a8db-6d45c454c7-wh95m" duration="00:00:00.0454220" startTime="2026-04-27T15:10:02.3858260+00:00" endTime="2026-04-27T15:10:02.4313823+00:00" testType="13cdc9d9-ddb5-4fa4-a97d-d965ccfc6d4b" outcome="Passed" testListId="8c84fa94-04c1-424b-9868-57a2d4851a1d" relativeResultsDirectory="bbeb0670-6bb6-4111-b08e-c55c46e4cfa9" />
    <UnitTestResult executionId="4738e9e8-d1b8-457d-af09-9c7dee7298bb" testId="127a4e84-247c-8f8a-aaec-14794ae68463" testName="Upsert_SameId_Replaces" computerName="coder-07bfbed8-dfce-4129-8ab7-27d68922a8db-6d45c454c7-wh95m" duration="00:00:00.2913476" startTime="2026-04-27T15:10:02.6806465+00:00" endTime="2026-04-27T15:10:02.9721339+00:00" testType="13cdc9d9-ddb5-4fa4-a97d-d965ccfc6d4b" outcome="Passed" testListId="8c84fa94-04c1-424b-9868-57a2d4851a1d" relativeResultsDirectory="4738e9e8-d1b8-457d-af09-9c7dee7298bb" />
    <UnitTestResult executionId="9275e1a3-1cdb-4281-9a8e-5ffb1006c1ae" testId="17219152-ebae-8f79-89c0-47c2d9a1aa84" testName="PostHotkeyEvent_InvalidKind_Returns400_NoPublish" computerName="coder-07bfbed8-dfce-4129-8ab7-27d68922a8db-6d45c454c7-wh95m" duration="00:00:00.5925514" startTime="2026-04-27T15:10:03.0462437+00:00" endTime="2026-04-27T15:10:03.6389102+00:00" testType="13cdc9d9-ddb5-4fa4-a97d-d965ccfc6d4b" outcome="Passed" testListId="8c84fa94-04c1-424b-9868-57a2d4851a1d" relativeResultsDirectory="9275e1a3-1cdb-4281-9a8e-5ffb1006c1ae" />
    <UnitTestResult executionId="af1c8803-57be-49a4-a949-52d41e83281b" testId="1aa41efe-8d53-876e-9852-2caf3101ce41" testName="IsReachableAsync_EmptyToken_ReturnsFalseWithoutHit" computerName="coder-07bfbed8-dfce-4129-8ab7-27d68922a8db-6d45c454c7-wh95m" duration="00:00:00.0048440" startTime="2026-04-27T15:10:02.4329172+00:00" endTime="2026-04-27T15:10:02.4378324+00:00" testType="13cdc9d9-ddb5-4fa4-a97d-d965ccfc6d4b" outcome="Passed" testListId="8c84fa94-04c1-424b-9868-57a2d4851a1d" relativeResultsDirectory="af1c8803-57be-49a4-a949-52d41e83281b" />
    <UnitTestResult executionId="a44ef331-1aa9-43fc-b809-78d5ffe13743" testId="1caeac1e-865f-8a49-bb0e-32ac6648bf53" testName="ProcessAsync_ValidJsonResponse_ReturnsTypedResult" computerName="coder-07bfbed8-dfce-4129-8ab7-27d68922a8db-6d45c454c7-wh95m" duration="00:00:00.4189657" startTime="2026-04-27T15:10:01.2316657+00:00" endTime="2026-04-27T15:10:01.6507325+00:00" testType="13cdc9d9-ddb5-4fa4-a97d-d965ccfc6d4b" outcome="Passed" testListId="8c84fa94-04c1-424b-9868-57a2d4851a1d" relativeResultsDirectory="a44ef331-1aa9-43fc-b809-78d5ffe13743" />
    <UnitTestResult executionId="8206ed56-5f14-4015-abd3-302aef22a327" testId="11f083ae-acd1-81c6-9cf1-d5b43856d86b" testName="ShutdownAsync_Post_SystemShutdown_Returns200" computerName="coder-07bfbed8-dfce-4129-8ab7-27d68922a8db-6d45c454c7-wh95m" duration="00:00:00.0419628" startTime="2026-04-27T15:10:02.0911879+00:00" endTime="2026-04-27T15:10:02.1332482+00:00" testType="13cdc9d9-ddb5-4fa4-a97d-d965ccfc6d4b" outcome="Passed" testListId="8c84fa94-04c1-424b-9868-57a2d4851a1d" relativeResultsDirectory="8206ed56-5f14-4015-abd3-302aef22a327" />
    <UnitTestResult executionId="c643b93a-21ec-4aaf-9e52-cbc720840932" testId="191d3601-f0fb-8f6b-a941-d1306c9c57b3" testName="GetByRecordingIdAsync_ReturnsLatest" computerName="coder-07bfbed8-dfce-4129-8ab7-27d68922a8db-6d45c454c7-wh95m" duration="00:00:00.3720129" startTime="2026-04-27T15:10:01.7626291+00:00" endTime="2026-04-27T15:10:02.1347233+00:00" testType="13cdc9d9-ddb5-4fa4-a97d-d965ccfc6d4b" outcome="Passed" testListId="8c84fa94-04c1-424b-9868-57a2d4851a1d" relativeResultsDirectory="c643b93a-21ec-4aaf-9e52-cbc720840932" />
    <UnitTestResult executionId="e9897d71-b097-4962-be76-0a632fe53726" testId="1dc85837-6f77-871f-a619-7b5b8b43478b" testName="LoadAsync_EmptyDatabase_ReturnsDefaults" computerName="coder-07bfbed8-dfce-4129-8ab7-27d68922a8db-6d45c454c7-wh95m" duration="00:00:02.1810264" startTime="2026-04-27T15:09:59.5464384+00:00" endTime="2026-04-27T15:10:01.7411725+00:00" testType="13cdc9d9-ddb5-4fa4-a97d-d965ccfc6d4b" outcome="Passed" testListId="8c84fa94-04c1-424b-9868-57a2d4851a1d" relativeResultsDirectory="e9897d71-b097-4962-be76-0a632fe53726" />
    <UnitTestResult executionId="5d8266ef-31e2-4fc2-8b7d-ecb1b008d34b" testId="12bcff61-7767-81dc-ab6f-bfff73a0e078" testName="Search_EmptyIndex_ReturnsEmpty" computerName="coder-07bfbed8-dfce-4129-8ab7-27d68922a8db-6d45c454c7-wh95m" duration="00:00:00.1196608" startTime="2026-04-27T15:10:03.7388341+00:00" endTime="2026-04-27T15:10:03.8586114+00:00" testType="13cdc9d9-ddb5-4fa4-a97d-d965ccfc6d4b" outcome="Passed" testListId="8c84fa94-04c1-424b-9868-57a2d4851a1d" relativeResultsDirectory="5d8266ef-31e2-4fc2-8b7d-ecb1b008d34b" />
    <UnitTestResult executionId="e257c439-0ff6-4323-8100-c172505fa04e" testId="1aab05c7-e851-8d53-9b56-eb6aa124ff83" testName="GetStatusAsync_Get_ConfigFolders_And_DbStatus_MapsCompletion" computerName="coder-07bfbed8-dfce-4129-8ab7-27d68922a8db-6d45c454c7-wh95m" duration="00:00:00.0778836" startTime="2026-04-27T15:10:01.8905120+00:00" endTime="2026-04-27T15:10:01.9685144+00:00" testType="13cdc9d9-ddb5-4fa4-a97d-d965ccfc6d4b" outcome="Passed" testListId="8c84fa94-04c1-424b-9868-57a2d4851a1d" relativeResultsDirectory="e257c439-0ff6-4323-8100-c172505fa04e" />
    <UnitTestResult executionId="75ffc542-be3c-4b6f-9f18-b497b9122b2c" testId="1ab54cf0-efd9-8bd3-bc27-4e9b1a24a960" testName="ExportAsync_NullInputs_Throws" computerName="coder-07bfbed8-dfce-4129-8ab7-27d68922a8db-6d45c454c7-wh95m" duration="00:00:00.0118489" startTime="2026-04-27T15:09:59.6979474+00:00" endTime="2026-04-27T15:09:59.7098903+00:00" testType="13cdc9d9-ddb5-4fa4-a97d-d965ccfc6d4b" outcome="Passed" testListId="8c84fa94-04c1-424b-9868-57a2d4851a1d" relativeResultsDirectory="75ffc542-be3c-4b6f-9f18-b497b9122b2c" />
    <UnitTestResult executionId="20c5d593-6d97-439e-a85d-ed0bd9378e19" testId="1b9dfe41-1bf8-8a06-9ebd-4b6d498b74c8" testName="Push_WebmOpusChunks_DecodeAcrossBoundariesAndAccumulate" computerName="coder-07bfbed8-dfce-4129-8ab7-27d68922a8db-6d45c454c7-wh95m" duration="00:00:00.0383929" startTime="2026-04-27T15:09:59.5357168+00:00" endTime="2026-04-27T15:09:59.6073088+00:00" testType="13cdc9d9-ddb5-4fa4-a97d-d965ccfc6d4b" outcome="NotExecuted" testListId="8c84fa94-04c1-424b-9868-57a2d4851a1d" relativeResultsDirectory="20c5d593-6d97-439e-a85d-ed0bd9378e19">
      <Output>
        <ErrorInfo>
          <Message>Assert.Inconclusive failed. ffmpeg not installed in this sandbox</Message>
          <StackTrace>   at Microsoft.VisualStudio.TestTools.UnitTesting.Assert.Inconclusive(String message) in /_/src/TestFramework/TestFramework/Assertions/Assert.Inconclusive.cs:line 27
   at Mozgoslav.Tests.Integration.DictationPushWebmOpusTests.Push_WebmOpusChunks_DecodeAcrossBoundariesAndAccumulate() in /home/coder/workspace/mozgoslav/backend/tests/Mozgoslav.Tests.Integration/DictationPushWebmOpusTests.cs:line 35
   at Microsoft.VisualStudio.TestPlatform.MSTest.TestAdapter.Execution.TestMethodInfo.ExecuteInternalAsync(Object[] arguments, CancellationTokenSource timeoutTokenSource) in /_/src/Adapter/MSTestAdapter.PlatformServices/Execution/TestMethodInfo.cs:line 391</StackTrace>
        </ErrorInfo>
      </Output>
    </UnitTestResult>
    <UnitTestResult executionId="e790764c-3910-4804-8228-5dd9e0023cc1" testId="1296e18d-7563-8962-883b-32a2b7b9a001" testName="Gender_WhenModelAbsent_Returns503WithTypedEnvelope" computerName="coder-07bfbed8-dfce-4129-8ab7-27d68922a8db-6d45c454c7-wh95m" duration="00:00:00.0007317" startTime="2026-04-27T15:11:47.2601896+00:00" endTime="2026-04-27T15:11:47.2610589+00:00" testType="13cdc9d9-ddb5-4fa4-a97d-d965ccfc6d4b" outcome="NotExecuted" testListId="8c84fa94-04c1-424b-9868-57a2d4851a1d" relativeResultsDirectory="e790764c-3910-4804-8228-5dd9e0023cc1">
      <Output>
        <ErrorInfo>
          <Message>Initialization method Mozgoslav.Tests.Integration.Sidecar.SidecarContainerTests.SkipIfDockerMissing threw exception. Assert.Inconclusive failed. Docker is not available in this environment — skipping. Inner error: InvalidOperationException: Docker image mozgoslav-sidecar-test:latest has not been created..</Message>
          <StackTrace>   at Microsoft.VisualStudio.TestTools.UnitTesting.Assert.Inconclusive(String message) in /_/src/TestFramework/TestFramework/Assertions/Assert.Inconclusive.cs:line 27
   at Mozgoslav.Tests.Integration.Sidecar.SidecarContainerTests.SkipIfDockerMissing() in /home/coder/workspace/mozgoslav/backend/tests/Mozgoslav.Tests.Integration/Sidecar/SidecarContainerTests.cs:line 83
   at InvokeStub_SidecarContainerTests.SkipIfDockerMissing(Object, Object, IntPtr*)
   at System.Reflection.RuntimeMethodInfo.Invoke(Object obj, BindingFlags invokeAttr, Binder binder, Object[] parameters, CultureInfo culture)
</StackTrace>
        </ErrorInfo>
      </Output>
    </UnitTestResult>
    <UnitTestResult executionId="a9717fcb-717e-413c-89aa-fcc5136a6343" testId="1fba619a-9ae3-8450-8a2f-2ca271512412" testName="RunWizardStep_Step1_ReturnsCurrentStep" computerName="coder-07bfbed8-dfce-4129-8ab7-27d68922a8db-6d45c454c7-wh95m" duration="00:00:01.9536856" startTime="2026-04-27T15:10:02.4701719+00:00" endTime="2026-04-27T15:10:04.4240343+00:00" testType="13cdc9d9-ddb5-4fa4-a97d-d965ccfc6d4b" outcome="Passed" testListId="8c84fa94-04c1-424b-9868-57a2d4851a1d" relativeResultsDirectory="a9717fcb-717e-413c-89aa-fcc5136a6343">
      <Output>
        <StdOut>[15:10:02 WRN] Mozgoslav:DatabasePath override is active — using /tmp/mozgoslav-wizard-f4bbbdcc654a44ec8f4e81d4d061c0fc.db instead of canonical /home/coder/.config/Mozgoslav/mozgoslav.db
[15:10:02 INF] EF Core migrations applied
[15:10:03 INF] Seeded 3 built-in profiles
[15:10:03 INF] Populated default settings on first run
[15:10:03 INF] Settings ready: language=ru, vault=&lt;not set&gt;
[15:10:03 INF] RAG index loaded: 0 chunk(s)
[15:10:03 INF] Adding 1 jobs, 0 triggers.
[15:10:03 INF] Adding job: mozgoslav.processing.process-recording-template
[15:10:03 INF] Syncthing disabled — skipping versioning verifier
[15:10:03 INF] Syncthing binary not found on this host — lifecycle service is a no-op. Set Mozgoslav:SyncthingBinaryPath or SYNCTHING_BINARY to enable.
[15:10:03 INF] Now listening on: http://127.0.0.1:5050
[15:10:03 INF] Application started. Press Ctrl+C to shut down.
[15:10:03 INF] Hosting environment: IntegrationTest
[15:10:03 INF] Content root path: /home/coder/workspace/mozgoslav/backend/src/Mozgoslav.Api
[15:10:04 INF] Application is shutting down...</StdOut>
      </Output>
    </UnitTestResult>
    <UnitTestResult executionId="ff56e3bc-da7c-4afb-b12f-3fa28fa5f871" testId="1fe10a4c-89bb-850d-9535-5bfa2728ff68" testName="PostHotkeyEvent_Release_CallsNotifierPublish" computerName="coder-07bfbed8-dfce-4129-8ab7-27d68922a8db-6d45c454c7-wh95m" duration="00:00:00.6603194" startTime="2026-04-27T15:10:02.3847104+00:00" endTime="2026-04-27T15:10:03.0451272+00:00" testType="13cdc9d9-ddb5-4fa4-a97d-d965ccfc6d4b" outcome="Passed" testListId="8c84fa94-04c1-424b-9868-57a2d4851a1d" relativeResultsDirectory="ff56e3bc-da7c-4afb-b12f-3fa28fa5f871">
      <Output>
        <StdOut>[15:10:02 WRN] Mozgoslav:DatabasePath override is active — using /tmp/mozgoslav-hotkey-2c363202a84d48fa93d1f3fdae79d431.db instead of canonical /home/coder/.config/Mozgoslav/mozgoslav.db
[15:10:02 INF] EF Core migrations applied
[15:10:02 INF] Seeded 3 built-in profiles
[15:10:02 INF] Populated default settings on first run
[15:10:02 INF] Settings ready: language=ru, vault=&lt;not set&gt;
[15:10:02 INF] RAG index loaded: 0 chunk(s)
[15:10:02 INF] Adding 1 jobs, 0 triggers.
[15:10:02 INF] Adding job: mozgoslav.processing.process-recording-template
[15:10:03 INF] Syncthing disabled — skipping versioning verifier
[15:10:03 INF] Syncthing binary not found on this host — lifecycle service is a no-op. Set Mozgoslav:SyncthingBinaryPath or SYNCTHING_BINARY to enable.
[15:10:03 INF] Now listening on: http://127.0.0.1:5050
[15:10:03 INF] Application started. Press Ctrl+C to shut down.
[15:10:03 INF] Hosting environment: IntegrationTest
[15:10:03 INF] Content root path: /home/coder/workspace/mozgoslav/backend/src/Mozgoslav.Api
[15:10:03 INF] Application is shutting down...</StdOut>
      </Output>
    </UnitTestResult>
    <UnitTestResult executionId="583223d2-3f20-4c78-87cb-c92df0dc082c" testId="13cc9783-d8fc-8130-8673-b5f3b2e7d51d" testName="GetByStatusAsync_FiltersByStatus" computerName="coder-07bfbed8-dfce-4129-8ab7-27d68922a8db-6d45c454c7-wh95m" duration="00:00:00.2420550" startTime="2026-04-27T15:10:03.3444914+00:00" endTime="2026-04-27T15:10:03.5866586+00:00" testType="13cdc9d9-ddb5-4fa4-a97d-d965ccfc6d4b" outcome="Passed" testListId="8c84fa94-04c1-424b-9868-57a2d4851a1d" relativeResultsDirectory="583223d2-3f20-4c78-87cb-c92df0dc082c" />
    <UnitTestResult executionId="6ad54d20-5c0a-41c5-bb4f-07c802f29202" testId="1cd0b74c-f5cb-87a3-828d-5b32d3b22c4e" testName="StartAsync_ThrowsPlatformNotSupported" computerName="coder-07bfbed8-dfce-4129-8ab7-27d68922a8db-6d45c454c7-wh95m" duration="00:00:00.0025711" startTime="2026-04-27T15:10:02.5387297+00:00" endTime="2026-04-27T15:10:02.5413772+00:00" testType="13cdc9d9-ddb5-4fa4-a97d-d965ccfc6d4b" outcome="Passed" testListId="8c84fa94-04c1-424b-9868-57a2d4851a1d" relativeResultsDirectory="6ad54d20-5c0a-41c5-bb4f-07c802f29202" />
    <UnitTestResult executionId="7e2a1747-9e33-49bb-962d-c6c615e7e6db" testId="17160b0b-ffd6-8210-a5f3-d4f21d291ca8" testName="ApiKeyHeader_IsAttached_ToEveryRequest" computerName="coder-07bfbed8-dfce-4129-8ab7-27d68922a8db-6d45c454c7-wh95m" duration="00:00:00.0298889" startTime="2026-04-27T15:10:02.2011954+00:00" endTime="2026-04-27T15:10:02.2311760+00:00" testType="13cdc9d9-ddb5-4fa4-a97d-d965ccfc6d4b" outcome="Passed" testListId="8c84fa94-04c1-424b-9868-57a2d4851a1d" relativeResultsDirectory="7e2a1747-9e33-49bb-962d-c6c615e7e6db" />
    <UnitTestResult executionId="e8a297dd-fbfe-438c-b511-205a17ad3bc9" testId="1e18372e-5d69-8043-9d04-2ec60f694386" testName="IsSupported_WhenNotMacOS_ReturnsFalse" computerName="coder-07bfbed8-dfce-4129-8ab7-27d68922a8db-6d45c454c7-wh95m" duration="00:00:00.0061456" startTime="2026-04-27T15:10:02.5272980+00:00" endTime="2026-04-27T15:10:02.5336475+00:00" testType="13cdc9d9-ddb5-4fa4-a97d-d965ccfc6d4b" outcome="Passed" testListId="8c84fa94-04c1-424b-9868-57a2d4851a1d" relativeResultsDirectory="e8a297dd-fbfe-438c-b511-205a17ad3bc9" />
    <UnitTestResult executionId="9b74d534-a7c2-4e3e-8063-b99513e58740" testId="1273e3a1-a5e9-80f3-ab90-a25c334bc46f" testName="EmbedAsync_WhenSidecarDown_FallsBackToInnerEmbedding" computerName="coder-07bfbed8-dfce-4129-8ab7-27d68922a8db-6d45c454c7-wh95m" duration="00:00:00.0307636" startTime="2026-04-27T15:10:02.3413994+00:00" endTime="2026-04-27T15:10:02.3722381+00:00" testType="13cdc9d9-ddb5-4fa4-a97d-d965ccfc6d4b" outcome="Passed" testListId="8c84fa94-04c1-424b-9868-57a2d4851a1d" relativeResultsDirectory="9b74d534-a7c2-4e3e-8063-b99513e58740" />
    <UnitTestResult executionId="f6c40208-0f71-44b4-a97f-7fbf72271669" testId="1b895be4-c07f-81e2-8590-082ab41c75dd" testName="EmbedAsync_HappyPath_ReturnsSidecarVector_AndAdvertisesDimensions" computerName="coder-07bfbed8-dfce-4129-8ab7-27d68922a8db-6d45c454c7-wh95m" duration="00:00:00.0305457" startTime="2026-04-27T15:10:02.3091545+00:00" endTime="2026-04-27T15:10:02.3398510+00:00" testType="13cdc9d9-ddb5-4fa4-a97d-d965ccfc6d4b" outcome="Passed" testListId="8c84fa94-04c1-424b-9868-57a2d4851a1d" relativeResultsDirectory="f6c40208-0f71-44b4-a97f-7fbf72271669" />
    <UnitTestResult executionId="af129a7f-f866-42b3-b676-f2322798ea4f" testId="19adce19-873f-8c8c-a36b-53e361c473e1" testName="AddAsync_ThenGetById_RoundTripsPreservingTags" computerName="coder-07bfbed8-dfce-4129-8ab7-27d68922a8db-6d45c454c7-wh95m" duration="00:00:02.1754185" startTime="2026-04-27T15:09:59.6496349+00:00" endTime="2026-04-27T15:10:01.8251806+00:00" testType="13cdc9d9-ddb5-4fa4-a97d-d965ccfc6d4b" outcome="Passed" testListId="8c84fa94-04c1-424b-9868-57a2d4851a1d" relativeResultsDirectory="af129a7f-f866-42b3-b676-f2322798ea4f" />
    <UnitTestResult executionId="a67e904e-271b-4893-9c46-558c5f51e7fa" testId="125f5d2c-eb9c-839a-9c74-f75b9f7fdc6b" testName="Push_UnknownSession_Returns404" computerName="coder-07bfbed8-dfce-4129-8ab7-27d68922a8db-6d45c454c7-wh95m" duration="00:00:02.8101287" startTime="2026-04-27T15:09:59.5367787+00:00" endTime="2026-04-27T15:10:02.3703408+00:00" testType="13cdc9d9-ddb5-4fa4-a97d-d965ccfc6d4b" outcome="Passed" testListId="8c84fa94-04c1-424b-9868-57a2d4851a1d" relativeResultsDirectory="a67e904e-271b-4893-9c46-558c5f51e7fa">
      <Output>
        <StdOut>[15:10:00 WRN] Mozgoslav:DatabasePath override is active — using /tmp/mozgoslav-api-90bfd55eaf5248dcb26566f24828c4fb.db instead of canonical /home/coder/.config/Mozgoslav/mozgoslav.db
[15:10:01 INF] EF Core migrations applied
[15:10:01 INF] Seeded 3 built-in profiles
[15:10:01 INF] Populated default settings on first run
[15:10:01 INF] Settings ready: language=ru, vault=&lt;not set&gt;
[15:10:01 INF] RAG index loaded: 0 chunk(s)
[15:10:01 INF] Initialized Scheduler Signaller of type: Quartz.Core.SchedulerSignalerImpl
[15:10:01 INF] Quartz Scheduler created
[15:10:02 INF] JobFactory set to: Quartz.Simpl.MicrosoftDependencyInjectionJobFactory
[15:10:02 INF] RAMJobStore initialized.
[15:10:02 INF] Quartz Scheduler 3.18.0.0 - 'QuartzScheduler' with instanceId 'NON_CLUSTERED' initialized
[15:10:02 INF] Using thread pool 'Quartz.Simpl.DefaultThreadPool', size: 10
[15:10:02 INF] Using job store 'Quartz.Simpl.RAMJobStore', supports persistence: False, clustered: False
[15:10:02 INF] Adding 1 jobs, 0 triggers.
[15:10:02 INF] Adding job: mozgoslav.processing.process-recording-template
[15:10:02 INF] Syncthing disabled — skipping versioning verifier
[15:10:02 INF] Syncthing binary not found on this host — lifecycle service is a no-op. Set Mozgoslav:SyncthingBinaryPath or SYNCTHING_BINARY to enable.
[15:10:02 INF] Now listening on: http://127.0.0.1:5050
[15:10:02 INF] Application started. Press Ctrl+C to shut down.
[15:10:02 INF] Hosting environment: IntegrationTest
[15:10:02 INF] Content root path: /home/coder/workspace/mozgoslav/backend/src/Mozgoslav.Api
[15:10:02 INF] Scheduler QuartzScheduler_$_NON_CLUSTERED started.
[15:10:02 INF] Application is shutting down...
[15:10:02 INF] Scheduler QuartzScheduler_$_NON_CLUSTERED shutting down.
[15:10:02 INF] Scheduler QuartzScheduler_$_NON_CLUSTERED paused.
[15:10:02 INF] Scheduler QuartzScheduler_$_NON_CLUSTERED Shutdown complete.</StdOut>
      </Output>
    </UnitTestResult>
    <UnitTestResult executionId="f0ae2c9d-088f-4675-a258-ef1b8437926f" testId="104506cd-584f-834c-b466-2bb694f04cd7" testName="TryGetDefaultAsync_WhenDefaultSeeded_ReturnsIt" computerName="coder-07bfbed8-dfce-4129-8ab7-27d68922a8db-6d45c454c7-wh95m" duration="00:00:00.4342139" startTime="2026-04-27T15:10:02.1517797+00:00" endTime="2026-04-27T15:10:02.5860776+00:00" testType="13cdc9d9-ddb5-4fa4-a97d-d965ccfc6d4b" outcome="Passed" testListId="8c84fa94-04c1-424b-9868-57a2d4851a1d" relativeResultsDirectory="f0ae2c9d-088f-4675-a258-ef1b8437926f" />
    <UnitTestResult executionId="ba8dcd67-8936-42de-a196-466ac4d5fabb" testId="1cecc2b4-ff74-8a5b-a8e2-ff42c3ea8064" testName="ProcessAsync_JsonWithMarkdownFence_StripsAndParses" computerName="coder-07bfbed8-dfce-4129-8ab7-27d68922a8db-6d45c454c7-wh95m" duration="00:00:00.0181468" startTime="2026-04-27T15:10:01.6524233+00:00" endTime="2026-04-27T15:10:01.6706765+00:00" testType="13cdc9d9-ddb5-4fa4-a97d-d965ccfc6d4b" outcome="Passed" testListId="8c84fa94-04c1-424b-9868-57a2d4851a1d" relativeResultsDirectory="ba8dcd67-8936-42de-a196-466ac4d5fabb" />
    <UnitTestResult executionId="e252f84b-00cd-4d34-901c-85c97ba02726" testId="10774757-9712-86df-9c95-6dea4b2f1b78" testName="AddAsync_ThenGetById_ReturnsPersistedRecording" computerName="coder-07bfbed8-dfce-4129-8ab7-27d68922a8db-6d45c454c7-wh95m" duration="00:00:02.1246349" startTime="2026-04-27T15:09:59.6585136+00:00" endTime="2026-04-27T15:10:01.7832851+00:00" testType="13cdc9d9-ddb5-4fa4-a97d-d965ccfc6d4b" outcome="Passed" testListId="8c84fa94-04c1-424b-9868-57a2d4851a1d" relativeResultsDirectory="e252f84b-00cd-4d34-901c-85c97ba02726" />
    <UnitTestResult executionId="ae15612d-8a18-44e8-b895-ce052121676e" testId="11f26bae-fedf-89b8-934c-16a9ab43bb84" testName="IsReachableAsync_Returns401_ReturnsFalse" computerName="coder-07bfbed8-dfce-4129-8ab7-27d68922a8db-6d45c454c7-wh95m" duration="00:00:00.0270386" startTime="2026-04-27T15:10:02.4455984+00:00" endTime="2026-04-27T15:10:02.4727157+00:00" testType="13cdc9d9-ddb5-4fa4-a97d-d965ccfc6d4b" outcome="Passed" testListId="8c84fa94-04c1-424b-9868-57a2d4851a1d" relativeResultsDirectory="ae15612d-8a18-44e8-b895-ce052121676e" />
    <UnitTestResult executionId="bea9b8c2-73d8-4d15-adfb-fad9946d93b1" testId="12351cd3-cca5-89c0-8818-0b0c3c34f141" testName="SaveAsync_UpdatesInMemorySnapshot" computerName="coder-07bfbed8-dfce-4129-8ab7-27d68922a8db-6d45c454c7-wh95m" duration="00:00:00.3777098" startTime="2026-04-27T15:10:02.0664497+00:00" endTime="2026-04-27T15:10:02.4442418+00:00" testType="13cdc9d9-ddb5-4fa4-a97d-d965ccfc6d4b" outcome="Passed" testListId="8c84fa94-04c1-424b-9868-57a2d4851a1d" relativeResultsDirectory="bea9b8c2-73d8-4d15-adfb-fad9946d93b1" />
    <UnitTestResult executionId="72f3da51-e260-4739-b9ee-c951581547c6" testId="1fefe3c9-1dc9-8586-9d3c-00858c1dcb14" testName="PostDevicesChanged_WithValidPayload_CallsNotifierPublish" computerName="coder-07bfbed8-dfce-4129-8ab7-27d68922a8db-6d45c454c7-wh95m" duration="00:00:02.8220663" startTime="2026-04-27T15:09:59.5340124+00:00" endTime="2026-04-27T15:10:02.3822459+00:00" testType="13cdc9d9-ddb5-4fa4-a97d-d965ccfc6d4b" outcome="Passed" testListId="8c84fa94-04c1-424b-9868-57a2d4851a1d" relativeResultsDirectory="72f3da51-e260-4739-b9ee-c951581547c6">
      <Output>
        <StdOut>[15:10:00 WRN] Mozgoslav:DatabasePath override is active — using /tmp/mozgoslav-devices-78b8da9730d14403a5a3f143cb1a8ec3.db instead of canonical /home/coder/.config/Mozgoslav/mozgoslav.db
[15:10:01 INF] EF Core migrations applied
[15:10:01 INF] Seeded 3 built-in profiles
[15:10:01 INF] Populated default settings on first run
[15:10:01 INF] Settings ready: language=ru, vault=&lt;not set&gt;
[15:10:01 INF] RAG index loaded: 0 chunk(s)
[15:10:01 INF] Initialized Scheduler Signaller of type: Quartz.Core.SchedulerSignalerImpl
[15:10:01 INF] Quartz Scheduler created
[15:10:02 INF] JobFactory set to: Quartz.Simpl.MicrosoftDependencyInjectionJobFactory
[15:10:02 INF] RAMJobStore initialized.
[15:10:02 INF] Quartz Scheduler 3.18.0.0 - 'QuartzScheduler' with instanceId 'NON_CLUSTERED' initialized
[15:10:02 INF] Using thread pool 'Quartz.Simpl.DefaultThreadPool', size: 10
[15:10:02 INF] Using job store 'Quartz.Simpl.RAMJobStore', supports persistence: False, clustered: False
[15:10:02 INF] Adding 1 jobs, 0 triggers.
[15:10:02 INF] Adding job: mozgoslav.processing.process-recording-template
[15:10:02 INF] Syncthing binary not found on this host — lifecycle service is a no-op. Set Mozgoslav:SyncthingBinaryPath or SYNCTHING_BINARY to enable.
[15:10:02 INF] Syncthing disabled — skipping versioning verifier
[15:10:02 INF] Now listening on: http://127.0.0.1:5050
[15:10:02 INF] Application started. Press Ctrl+C to shut down.
[15:10:02 INF] Hosting environment: IntegrationTest
[15:10:02 INF] Content root path: /home/coder/workspace/mozgoslav/backend/src/Mozgoslav.Api
[15:10:02 INF] Scheduler QuartzScheduler_$_NON_CLUSTERED started.
[15:10:02 INF] Application is shutting down...
[15:10:02 INF] Scheduler QuartzScheduler_$_NON_CLUSTERED shutting down.
[15:10:02 INF] Scheduler QuartzScheduler_$_NON_CLUSTERED paused.
[15:10:02 INF] Scheduler QuartzScheduler_$_NON_CLUSTERED Shutdown complete.</StdOut>
      </Output>
    </UnitTestResult>
    <UnitTestResult executionId="f893e9d8-aedb-4baf-888c-e3e06b9f4a31" testId="1eaac23e-3e03-80b6-8e58-9450ff35d6c9" testName="All_ExactlyOneIsDefault" computerName="coder-07bfbed8-dfce-4129-8ab7-27d68922a8db-6d45c454c7-wh95m" duration="00:00:00.0014978" startTime="2026-04-27T15:09:59.6392162+00:00" endTime="2026-04-27T15:09:59.6409535+00:00" testType="13cdc9d9-ddb5-4fa4-a97d-d965ccfc6d4b" outcome="Passed" testListId="8c84fa94-04c1-424b-9868-57a2d4851a1d" relativeResultsDirectory="f893e9d8-aedb-4baf-888c-e3e06b9f4a31" />
    <UnitTestResult executionId="790bf7f2-aa4d-4861-a766-8221b959cb73" testId="118816a4-5cc6-8de4-86f2-e6ef056f1ca9" testName="AddAsync_SameIdTwice_IsIdempotent" computerName="coder-07bfbed8-dfce-4129-8ab7-27d68922a8db-6d45c454c7-wh95m" duration="00:00:00.3241754" startTime="2026-04-27T15:10:01.8267146+00:00" endTime="2026-04-27T15:10:02.1509804+00:00" testType="13cdc9d9-ddb5-4fa4-a97d-d965ccfc6d4b" outcome="Passed" testListId="8c84fa94-04c1-424b-9868-57a2d4851a1d" relativeResultsDirectory="790bf7f2-aa4d-4861-a766-8221b959cb73" />
    <UnitTestResult executionId="1a1840f8-472c-4179-8d23-4dcb28cb9530" testId="11931814-9897-8383-a4e1-1ee2aa2e045b" testName="Search_Returns_TopK_Ordered_By_Cosine" computerName="coder-07bfbed8-dfce-4129-8ab7-27d68922a8db-6d45c454c7-wh95m" duration="00:00:00.2607890" startTime="2026-04-27T15:10:03.2957321+00:00" endTime="2026-04-27T15:10:03.5566225+00:00" testType="13cdc9d9-ddb5-4fa4-a97d-d965ccfc6d4b" outcome="Passed" testListId="8c84fa94-04c1-424b-9868-57a2d4851a1d" relativeResultsDirectory="1a1840f8-472c-4179-8d23-4dcb28cb9530" />
    <UnitTestResult executionId="9ebc2070-8af1-4b37-b205-2c671037c977" testId="1cf7d6af-a765-807f-81e6-11ada8e3594a" testName="EmbedAsync_DimensionDrift_AfterFirstCall_IsIgnored" computerName="coder-07bfbed8-dfce-4129-8ab7-27d68922a8db-6d45c454c7-wh95m" duration="00:00:00.0383344" startTime="2026-04-27T15:10:02.4310803+00:00" endTime="2026-04-27T15:10:02.4695491+00:00" testType="13cdc9d9-ddb5-4fa4-a97d-d965ccfc6d4b" outcome="Passed" testListId="8c84fa94-04c1-424b-9868-57a2d4851a1d" relativeResultsDirectory="9ebc2070-8af1-4b37-b205-2c671037c977" />
    <UnitTestResult executionId="45bc112e-0c8e-49e2-ae08-e87ce8a93b6d" testId="1aa1a11f-45bc-885f-ab94-6fc9aaa64592" testName="GenderAsync_When200_ReturnsTypedResult" computerName="coder-07bfbed8-dfce-4129-8ab7-27d68922a8db-6d45c454c7-wh95m" duration="00:00:00.0376942" startTime="2026-04-27T15:10:02.3392030+00:00" endTime="2026-04-27T15:10:02.3769797+00:00" testType="13cdc9d9-ddb5-4fa4-a97d-d965ccfc6d4b" outcome="Passed" testListId="8c84fa94-04c1-424b-9868-57a2d4851a1d" relativeResultsDirectory="45bc112e-0c8e-49e2-ae08-e87ce8a93b6d" />
    <UnitTestResult executionId="4debb14e-7754-4926-bc64-12319f4fd36b" testId="165ddc25-950a-8d20-a911-3d9ff4f53d22" testName="Persistence_SurvivesInstanceReopen" computerName="coder-07bfbed8-dfce-4129-8ab7-27d68922a8db-6d45c454c7-wh95m" duration="00:00:00.1319690" startTime="2026-04-27T15:10:03.8598227+00:00" endTime="2026-04-27T15:10:03.9919170+00:00" testType="13cdc9d9-ddb5-4fa4-a97d-d965ccfc6d4b" outcome="Passed" testListId="8c84fa94-04c1-424b-9868-57a2d4851a1d" relativeResultsDirectory="4debb14e-7754-4926-bc64-12319f4fd36b" />
    <UnitTestResult executionId="94cb292d-8fd4-4e45-bbbe-b9c470a7d3d5" testId="1c9da413-d6b5-8d5e-ae52-45bddb4eac6e" testName="AddAsync_SerializesSegmentsAsJson" computerName="coder-07bfbed8-dfce-4129-8ab7-27d68922a8db-6d45c454c7-wh95m" duration="00:00:02.0492251" startTime="2026-04-27T15:09:59.7112985+00:00" endTime="2026-04-27T15:10:01.7607066+00:00" testType="13cdc9d9-ddb5-4fa4-a97d-d965ccfc6d4b" outcome="Passed" testListId="8c84fa94-04c1-424b-9868-57a2d4851a1d" relativeResultsDirectory="94cb292d-8fd4-4e45-bbbe-b9c470a7d3d5" />
    <UnitTestResult executionId="4cb96d98-b100-4379-9171-08f75c06ec32" testId="13f48832-f80f-89aa-b116-0e1eed4969af" testName="DiarizeAsync_WhenSidecarDown_PropagatesHttpRequestException" computerName="coder-07bfbed8-dfce-4129-8ab7-27d68922a8db-6d45c454c7-wh95m" duration="00:00:00.0065714" startTime="2026-04-27T15:10:02.3775341+00:00" endTime="2026-04-27T15:10:02.3841731+00:00" testType="13cdc9d9-ddb5-4fa4-a97d-d965ccfc6d4b" outcome="Passed" testListId="8c84fa94-04c1-424b-9868-57a2d4851a1d" relativeResultsDirectory="4cb96d98-b100-4379-9171-08f75c06ec32" />
    <UnitTestResult executionId="4bba38fc-021a-4635-af2e-37a9c80738bd" testId="17a33d92-447e-8df1-a85b-a8acc7617a05" testName="OpenNoteAsync_PostsEscapedPath" computerName="coder-07bfbed8-dfce-4129-8ab7-27d68922a8db-6d45c454c7-wh95m" duration="00:00:00.0103419" startTime="2026-04-27T15:10:02.4871699+00:00" endTime="2026-04-27T15:10:02.4975984+00:00" testType="13cdc9d9-ddb5-4fa4-a97d-d965ccfc6d4b" outcome="Passed" testListId="8c84fa94-04c1-424b-9868-57a2d4851a1d" relativeResultsDirectory="4bba38fc-021a-4635-af2e-37a9c80738bd" />
    <UnitTestResult executionId="01dbdf6f-fc02-47e9-a674-92b85e6f6b3d" testId="1b4fc556-1c6c-8cd3-8d5a-8de679281f86" testName="ProcessAsync_NonJsonContent_FallsBackToRawSummary" computerName="coder-07bfbed8-dfce-4129-8ab7-27d68922a8db-6d45c454c7-wh95m" duration="00:00:00.0617450" startTime="2026-04-27T15:10:01.6724236+00:00" endTime="2026-04-27T15:10:01.7342915+00:00" testType="13cdc9d9-ddb5-4fa4-a97d-d965ccfc6d4b" outcome="Passed" testListId="8c84fa94-04c1-424b-9868-57a2d4851a1d" relativeResultsDirectory="01dbdf6f-fc02-47e9-a674-92b85e6f6b3d" />
    <UnitTestResult executionId="8021b7e3-7828-4e4b-b807-b34f263c06cf" testId="1d18b68c-ae8a-8ffc-af06-55b5ad4cf00a" testName="Metrics_ExposesMozgoslavCustomCounters_AfterActivity" computerName="coder-07bfbed8-dfce-4129-8ab7-27d68922a8db-6d45c454c7-wh95m" duration="00:00:00.6601553" startTime="2026-04-27T15:10:02.4382816+00:00" endTime="2026-04-27T15:10:03.0985666+00:00" testType="13cdc9d9-ddb5-4fa4-a97d-d965ccfc6d4b" outcome="Passed" testListId="8c84fa94-04c1-424b-9868-57a2d4851a1d" relativeResultsDirectory="8021b7e3-7828-4e4b-b807-b34f263c06cf">
      <Output>
        <StdOut>[15:10:02 WRN] Mozgoslav:DatabasePath override is active — using /tmp/mozgoslav-api-7d57645b23f74408970a466ccc7dcb72.db instead of canonical /home/coder/.config/Mozgoslav/mozgoslav.db
[15:10:02 INF] EF Core migrations applied
[15:10:03 INF] Seeded 3 built-in profiles
[15:10:03 INF] Populated default settings on first run
[15:10:03 INF] Settings ready: language=ru, vault=&lt;not set&gt;
[15:10:03 INF] RAG index loaded: 0 chunk(s)
[15:10:03 INF] Initialized Scheduler Signaller of type: Quartz.Core.SchedulerSignalerImpl
[15:10:03 INF] Quartz Scheduler created
[15:10:03 INF] JobFactory set to: Quartz.Simpl.MicrosoftDependencyInjectionJobFactory
[15:10:03 INF] RAMJobStore initialized.
[15:10:03 INF] Quartz Scheduler 3.18.0.0 - 'QuartzScheduler' with instanceId 'NON_CLUSTERED' initialized
[15:10:03 INF] Using thread pool 'Quartz.Simpl.DefaultThreadPool', size: 10
[15:10:03 INF] Using job store 'Quartz.Simpl.RAMJobStore', supports persistence: False, clustered: False
[15:10:03 INF] Adding 1 jobs, 0 triggers.
[15:10:03 INF] Adding job: mozgoslav.processing.process-recording-template
[15:10:03 INF] Syncthing disabled — skipping versioning verifier
[15:10:03 INF] Syncthing binary not found on this host — lifecycle service is a no-op. Set Mozgoslav:SyncthingBinaryPath or SYNCTHING_BINARY to enable.
[15:10:03 INF] Now listening on: http://127.0.0.1:5050
[15:10:03 INF] Application started. Press Ctrl+C to shut down.
[15:10:03 INF] Hosting environment: IntegrationTest
[15:10:03 INF] Content root path: /home/coder/workspace/mozgoslav/backend/src/Mozgoslav.Api
[15:10:03 INF] Scheduler QuartzScheduler_$_NON_CLUSTERED started.
[15:10:03 INF] Application is shutting down...
[15:10:03 INF] Scheduler QuartzScheduler_$_NON_CLUSTERED shutting down.
[15:10:03 INF] Scheduler QuartzScheduler_$_NON_CLUSTERED paused.
[15:10:03 INF] Scheduler QuartzScheduler_$_NON_CLUSTERED Shutdown complete.</StdOut>
      </Output>
    </UnitTestResult>
    <UnitTestResult executionId="6f62446b-ce7d-4080-a0c6-476941b0f9ed" testId="1cd1193a-d8e4-8be6-aeb3-5599ff6c31a3" testName="SetCancelRequestedAsync_PersistsFlagAndPublishesToNotifier" computerName="coder-07bfbed8-dfce-4129-8ab7-27d68922a8db-6d45c454c7-wh95m" duration="00:00:00.3600569" startTime="2026-04-27T15:10:02.6889501+00:00" endTime="2026-04-27T15:10:03.0490842+00:00" testType="13cdc9d9-ddb5-4fa4-a97d-d965ccfc6d4b" outcome="Passed" testListId="8c84fa94-04c1-424b-9868-57a2d4851a1d" relativeResultsDirectory="6f62446b-ce7d-4080-a0c6-476941b0f9ed" />
    <UnitTestResult executionId="bab9b21e-c516-4bd8-890b-001f0dbab333" testId="120939ec-1a3c-8acb-8cd1-1666c30cd5ed" testName="ReplaceConfigAsync_Put_SystemConfig_BodyForwardedVerbatim" computerName="coder-07bfbed8-dfce-4129-8ab7-27d68922a8db-6d45c454c7-wh95m" duration="00:00:00.0432574" startTime="2026-04-27T15:10:02.1571655+00:00" endTime="2026-04-27T15:10:02.2005180+00:00" testType="13cdc9d9-ddb5-4fa4-a97d-d965ccfc6d4b" outcome="Passed" testListId="8c84fa94-04c1-424b-9868-57a2d4851a1d" relativeResultsDirectory="bab9b21e-c516-4bd8-890b-001f0dbab333" />
    <UnitTestResult executionId="8b1b453f-a881-496c-bf1c-dc86b137276a" testId="15f2a39d-a98c-87a1-8714-defd13580240" testName="EmbedAsync_WhenSidecarReturns500_FallsBackToInnerEmbedding" computerName="coder-07bfbed8-dfce-4129-8ab7-27d68922a8db-6d45c454c7-wh95m" duration="00:00:00.0137498" startTime="2026-04-27T15:10:02.3727754+00:00" endTime="2026-04-27T15:10:02.3865998+00:00" testType="13cdc9d9-ddb5-4fa4-a97d-d965ccfc6d4b" outcome="Passed" testListId="8c84fa94-04c1-424b-9868-57a2d4851a1d" relativeResultsDirectory="8b1b453f-a881-496c-bf1c-dc86b137276a" />
    <UnitTestResult executionId="66ee7168-7cf1-4f85-8685-4c64c87b623a" testId="1354b816-5a81-89ac-bd50-4ab8aa453740" testName="Kind_IsOllama" computerName="coder-07bfbed8-dfce-4129-8ab7-27d68922a8db-6d45c454c7-wh95m" duration="00:00:00.3137441" startTime="2026-04-27T15:09:59.5463479+00:00" endTime="2026-04-27T15:09:59.8737895+00:00" testType="13cdc9d9-ddb5-4fa4-a97d-d965ccfc6d4b" outcome="Passed" testListId="8c84fa94-04c1-424b-9868-57a2d4851a1d" relativeResultsDirectory="66ee7168-7cf1-4f85-8685-4c64c87b623a" />
    <UnitTestResult executionId="7db02e35-1514-4145-884c-682dd7d6975a" testId="1f5576fd-2732-8fd7-b055-58e9fc1e0465" testName="RemoveByNote_DeletesAllChunksForThatNote" computerName="coder-07bfbed8-dfce-4129-8ab7-27d68922a8db-6d45c454c7-wh95m" duration="00:00:00.3210509" startTime="2026-04-27T15:10:02.9739222+00:00" endTime="2026-04-27T15:10:03.2950809+00:00" testType="13cdc9d9-ddb5-4fa4-a97d-d965ccfc6d4b" outcome="Passed" testListId="8c84fa94-04c1-424b-9868-57a2d4851a1d" relativeResultsDirectory="7db02e35-1514-4145-884c-682dd7d6975a" />
    <UnitTestResult executionId="0b680636-840c-40b6-8cca-8cfbfe944994" testId="1a8fbfce-f3de-886f-9243-e78cbe10765f" testName="ProcessedNote_TagsMutation_IsPersisted" computerName="coder-07bfbed8-dfce-4129-8ab7-27d68922a8db-6d45c454c7-wh95m" duration="00:00:00.3661138" startTime="2026-04-27T15:10:01.8301363+00:00" endTime="2026-04-27T15:10:02.1963366+00:00" testType="13cdc9d9-ddb5-4fa4-a97d-d965ccfc6d4b" outcome="Passed" testListId="8c84fa94-04c1-424b-9868-57a2d4851a1d" relativeResultsDirectory="0b680636-840c-40b6-8cca-8cfbfe944994" />
    <UnitTestResult executionId="5fe8feac-277e-43d5-ac32-e9a0c5e169e6" testId="112dc9dd-6b42-8861-ad68-80b18b90734e" testName="ProcessAsync_UnknownConversationType_FallsBackToOther" computerName="coder-07bfbed8-dfce-4129-8ab7-27d68922a8db-6d45c454c7-wh95m" duration="00:00:00.0391316" startTime="2026-04-27T15:10:01.7837949+00:00" endTime="2026-04-27T15:10:01.8230429+00:00" testType="13cdc9d9-ddb5-4fa4-a97d-d965ccfc6d4b" outcome="Passed" testListId="8c84fa94-04c1-424b-9868-57a2d4851a1d" relativeResultsDirectory="5fe8feac-277e-43d5-ac32-e9a0c5e169e6" />
    <UnitTestResult executionId="cad35f85-94fb-4874-b681-3fba9bd7891d" testId="161dcbdc-971e-88fa-b7f2-46a4d802b00a" testName="IsAvailableAsync_ServerReturns500_ReturnsFalse" computerName="coder-07bfbed8-dfce-4129-8ab7-27d68922a8db-6d45c454c7-wh95m" duration="00:00:00.0439875" startTime="2026-04-27T15:10:01.1287547+00:00" endTime="2026-04-27T15:10:01.1728455+00:00" testType="13cdc9d9-ddb5-4fa4-a97d-d965ccfc6d4b" outcome="Passed" testListId="8c84fa94-04c1-424b-9868-57a2d4851a1d" relativeResultsDirectory="cad35f85-94fb-4874-b681-3fba9bd7891d" />
    <UnitTestResult executionId="6d26e55d-34b0-430a-b494-90779e6f44e6" testId="1441c844-7245-8fbb-a7e4-a858ad8df61b" testName="GetActiveAsync_ExcludesTerminalStatuses" computerName="coder-07bfbed8-dfce-4129-8ab7-27d68922a8db-6d45c454c7-wh95m" duration="00:00:00.4376395" startTime="2026-04-27T15:10:01.7623119+00:00" endTime="2026-04-27T15:10:02.2000490+00:00" testType="13cdc9d9-ddb5-4fa4-a97d-d965ccfc6d4b" outcome="Passed" testListId="8c84fa94-04c1-424b-9868-57a2d4851a1d" relativeResultsDirectory="6d26e55d-34b0-430a-b494-90779e6f44e6" />
    <UnitTestResult executionId="0bf9fe29-c4d1-41ab-9139-28238019aec1" testId="112829e5-bf93-8602-b9a7-e196116440df" testName="SaveAsync_Roundtrips_AllFields_IncludingSecrets" computerName="coder-07bfbed8-dfce-4129-8ab7-27d68922a8db-6d45c454c7-wh95m" duration="00:00:00.3239971" startTime="2026-04-27T15:10:01.7417557+00:00" endTime="2026-04-27T15:10:02.0658371+00:00" testType="13cdc9d9-ddb5-4fa4-a97d-d965ccfc6d4b" outcome="Passed" testListId="8c84fa94-04c1-424b-9868-57a2d4851a1d" relativeResultsDirectory="0bf9fe29-c4d1-41ab-9139-28238019aec1" />
    <UnitTestResult executionId="1a9d237f-b947-40dd-94b8-0fa963b688cb" testId="1e3e764a-47a3-83f2-ba07-c483527f3586" testName="Chat_NoServer_ReturnsEmpty" computerName="coder-07bfbed8-dfce-4129-8ab7-27d68922a8db-6d45c454c7-wh95m" duration="00:00:00.0116866" startTime="2026-04-27T15:10:01.1665249+00:00" endTime="2026-04-27T15:10:01.1782969+00:00" testType="13cdc9d9-ddb5-4fa4-a97d-d965ccfc6d4b" outcome="Passed" testListId="8c84fa94-04c1-424b-9868-57a2d4851a1d" relativeResultsDirectory="1a9d237f-b947-40dd-94b8-0fa963b688cb" />
    <UnitTestResult executionId="1124508a-95b5-4d2d-af92-5592ead4304a" testId="1ed31eff-6265-8940-ab42-3a339957337c" testName="SeededBuiltInProfiles_EmittedExactlyOnce" computerName="coder-07bfbed8-dfce-4129-8ab7-27d68922a8db-6d45c454c7-wh95m" duration="00:00:00.6206697" startTime="2026-04-27T15:10:02.2638062+00:00" endTime="2026-04-27T15:10:02.8845897+00:00" testType="13cdc9d9-ddb5-4fa4-a97d-d965ccfc6d4b" outcome="Passed" testListId="8c84fa94-04c1-424b-9868-57a2d4851a1d" relativeResultsDirectory="1124508a-95b5-4d2d-af92-5592ead4304a">
      <Output>
        <StdOut>[15:10:02 INF] Using database at /home/coder/.config/Mozgoslav/mozgoslav.db
[15:10:02 INF] Initialized Scheduler Signaller of type: Quartz.Core.SchedulerSignalerImpl
[15:10:02 INF] Quartz Scheduler created
[15:10:02 INF] JobFactory set to: Quartz.Simpl.MicrosoftDependencyInjectionJobFactory
[15:10:02 INF] RAMJobStore initialized.
[15:10:02 INF] Quartz Scheduler 3.18.0.0 - 'QuartzScheduler' with instanceId 'NON_CLUSTERED' initialized
[15:10:02 INF] Using thread pool 'Quartz.Simpl.DefaultThreadPool', size: 10
[15:10:02 INF] Using job store 'Quartz.Simpl.RAMJobStore', supports persistence: False, clustered: False
[15:10:02 INF] Adding 1 jobs, 0 triggers.
[15:10:02 INF] Adding job: mozgoslav.processing.process-recording-template
[15:10:02 INF] Syncthing disabled — skipping versioning verifier
[15:10:02 INF] Syncthing binary not found on this host — lifecycle service is a no-op. Set Mozgoslav:SyncthingBinaryPath or SYNCTHING_BINARY to enable.
[15:10:02 INF] Now listening on: http://127.0.0.1:5050
[15:10:02 INF] Application started. Press Ctrl+C to shut down.
[15:10:02 INF] Hosting environment: IntegrationTest
[15:10:02 INF] Content root path: /home/coder/workspace/mozgoslav/backend/src/Mozgoslav.Api
[15:10:02 INF] Scheduler QuartzScheduler_$_NON_CLUSTERED started.
[15:10:02 INF] Application is shutting down...
[15:10:02 INF] Scheduler QuartzScheduler_$_NON_CLUSTERED shutting down.
[15:10:02 INF] Scheduler QuartzScheduler_$_NON_CLUSTERED paused.
[15:10:02 INF] Scheduler QuartzScheduler_$_NON_CLUSTERED Shutdown complete.</StdOut>
      </Output>
    </UnitTestResult>
    <UnitTestResult executionId="8d34d7fe-6369-4a03-b320-d2a6134896f2" testId="1e361391-cda2-85d2-93d0-ba3b62fd335a" testName="Metrics_ReturnsOk_AndExposesAspNetCoreCounters" computerName="coder-07bfbed8-dfce-4129-8ab7-27d68922a8db-6d45c454c7-wh95m" duration="00:00:02.8757163" startTime="2026-04-27T15:09:59.5332610+00:00" endTime="2026-04-27T15:10:02.4358266+00:00" testType="13cdc9d9-ddb5-4fa4-a97d-d965ccfc6d4b" outcome="Passed" testListId="8c84fa94-04c1-424b-9868-57a2d4851a1d" relativeResultsDirectory="8d34d7fe-6369-4a03-b320-d2a6134896f2">
      <Output>
        <StdOut>[15:10:00 WRN] Mozgoslav:DatabasePath override is active — using /tmp/mozgoslav-api-f9d204753f7e434982b2a81a47108145.db instead of canonical /home/coder/.config/Mozgoslav/mozgoslav.db
[15:10:01 INF] EF Core migrations applied
[15:10:01 INF] Seeded 3 built-in profiles
[15:10:01 INF] Populated default settings on first run
[15:10:01 INF] Settings ready: language=ru, vault=&lt;not set&gt;
[15:10:01 INF] RAG index loaded: 0 chunk(s)
[15:10:01 INF] Initialized Scheduler Signaller of type: Quartz.Core.SchedulerSignalerImpl
[15:10:01 INF] Quartz Scheduler created
[15:10:02 INF] JobFactory set to: Quartz.Simpl.MicrosoftDependencyInjectionJobFactory
[15:10:02 INF] RAMJobStore initialized.
[15:10:02 INF] Quartz Scheduler 3.18.0.0 - 'QuartzScheduler' with instanceId 'NON_CLUSTERED' initialized
[15:10:02 INF] Using thread pool 'Quartz.Simpl.DefaultThreadPool', size: 10
[15:10:02 INF] Using job store 'Quartz.Simpl.RAMJobStore', supports persistence: False, clustered: False
[15:10:02 INF] Adding 1 jobs, 0 triggers.
[15:10:02 INF] Adding job: mozgoslav.processing.process-recording-template
[15:10:02 INF] Syncthing disabled — skipping versioning verifier
[15:10:02 INF] Syncthing binary not found on this host — lifecycle service is a no-op. Set Mozgoslav:SyncthingBinaryPath or SYNCTHING_BINARY to enable.
[15:10:02 INF] Now listening on: http://127.0.0.1:5050
[15:10:02 INF] Application started. Press Ctrl+C to shut down.
[15:10:02 INF] Hosting environment: IntegrationTest
[15:10:02 INF] Content root path: /home/coder/workspace/mozgoslav/backend/src/Mozgoslav.Api
[15:10:02 INF] Scheduler QuartzScheduler_$_NON_CLUSTERED started.
[15:10:02 INF] Application is shutting down...
[15:10:02 INF] Scheduler QuartzScheduler_$_NON_CLUSTERED shutting down.
[15:10:02 INF] Scheduler QuartzScheduler_$_NON_CLUSTERED paused.
[15:10:02 INF] Scheduler QuartzScheduler_$_NON_CLUSTERED Shutdown complete.</StdOut>
      </Output>
    </UnitTestResult>
    <UnitTestResult executionId="0620020c-e8e4-4c32-962d-693c1da0dfb6" testId="1a5d1b36-666c-8e13-8219-69b4c039bb7a" testName="All_HaveStableIds" computerName="coder-07bfbed8-dfce-4129-8ab7-27d68922a8db-6d45c454c7-wh95m" duration="00:00:00.0008323" startTime="2026-04-27T15:09:59.6571368+00:00" endTime="2026-04-27T15:09:59.6580306+00:00" testType="13cdc9d9-ddb5-4fa4-a97d-d965ccfc6d4b" outcome="Passed" testListId="8c84fa94-04c1-424b-9868-57a2d4851a1d" relativeResultsDirectory="0620020c-e8e4-4c32-962d-693c1da0dfb6" />
    <UnitTestResult executionId="e4dbe013-7480-4be9-84f5-9790238da1b8" testId="14af4d10-e073-82d9-842c-0acc03f1a647" testName="ProcessedNoteSaved_WithObsidianEnabled_WritesNoteToVaultAndUpdatesFlag" computerName="coder-07bfbed8-dfce-4129-8ab7-27d68922a8db-6d45c454c7-wh95m" duration="00:00:00.9433427" startTime="2026-04-27T15:10:02.3843904+00:00" endTime="2026-04-27T15:10:03.3279133+00:00" testType="13cdc9d9-ddb5-4fa4-a97d-d965ccfc6d4b" outcome="Passed" testListId="8c84fa94-04c1-424b-9868-57a2d4851a1d" relativeResultsDirectory="e4dbe013-7480-4be9-84f5-9790238da1b8">
      <Output>
        <StdOut>[15:10:02 WRN] Mozgoslav:DatabasePath override is active — using /tmp/mozgoslav-api-3ea11c76cfe5485f98c821c166699b89.db instead of canonical /home/coder/.config/Mozgoslav/mozgoslav.db
[15:10:02 INF] EF Core migrations applied
[15:10:03 INF] Seeded 3 built-in profiles
[15:10:03 INF] Populated default settings on first run
[15:10:03 INF] Settings ready: language=ru, vault=&lt;not set&gt;
[15:10:03 INF] RAG index loaded: 0 chunk(s)
[15:10:03 INF] Initialized Scheduler Signaller of type: Quartz.Core.SchedulerSignalerImpl
[15:10:03 INF] Quartz Scheduler created
[15:10:03 INF] JobFactory set to: Quartz.Simpl.MicrosoftDependencyInjectionJobFactory
[15:10:03 INF] RAMJobStore initialized.
[15:10:03 INF] Quartz Scheduler 3.18.0.0 - 'QuartzScheduler' with instanceId 'NON_CLUSTERED' initialized
[15:10:03 INF] Using thread pool 'Quartz.Simpl.DefaultThreadPool', size: 10
[15:10:03 INF] Using job store 'Quartz.Simpl.RAMJobStore', supports persistence: False, clustered: False
[15:10:03 INF] Adding 1 jobs, 0 triggers.
[15:10:03 INF] Adding job: mozgoslav.processing.process-recording-template
[15:10:03 INF] Syncthing disabled — skipping versioning verifier
[15:10:03 INF] Syncthing binary not found on this host — lifecycle service is a no-op. Set Mozgoslav:SyncthingBinaryPath or SYNCTHING_BINARY to enable.
[15:10:03 INF] Now listening on: http://127.0.0.1:5050
[15:10:03 INF] Application started. Press Ctrl+C to shut down.
[15:10:03 INF] Hosting environment: IntegrationTest
[15:10:03 INF] Content root path: /home/coder/workspace/mozgoslav/backend/src/Mozgoslav.Api
[15:10:03 INF] Scheduler QuartzScheduler_$_NON_CLUSTERED started.
[15:10:03 INF] Application is shutting down...
[15:10:03 INF] Scheduler QuartzScheduler_$_NON_CLUSTERED shutting down.
[15:10:03 INF] Scheduler QuartzScheduler_$_NON_CLUSTERED paused.
[15:10:03 INF] Scheduler QuartzScheduler_$_NON_CLUSTERED Shutdown complete.</StdOut>
      </Output>
    </UnitTestResult>
    <UnitTestResult executionId="cb0801bd-256a-437c-8727-2726e9e0d606" testId="1001adc9-ddc3-8601-aaf7-833ffaba49ce" testName="Ner_RealSidecar_ExtractsRussianEntities" computerName="coder-07bfbed8-dfce-4129-8ab7-27d68922a8db-6d45c454c7-wh95m" duration="00:00:00.0015715" startTime="2026-04-27T15:10:02.2194588+00:00" endTime="2026-04-27T15:11:47.2578210+00:00" testType="13cdc9d9-ddb5-4fa4-a97d-d965ccfc6d4b" outcome="NotExecuted" testListId="8c84fa94-04c1-424b-9868-57a2d4851a1d" relativeResultsDirectory="cb0801bd-256a-437c-8727-2726e9e0d606">
      <Output>
        <StdOut>[testcontainers.org 00:00:00.19] Connected to Docker:
  Host: tcp://127.0.0.1:2375/
  Server Version: 27.5.1
  Kernel Version: 5.15.0-161-generic
  API Version: 1.47
  Operating System: Alpine Linux v3.21 (containerized)
  Total Memory: 125.79 GB
[testcontainers.org 00:00:00.37] Pattern ^(.+)\/\.idea added to the regex cache
[testcontainers.org 00:00:00.37] Pattern ^([\\\/]?(\.idea\b|$)) added to the regex cache
[testcontainers.org 00:00:00.37] Pattern ^([\\\/]?((.+)\/\.vs\b|$)) added to the regex cache
[testcontainers.org 00:00:00.37] Pattern ^([\\\/]?(\.vs\b|$)) added to the regex cache
[testcontainers.org 00:00:00.37] Pattern ^([\\\/]?(\.dockerignore\b|$)) added to the regex cache
[testcontainers.org 00:00:00.37] Pattern ^([\\\/]?(Dockerfile\.test\b|$)) added to the regex cache
[testcontainers.org 00:01:44.81] ID=(null): The command '/bin/sh -c pip install --no-cache-dir --upgrade pip  &amp;&amp; pip install --no-cache-dir -r requirements-dev.txt' returned a non-zero code: 1</StdOut>
        <ErrorInfo>
          <Message>Initialization method Mozgoslav.Tests.Integration.Sidecar.SidecarContainerTests.SkipIfDockerMissing threw exception. Assert.Inconclusive failed. Docker is not available in this environment — skipping. Inner error: InvalidOperationException: Docker image mozgoslav-sidecar-test:latest has not been created..</Message>
          <StackTrace>   at Microsoft.VisualStudio.TestTools.UnitTesting.Assert.Inconclusive(String message) in /_/src/TestFramework/TestFramework/Assertions/Assert.Inconclusive.cs:line 27
   at Mozgoslav.Tests.Integration.Sidecar.SidecarContainerTests.SkipIfDockerMissing() in /home/coder/workspace/mozgoslav/backend/tests/Mozgoslav.Tests.Integration/Sidecar/SidecarContainerTests.cs:line 83
   at System.Reflection.MethodBaseInvoker.InterpretedInvoke_Method(Object obj, IntPtr* args)
   at System.Reflection.RuntimeMethodInfo.Invoke(Object obj, BindingFlags invokeAttr, Binder binder, Object[] parameters, CultureInfo culture)
</StackTrace>
        </ErrorInfo>
      </Output>
    </UnitTestResult>
    <UnitTestResult executionId="6dfb7a09-f54c-4742-9e6e-e6788af4d2e1" testId="1e298127-57e7-831b-9877-53d1c8fcac56" testName="GetAllAsync_ReturnsAllInsertedRecordings" computerName="coder-07bfbed8-dfce-4129-8ab7-27d68922a8db-6d45c454c7-wh95m" duration="00:00:00.3681551" startTime="2026-04-27T15:10:01.7856565+00:00" endTime="2026-04-27T15:10:02.1538932+00:00" testType="13cdc9d9-ddb5-4fa4-a97d-d965ccfc6d4b" outcome="Passed" testListId="8c84fa94-04c1-424b-9868-57a2d4851a1d" relativeResultsDirectory="6dfb7a09-f54c-4742-9e6e-e6788af4d2e1" />
    <UnitTestResult executionId="ea0d2b99-e942-46db-b989-0bd37fdf0546" testId="16577926-5bc3-822e-8d22-88ad4952f0c2" testName="All_AreMarkedBuiltIn" computerName="coder-07bfbed8-dfce-4129-8ab7-27d68922a8db-6d45c454c7-wh95m" duration="00:00:00.0054299" startTime="2026-04-27T15:09:59.6511088+00:00" endTime="2026-04-27T15:09:59.6566433+00:00" testType="13cdc9d9-ddb5-4fa4-a97d-d965ccfc6d4b" outcome="Passed" testListId="8c84fa94-04c1-424b-9868-57a2d4851a1d" relativeResultsDirectory="ea0d2b99-e942-46db-b989-0bd37fdf0546" />
    <UnitTestResult executionId="c57b5a46-3169-4d59-bc36-2005681e7786" testId="163679a0-c729-8e64-b343-4b515b4f7db0" testName="UpdateAsync_PersistsProgressAndHint" computerName="coder-07bfbed8-dfce-4129-8ab7-27d68922a8db-6d45c454c7-wh95m" duration="00:00:00.2935109" startTime="2026-04-27T15:10:03.0499770+00:00" endTime="2026-04-27T15:10:03.3436021+00:00" testType="13cdc9d9-ddb5-4fa4-a97d-d965ccfc6d4b" outcome="Passed" testListId="8c84fa94-04c1-424b-9868-57a2d4851a1d" relativeResultsDirectory="c57b5a46-3169-4d59-bc36-2005681e7786" />
    <UnitTestResult executionId="0ec4acbb-6a9e-4044-9fe7-1dbe7af82229" testId="1c388138-2995-8df7-9bd8-e83726e90c27" testName="Push_EmptySamples_Returns400" computerName="coder-07bfbed8-dfce-4129-8ab7-27d68922a8db-6d45c454c7-wh95m" duration="00:00:00.7009662" startTime="2026-04-27T15:10:02.3713183+00:00" endTime="2026-04-27T15:10:03.0724130+00:00" testType="13cdc9d9-ddb5-4fa4-a97d-d965ccfc6d4b" outcome="Passed" testListId="8c84fa94-04c1-424b-9868-57a2d4851a1d" relativeResultsDirectory="0ec4acbb-6a9e-4044-9fe7-1dbe7af82229">
      <Output>
        <StdOut>[15:10:02 WRN] Mozgoslav:DatabasePath override is active — using /tmp/mozgoslav-api-fb39455841ce4a39be66f4cb22c368e6.db instead of canonical /home/coder/.config/Mozgoslav/mozgoslav.db
[15:10:02 INF] EF Core migrations applied
[15:10:02 INF] Seeded 3 built-in profiles
[15:10:02 INF] Populated default settings on first run
[15:10:02 INF] Settings ready: language=ru, vault=&lt;not set&gt;
[15:10:02 INF] RAG index loaded: 0 chunk(s)
[15:10:02 INF] Adding 1 jobs, 0 triggers.
[15:10:02 INF] Adding job: mozgoslav.processing.process-recording-template
[15:10:03 INF] Syncthing disabled — skipping versioning verifier
[15:10:03 INF] Syncthing binary not found on this host — lifecycle service is a no-op. Set Mozgoslav:SyncthingBinaryPath or SYNCTHING_BINARY to enable.
[15:10:03 INF] Now listening on: http://127.0.0.1:5050
[15:10:03 INF] Application started. Press Ctrl+C to shut down.
[15:10:03 INF] Hosting environment: IntegrationTest
[15:10:03 INF] Content root path: /home/coder/workspace/mozgoslav/backend/src/Mozgoslav.Api
[15:10:03 INF] Application is shutting down...</StdOut>
      </Output>
    </UnitTestResult>
    <UnitTestResult executionId="a757279a-30ef-4a00-b427-1e48f0e219bf" testId="1a05284e-48aa-853d-9614-a6dcd58e6546" testName="GetActiveAsync_ExcludesCancelledJobs" computerName="coder-07bfbed8-dfce-4129-8ab7-27d68922a8db-6d45c454c7-wh95m" duration="00:00:00.4876537" startTime="2026-04-27T15:10:02.2006375+00:00" endTime="2026-04-27T15:10:02.6883729+00:00" testType="13cdc9d9-ddb5-4fa4-a97d-d965ccfc6d4b" outcome="Passed" testListId="8c84fa94-04c1-424b-9868-57a2d4851a1d" relativeResultsDirectory="a757279a-30ef-4a00-b427-1e48f0e219bf" />
    <UnitTestResult executionId="bed117f2-50be-44cb-a66a-ec6c2b20d039" testId="16d7bd5d-8eb0-80fb-b731-02f20f1ac120" testName="Upsert_And_Count_Roundtrip" computerName="coder-07bfbed8-dfce-4129-8ab7-27d68922a8db-6d45c454c7-wh95m" duration="00:00:00.2844578" startTime="2026-04-27T15:10:02.3752920+00:00" endTime="2026-04-27T15:10:02.6598897+00:00" testType="13cdc9d9-ddb5-4fa4-a97d-d965ccfc6d4b" outcome="Passed" testListId="8c84fa94-04c1-424b-9868-57a2d4851a1d" relativeResultsDirectory="bed117f2-50be-44cb-a66a-ec6c2b20d039" />
    <UnitTestResult executionId="294a2351-9250-4e42-8bf8-79332a25d9c0" testId="1603d6ee-fdc4-8352-8915-209269c3a5e6" testName="All_ContainsThreeProfiles" computerName="coder-07bfbed8-dfce-4129-8ab7-27d68922a8db-6d45c454c7-wh95m" duration="00:00:00.0584154" startTime="2026-04-27T15:09:59.5447054+00:00" endTime="2026-04-27T15:09:59.6185208+00:00" testType="13cdc9d9-ddb5-4fa4-a97d-d965ccfc6d4b" outcome="Passed" testListId="8c84fa94-04c1-424b-9868-57a2d4851a1d" relativeResultsDirectory="294a2351-9250-4e42-8bf8-79332a25d9c0" />
    <UnitTestResult executionId="5793d2f4-03c8-4123-8fec-6a79ec3d1507" testId="1b3a071a-693a-8d57-b079-0d98458d70aa" testName="SchemaEnsured_EmittedExactlyOnce" computerName="coder-07bfbed8-dfce-4129-8ab7-27d68922a8db-6d45c454c7-wh95m" duration="00:00:01.0685098" startTime="2026-04-27T15:10:01.1902229+00:00" endTime="2026-04-27T15:10:02.2590468+00:00" testType="13cdc9d9-ddb5-4fa4-a97d-d965ccfc6d4b" outcome="Passed" testListId="8c84fa94-04c1-424b-9868-57a2d4851a1d" relativeResultsDirectory="5793d2f4-03c8-4123-8fec-6a79ec3d1507">
      <Output>
        <StdOut>[15:10:01 INF] Using database at /home/coder/.config/Mozgoslav/mozgoslav.db
[15:10:01 INF] Initialized Scheduler Signaller of type: Quartz.Core.SchedulerSignalerImpl
[15:10:01 INF] Quartz Scheduler created
[15:10:02 INF] JobFactory set to: Quartz.Simpl.MicrosoftDependencyInjectionJobFactory
[15:10:02 INF] RAMJobStore initialized.
[15:10:02 INF] Quartz Scheduler 3.18.0.0 - 'QuartzScheduler' with instanceId 'NON_CLUSTERED' initialized
[15:10:02 INF] Using thread pool 'Quartz.Simpl.DefaultThreadPool', size: 10
[15:10:02 INF] Using job store 'Quartz.Simpl.RAMJobStore', supports persistence: False, clustered: False
[15:10:02 INF] Adding 1 jobs, 0 triggers.
[15:10:02 INF] Adding job: mozgoslav.processing.process-recording-template
[15:10:02 INF] Syncthing disabled — skipping versioning verifier
[15:10:02 INF] Syncthing binary not found on this host — lifecycle service is a no-op. Set Mozgoslav:SyncthingBinaryPath or SYNCTHING_BINARY to enable.
[15:10:02 INF] Now listening on: http://127.0.0.1:5050
[15:10:02 INF] Application started. Press Ctrl+C to shut down.
[15:10:02 INF] Hosting environment: IntegrationTest
[15:10:02 INF] Content root path: /home/coder/workspace/mozgoslav/backend/src/Mozgoslav.Api
[15:10:02 INF] Scheduler QuartzScheduler_$_NON_CLUSTERED started.
[15:10:02 INF] Application is shutting down...
[15:10:02 INF] Scheduler QuartzScheduler_$_NON_CLUSTERED shutting down.
[15:10:02 INF] Scheduler QuartzScheduler_$_NON_CLUSTERED paused.
[15:10:02 INF] Scheduler QuartzScheduler_$_NON_CLUSTERED Shutdown complete.</StdOut>
      </Output>
    </UnitTestResult>
    <UnitTestResult executionId="12000c7b-ee67-4a72-95fa-2f94511640ba" testId="15dc43f9-b159-8462-8821-1306ed7714db" testName="Chat_NoServer_ReturnsEmpty" computerName="coder-07bfbed8-dfce-4129-8ab7-27d68922a8db-6d45c454c7-wh95m" duration="00:00:00.0098399" startTime="2026-04-27T15:10:01.1662227+00:00" endTime="2026-04-27T15:10:01.1761570+00:00" testType="13cdc9d9-ddb5-4fa4-a97d-d965ccfc6d4b" outcome="Passed" testListId="8c84fa94-04c1-424b-9868-57a2d4851a1d" relativeResultsDirectory="12000c7b-ee67-4a72-95fa-2f94511640ba" />
    <UnitTestResult executionId="cc4495c5-8125-42f0-8be2-7b0fe0382400" testId="13be6601-ff49-823d-8fe9-74d20c2aa5aa" testName="IsAvailableAsync_NoServer_ReturnsFalse" computerName="coder-07bfbed8-dfce-4129-8ab7-27d68922a8db-6d45c454c7-wh95m" duration="00:00:00.0152058" startTime="2026-04-27T15:10:01.1748955+00:00" endTime="2026-04-27T15:10:01.1902011+00:00" testType="13cdc9d9-ddb5-4fa4-a97d-d965ccfc6d4b" outcome="Passed" testListId="8c84fa94-04c1-424b-9868-57a2d4851a1d" relativeResultsDirectory="cc4495c5-8125-42f0-8be2-7b0fe0382400" />
    <UnitTestResult executionId="09bb2971-caa2-4fb2-80d7-08d29c13978f" testId="162d8d7a-582a-816c-85bf-eb6126ed862f" testName="EnqueueAsync_PersistsJob" computerName="coder-07bfbed8-dfce-4129-8ab7-27d68922a8db-6d45c454c7-wh95m" duration="00:00:02.2005970" startTime="2026-04-27T15:09:59.5471110+00:00" endTime="2026-04-27T15:10:01.7606623+00:00" testType="13cdc9d9-ddb5-4fa4-a97d-d965ccfc6d4b" outcome="Passed" testListId="8c84fa94-04c1-424b-9868-57a2d4851a1d" relativeResultsDirectory="09bb2971-caa2-4fb2-80d7-08d29c13978f" />
    <UnitTestResult executionId="a490a6e0-a417-4b31-a4db-4e5e7090a722" testId="1ada0773-d6bd-8f6a-8602-6cb3878728aa" testName="Emotion_WhenModelAbsent_Returns503WithTypedEnvelope" computerName="coder-07bfbed8-dfce-4129-8ab7-27d68922a8db-6d45c454c7-wh95m" duration="00:00:00.0002914" startTime="2026-04-27T15:11:47.2621042+00:00" endTime="2026-04-27T15:11:47.2624832+00:00" testType="13cdc9d9-ddb5-4fa4-a97d-d965ccfc6d4b" outcome="NotExecuted" testListId="8c84fa94-04c1-424b-9868-57a2d4851a1d" relativeResultsDirectory="a490a6e0-a417-4b31-a4db-4e5e7090a722">
      <Output>
        <ErrorInfo>
          <Message>Initialization method Mozgoslav.Tests.Integration.Sidecar.SidecarContainerTests.SkipIfDockerMissing threw exception. Assert.Inconclusive failed. Docker is not available in this environment — skipping. Inner error: InvalidOperationException: Docker image mozgoslav-sidecar-test:latest has not been created..</Message>
          <StackTrace>   at Microsoft.VisualStudio.TestTools.UnitTesting.Assert.Inconclusive(String message) in /_/src/TestFramework/TestFramework/Assertions/Assert.Inconclusive.cs:line 27
   at Mozgoslav.Tests.Integration.Sidecar.SidecarContainerTests.SkipIfDockerMissing() in /home/coder/workspace/mozgoslav/backend/tests/Mozgoslav.Tests.Integration/Sidecar/SidecarContainerTests.cs:line 83
   at InvokeStub_SidecarContainerTests.SkipIfDockerMissing(Object, Object, IntPtr*)
   at System.Reflection.RuntimeMethodInfo.Invoke(Object obj, BindingFlags invokeAttr, Binder binder, Object[] parameters, CultureInfo culture)
</StackTrace>
        </ErrorInfo>
      </Output>
    </UnitTestResult>
    <UnitTestResult executionId="37675c50-df88-4c8e-96b3-ce24a84ab501" testId="120a822f-82f8-84e2-ade1-62a899519c8e" testName="IsHealthyAsync_Get_SystemStatus_200_ReturnsTrue" computerName="coder-07bfbed8-dfce-4129-8ab7-27d68922a8db-6d45c454c7-wh95m" duration="00:00:00.0407118" startTime="2026-04-27T15:10:01.8237446+00:00" endTime="2026-04-27T15:10:01.8646486+00:00" testType="13cdc9d9-ddb5-4fa4-a97d-d965ccfc6d4b" outcome="Passed" testListId="8c84fa94-04c1-424b-9868-57a2d4851a1d" relativeResultsDirectory="37675c50-df88-4c8e-96b3-ce24a84ab501" />
    <UnitTestResult executionId="bc6dd334-a3ff-438b-a3e1-66ce0a2f72ba" testId="1f55568f-0da0-8b03-8783-8382629c181d" testName="Chat_SendsApiKeyAndVersionHeaders" computerName="coder-07bfbed8-dfce-4129-8ab7-27d68922a8db-6d45c454c7-wh95m" duration="00:00:00.0289074" startTime="2026-04-27T15:10:01.1799468+00:00" endTime="2026-04-27T15:10:01.2089583+00:00" testType="13cdc9d9-ddb5-4fa4-a97d-d965ccfc6d4b" outcome="Passed" testListId="8c84fa94-04c1-424b-9868-57a2d4851a1d" relativeResultsDirectory="bc6dd334-a3ff-438b-a3e1-66ce0a2f72ba" />
    <UnitTestResult executionId="ea5b6422-5253-48b9-bef4-abef165d8ee7" testId="1481ebf2-c889-86d3-8a19-383f03c25ae8" testName="ExportAsync_WhenFilenameCollides_AppendsNumericSuffix" computerName="coder-07bfbed8-dfce-4129-8ab7-27d68922a8db-6d45c454c7-wh95m" duration="00:00:00.0458738" startTime="2026-04-27T15:09:59.6513861+00:00" endTime="2026-04-27T15:09:59.6973958+00:00" testType="13cdc9d9-ddb5-4fa4-a97d-d965ccfc6d4b" outcome="Passed" testListId="8c84fa94-04c1-424b-9868-57a2d4851a1d" relativeResultsDirectory="ea5b6422-5253-48b9-bef4-abef165d8ee7" />
    <UnitTestResult executionId="4960887a-37c9-46a4-96e9-53805cee5982" testId="1b3a2674-8137-84fa-8dd8-f680f14c9b46" testName="Transcript_WithCheckpointedSegment_RoundTripsThroughSqlite" computerName="coder-07bfbed8-dfce-4129-8ab7-27d68922a8db-6d45c454c7-wh95m" duration="00:00:01.1645482" startTime="2026-04-27T15:10:01.2097199+00:00" endTime="2026-04-27T15:10:02.3744776+00:00" testType="13cdc9d9-ddb5-4fa4-a97d-d965ccfc6d4b" outcome="Passed" testListId="8c84fa94-04c1-424b-9868-57a2d4851a1d" relativeResultsDirectory="4960887a-37c9-46a4-96e9-53805cee5982">
      <Output>
        <StdOut>[15:10:01 WRN] Mozgoslav:DatabasePath override is active — using /tmp/mozgoslav-api-1fde7da4d2454507a08d584509b02bff.db instead of canonical /home/coder/.config/Mozgoslav/mozgoslav.db
[15:10:01 INF] EF Core migrations applied
[15:10:01 INF] Seeded 3 built-in profiles
[15:10:01 INF] Populated default settings on first run
[15:10:01 INF] Settings ready: language=ru, vault=&lt;not set&gt;
[15:10:01 INF] RAG index loaded: 0 chunk(s)
[15:10:01 INF] Initialized Scheduler Signaller of type: Quartz.Core.SchedulerSignalerImpl
[15:10:01 INF] Quartz Scheduler created
[15:10:02 INF] JobFactory set to: Quartz.Simpl.MicrosoftDependencyInjectionJobFactory
[15:10:02 INF] RAMJobStore initialized.
[15:10:02 INF] Quartz Scheduler 3.18.0.0 - 'QuartzScheduler' with instanceId 'NON_CLUSTERED' initialized
[15:10:02 INF] Using thread pool 'Quartz.Simpl.DefaultThreadPool', size: 10
[15:10:02 INF] Using job store 'Quartz.Simpl.RAMJobStore', supports persistence: False, clustered: False
[15:10:02 INF] Adding 1 jobs, 0 triggers.
[15:10:02 INF] Adding job: mozgoslav.processing.process-recording-template
[15:10:02 INF] Syncthing disabled — skipping versioning verifier
[15:10:02 INF] Syncthing binary not found on this host — lifecycle service is a no-op. Set Mozgoslav:SyncthingBinaryPath or SYNCTHING_BINARY to enable.
[15:10:02 INF] Now listening on: http://127.0.0.1:5050
[15:10:02 INF] Application started. Press Ctrl+C to shut down.
[15:10:02 INF] Hosting environment: IntegrationTest
[15:10:02 INF] Content root path: /home/coder/workspace/mozgoslav/backend/src/Mozgoslav.Api
[15:10:02 INF] Scheduler QuartzScheduler_$_NON_CLUSTERED started.
[15:10:02 INF] Application is shutting down...
[15:10:02 INF] Scheduler QuartzScheduler_$_NON_CLUSTERED shutting down.
[15:10:02 INF] Scheduler QuartzScheduler_$_NON_CLUSTERED paused.
[15:10:02 INF] Scheduler QuartzScheduler_$_NON_CLUSTERED Shutdown complete.</StdOut>
      </Output>
    </UnitTestResult>
    <UnitTestResult executionId="7b09255d-6272-4cc5-b833-dbe7a15bc8dd" testId="1892bd88-c266-8937-af9f-0e4af4c6f660" testName="AddAsync_RoundTripsAllStructuredFields" computerName="coder-07bfbed8-dfce-4129-8ab7-27d68922a8db-6d45c454c7-wh95m" duration="00:00:02.2232051" startTime="2026-04-27T15:09:59.5450482+00:00" endTime="2026-04-27T15:10:01.7832811+00:00" testType="13cdc9d9-ddb5-4fa4-a97d-d965ccfc6d4b" outcome="Passed" testListId="8c84fa94-04c1-424b-9868-57a2d4851a1d" relativeResultsDirectory="7b09255d-6272-4cc5-b833-dbe7a15bc8dd" />
    <UnitTestResult executionId="aa5c2f07-f593-4610-95a4-02cb2fdf02e7" testId="1ddb3d4f-eba9-8885-84e8-1165a47d8678" testName="ProcessAsync_ServerError_ReturnsEmptyResultGracefully" computerName="coder-07bfbed8-dfce-4129-8ab7-27d68922a8db-6d45c454c7-wh95m" duration="00:00:00.0259861" startTime="2026-04-27T15:10:01.7349616+00:00" endTime="2026-04-27T15:10:01.7610360+00:00" testType="13cdc9d9-ddb5-4fa4-a97d-d965ccfc6d4b" outcome="Passed" testListId="8c84fa94-04c1-424b-9868-57a2d4851a1d" relativeResultsDirectory="aa5c2f07-f593-4610-95a4-02cb2fdf02e7" />
    <UnitTestResult executionId="ec28fbb3-20c4-43a7-a881-42efd8f4cf31" testId="15a91b65-8574-860c-9c62-69482e489ee7" testName="Health_RealSidecar_ReturnsServiceBanner" computerName="coder-07bfbed8-dfce-4129-8ab7-27d68922a8db-6d45c454c7-wh95m" duration="00:00:00.0002686" startTime="2026-04-27T15:11:47.2713500+00:00" endTime="2026-04-27T15:11:47.2777361+00:00" testType="13cdc9d9-ddb5-4fa4-a97d-d965ccfc6d4b" outcome="NotExecuted" testListId="8c84fa94-04c1-424b-9868-57a2d4851a1d" relativeResultsDirectory="ec28fbb3-20c4-43a7-a881-42efd8f4cf31">
      <Output>
        <ErrorInfo>
          <Message>Initialization method Mozgoslav.Tests.Integration.Sidecar.SidecarContainerTests.SkipIfDockerMissing threw exception. Assert.Inconclusive failed. Docker is not available in this environment — skipping. Inner error: InvalidOperationException: Docker image mozgoslav-sidecar-test:latest has not been created..</Message>
          <StackTrace>   at Microsoft.VisualStudio.TestTools.UnitTesting.Assert.Inconclusive(String message) in /_/src/TestFramework/TestFramework/Assertions/Assert.Inconclusive.cs:line 27
   at Mozgoslav.Tests.Integration.Sidecar.SidecarContainerTests.SkipIfDockerMissing() in /home/coder/workspace/mozgoslav/backend/tests/Mozgoslav.Tests.Integration/Sidecar/SidecarContainerTests.cs:line 83
   at InvokeStub_SidecarContainerTests.SkipIfDockerMissing(Object, Object, IntPtr*)
   at System.Reflection.RuntimeMethodInfo.Invoke(Object obj, BindingFlags invokeAttr, Binder binder, Object[] parameters, CultureInfo culture)
</StackTrace>
        </ErrorInfo>
      </Output>
    </UnitTestResult>
    <UnitTestResult executionId="d982a8b0-cbec-46ef-b86b-2bcbc4f9ed5d" testId="16cfc2a2-9cfc-8142-bfeb-c9c90a3a41fa" testName="ExportAsync_WritesFileUnderProfileFolder" computerName="coder-07bfbed8-dfce-4129-8ab7-27d68922a8db-6d45c454c7-wh95m" duration="00:00:00.0762978" startTime="2026-04-27T15:09:59.5348246+00:00" endTime="2026-04-27T15:09:59.6416885+00:00" testType="13cdc9d9-ddb5-4fa4-a97d-d965ccfc6d4b" outcome="Passed" testListId="8c84fa94-04c1-424b-9868-57a2d4851a1d" relativeResultsDirectory="d982a8b0-cbec-46ef-b86b-2bcbc4f9ed5d" />
    <UnitTestResult executionId="203e1564-5103-45aa-aec4-2a1aaa8004a8" testId="14bc3094-e8b2-876f-b980-ffdf1b3187e3" testName="RunDiagnostics_OnConfiguredVault_ReturnsReport" computerName="coder-07bfbed8-dfce-4129-8ab7-27d68922a8db-6d45c454c7-wh95m" duration="00:00:01.2138024" startTime="2026-04-27T15:10:06.4264630+00:00" endTime="2026-04-27T15:10:07.6404356+00:00" testType="13cdc9d9-ddb5-4fa4-a97d-d965ccfc6d4b" outcome="Passed" testListId="8c84fa94-04c1-424b-9868-57a2d4851a1d" relativeResultsDirectory="203e1564-5103-45aa-aec4-2a1aaa8004a8">
      <Output>
        <StdOut>[15:10:06 WRN] Mozgoslav:DatabasePath override is active — using /tmp/mozgoslav-wizard-e7bce3c02078476aa702a912df76776c.db instead of canonical /home/coder/.config/Mozgoslav/mozgoslav.db
[15:10:06 INF] EF Core migrations applied
[15:10:06 INF] Seeded 3 built-in profiles
[15:10:06 INF] Populated default settings on first run
[15:10:06 INF] Settings ready: language=ru, vault=&lt;not set&gt;
[15:10:06 INF] RAG index loaded: 0 chunk(s)
[15:10:06 INF] Initialized Scheduler Signaller of type: Quartz.Core.SchedulerSignalerImpl
[15:10:06 INF] Quartz Scheduler created
[15:10:06 INF] JobFactory set to: Quartz.Simpl.MicrosoftDependencyInjectionJobFactory
[15:10:06 INF] RAMJobStore initialized.
[15:10:06 INF] Quartz Scheduler 3.18.0.0 - 'QuartzScheduler' with instanceId 'NON_CLUSTERED' initialized
[15:10:06 INF] Using thread pool 'Quartz.Simpl.DefaultThreadPool', size: 10
[15:10:06 INF] Using job store 'Quartz.Simpl.RAMJobStore', supports persistence: False, clustered: False
[15:10:06 INF] Adding 1 jobs, 0 triggers.
[15:10:06 INF] Adding job: mozgoslav.processing.process-recording-template
[15:10:06 INF] Syncthing disabled — skipping versioning verifier
[15:10:06 INF] Syncthing binary not found on this host — lifecycle service is a no-op. Set Mozgoslav:SyncthingBinaryPath or SYNCTHING_BINARY to enable.
[15:10:06 INF] Now listening on: http://127.0.0.1:5050
[15:10:06 INF] Application started. Press Ctrl+C to shut down.
[15:10:06 INF] Hosting environment: IntegrationTest
[...]
    <TestEntry testId="125f5d2c-eb9c-839a-9c74-f75b9f7fdc6b" executionId="a67e904e-271b-4893-9c46-558c5f51e7fa" testListId="8c84fa94-04c1-424b-9868-57a2d4851a1d" />
    <TestEntry testId="104506cd-584f-834c-b466-2bb694f04cd7" executionId="f0ae2c9d-088f-4675-a258-ef1b8437926f" testListId="8c84fa94-04c1-424b-9868-57a2d4851a1d" />
    <TestEntry testId="1cecc2b4-ff74-8a5b-a8e2-ff42c3ea8064" executionId="ba8dcd67-8936-42de-a196-466ac4d5fabb" testListId="8c84fa94-04c1-424b-9868-57a2d4851a1d" />
    <TestEntry testId="10774757-9712-86df-9c95-6dea4b2f1b78" executionId="e252f84b-00cd-4d34-901c-85c97ba02726" testListId="8c84fa94-04c1-424b-9868-57a2d4851a1d" />
    <TestEntry testId="11f26bae-fedf-89b8-934c-16a9ab43bb84" executionId="ae15612d-8a18-44e8-b895-ce052121676e" testListId="8c84fa94-04c1-424b-9868-57a2d4851a1d" />
    <TestEntry testId="12351cd3-cca5-89c0-8818-0b0c3c34f141" executionId="bea9b8c2-73d8-4d15-adfb-fad9946d93b1" testListId="8c84fa94-04c1-424b-9868-57a2d4851a1d" />
    <TestEntry testId="1fefe3c9-1dc9-8586-9d3c-00858c1dcb14" executionId="72f3da51-e260-4739-b9ee-c951581547c6" testListId="8c84fa94-04c1-424b-9868-57a2d4851a1d" />
    <TestEntry testId="1eaac23e-3e03-80b6-8e58-9450ff35d6c9" executionId="f893e9d8-aedb-4baf-888c-e3e06b9f4a31" testListId="8c84fa94-04c1-424b-9868-57a2d4851a1d" />
    <TestEntry testId="118816a4-5cc6-8de4-86f2-e6ef056f1ca9" executionId="790bf7f2-aa4d-4861-a766-8221b959cb73" testListId="8c84fa94-04c1-424b-9868-57a2d4851a1d" />
    <TestEntry testId="11931814-9897-8383-a4e1-1ee2aa2e045b" executionId="1a1840f8-472c-4179-8d23-4dcb28cb9530" testListId="8c84fa94-04c1-424b-9868-57a2d4851a1d" />
    <TestEntry testId="1cf7d6af-a765-807f-81e6-11ada8e3594a" executionId="9ebc2070-8af1-4b37-b205-2c671037c977" testListId="8c84fa94-04c1-424b-9868-57a2d4851a1d" />
    <TestEntry testId="1aa1a11f-45bc-885f-ab94-6fc9aaa64592" executionId="45bc112e-0c8e-49e2-ae08-e87ce8a93b6d" testListId="8c84fa94-04c1-424b-9868-57a2d4851a1d" />
    <TestEntry testId="165ddc25-950a-8d20-a911-3d9ff4f53d22" executionId="4debb14e-7754-4926-bc64-12319f4fd36b" testListId="8c84fa94-04c1-424b-9868-57a2d4851a1d" />
    <TestEntry testId="1c9da413-d6b5-8d5e-ae52-45bddb4eac6e" executionId="94cb292d-8fd4-4e45-bbbe-b9c470a7d3d5" testListId="8c84fa94-04c1-424b-9868-57a2d4851a1d" />
    <TestEntry testId="13f48832-f80f-89aa-b116-0e1eed4969af" executionId="4cb96d98-b100-4379-9171-08f75c06ec32" testListId="8c84fa94-04c1-424b-9868-57a2d4851a1d" />
    <TestEntry testId="17a33d92-447e-8df1-a85b-a8acc7617a05" executionId="4bba38fc-021a-4635-af2e-37a9c80738bd" testListId="8c84fa94-04c1-424b-9868-57a2d4851a1d" />
    <TestEntry testId="1b4fc556-1c6c-8cd3-8d5a-8de679281f86" executionId="01dbdf6f-fc02-47e9-a674-92b85e6f6b3d" testListId="8c84fa94-04c1-424b-9868-57a2d4851a1d" />
    <TestEntry testId="1d18b68c-ae8a-8ffc-af06-55b5ad4cf00a" executionId="8021b7e3-7828-4e4b-b807-b34f263c06cf" testListId="8c84fa94-04c1-424b-9868-57a2d4851a1d" />
    <TestEntry testId="1cd1193a-d8e4-8be6-aeb3-5599ff6c31a3" executionId="6f62446b-ce7d-4080-a0c6-476941b0f9ed" testListId="8c84fa94-04c1-424b-9868-57a2d4851a1d" />
    <TestEntry testId="120939ec-1a3c-8acb-8cd1-1666c30cd5ed" executionId="bab9b21e-c516-4bd8-890b-001f0dbab333" testListId="8c84fa94-04c1-424b-9868-57a2d4851a1d" />
    <TestEntry testId="15f2a39d-a98c-87a1-8714-defd13580240" executionId="8b1b453f-a881-496c-bf1c-dc86b137276a" testListId="8c84fa94-04c1-424b-9868-57a2d4851a1d" />
    <TestEntry testId="1354b816-5a81-89ac-bd50-4ab8aa453740" executionId="66ee7168-7cf1-4f85-8685-4c64c87b623a" testListId="8c84fa94-04c1-424b-9868-57a2d4851a1d" />
    <TestEntry testId="1f5576fd-2732-8fd7-b055-58e9fc1e0465" executionId="7db02e35-1514-4145-884c-682dd7d6975a" testListId="8c84fa94-04c1-424b-9868-57a2d4851a1d" />
    <TestEntry testId="1a8fbfce-f3de-886f-9243-e78cbe10765f" executionId="0b680636-840c-40b6-8cca-8cfbfe944994" testListId="8c84fa94-04c1-424b-9868-57a2d4851a1d" />
    <TestEntry testId="112dc9dd-6b42-8861-ad68-80b18b90734e" executionId="5fe8feac-277e-43d5-ac32-e9a0c5e169e6" testListId="8c84fa94-04c1-424b-9868-57a2d4851a1d" />
    <TestEntry testId="161dcbdc-971e-88fa-b7f2-46a4d802b00a" executionId="cad35f85-94fb-4874-b681-3fba9bd7891d" testListId="8c84fa94-04c1-424b-9868-57a2d4851a1d" />
    <TestEntry testId="1441c844-7245-8fbb-a7e4-a858ad8df61b" executionId="6d26e55d-34b0-430a-b494-90779e6f44e6" testListId="8c84fa94-04c1-424b-9868-57a2d4851a1d" />
    <TestEntry testId="112829e5-bf93-8602-b9a7-e196116440df" executionId="0bf9fe29-c4d1-41ab-9139-28238019aec1" testListId="8c84fa94-04c1-424b-9868-57a2d4851a1d" />
    <TestEntry testId="1e3e764a-47a3-83f2-ba07-c483527f3586" executionId="1a9d237f-b947-40dd-94b8-0fa963b688cb" testListId="8c84fa94-04c1-424b-9868-57a2d4851a1d" />
    <TestEntry testId="1ed31eff-6265-8940-ab42-3a339957337c" executionId="1124508a-95b5-4d2d-af92-5592ead4304a" testListId="8c84fa94-04c1-424b-9868-57a2d4851a1d" />
    <TestEntry testId="1e361391-cda2-85d2-93d0-ba3b62fd335a" executionId="8d34d7fe-6369-4a03-b320-d2a6134896f2" testListId="8c84fa94-04c1-424b-9868-57a2d4851a1d" />
    <TestEntry testId="1a5d1b36-666c-8e13-8219-69b4c039bb7a" executionId="0620020c-e8e4-4c32-962d-693c1da0dfb6" testListId="8c84fa94-04c1-424b-9868-57a2d4851a1d" />
    <TestEntry testId="14af4d10-e073-82d9-842c-0acc03f1a647" executionId="e4dbe013-7480-4be9-84f5-9790238da1b8" testListId="8c84fa94-04c1-424b-9868-57a2d4851a1d" />
    <TestEntry testId="1001adc9-ddc3-8601-aaf7-833ffaba49ce" executionId="cb0801bd-256a-437c-8727-2726e9e0d606" testListId="8c84fa94-04c1-424b-9868-57a2d4851a1d" />
    <TestEntry testId="1e298127-57e7-831b-9877-53d1c8fcac56" executionId="6dfb7a09-f54c-4742-9e6e-e6788af4d2e1" testListId="8c84fa94-04c1-424b-9868-57a2d4851a1d" />
    <TestEntry testId="16577926-5bc3-822e-8d22-88ad4952f0c2" executionId="ea0d2b99-e942-46db-b989-0bd37fdf0546" testListId="8c84fa94-04c1-424b-9868-57a2d4851a1d" />
    <TestEntry testId="163679a0-c729-8e64-b343-4b515b4f7db0" executionId="c57b5a46-3169-4d59-bc36-2005681e7786" testListId="8c84fa94-04c1-424b-9868-57a2d4851a1d" />
    <TestEntry testId="1c388138-2995-8df7-9bd8-e83726e90c27" executionId="0ec4acbb-6a9e-4044-9fe7-1dbe7af82229" testListId="8c84fa94-04c1-424b-9868-57a2d4851a1d" />
    <TestEntry testId="1a05284e-48aa-853d-9614-a6dcd58e6546" executionId="a757279a-30ef-4a00-b427-1e48f0e219bf" testListId="8c84fa94-04c1-424b-9868-57a2d4851a1d" />
    <TestEntry testId="16d7bd5d-8eb0-80fb-b731-02f20f1ac120" executionId="bed117f2-50be-44cb-a66a-ec6c2b20d039" testListId="8c84fa94-04c1-424b-9868-57a2d4851a1d" />
    <TestEntry testId="1603d6ee-fdc4-8352-8915-209269c3a5e6" executionId="294a2351-9250-4e42-8bf8-79332a25d9c0" testListId="8c84fa94-04c1-424b-9868-57a2d4851a1d" />
    <TestEntry testId="1b3a071a-693a-8d57-b079-0d98458d70aa" executionId="5793d2f4-03c8-4123-8fec-6a79ec3d1507" testListId="8c84fa94-04c1-424b-9868-57a2d4851a1d" />
    <TestEntry testId="15dc43f9-b159-8462-8821-1306ed7714db" executionId="12000c7b-ee67-4a72-95fa-2f94511640ba" testListId="8c84fa94-04c1-424b-9868-57a2d4851a1d" />
    <TestEntry testId="13be6601-ff49-823d-8fe9-74d20c2aa5aa" executionId="cc4495c5-8125-42f0-8be2-7b0fe0382400" testListId="8c84fa94-04c1-424b-9868-57a2d4851a1d" />
    <TestEntry testId="162d8d7a-582a-816c-85bf-eb6126ed862f" executionId="09bb2971-caa2-4fb2-80d7-08d29c13978f" testListId="8c84fa94-04c1-424b-9868-57a2d4851a1d" />
    <TestEntry testId="1ada0773-d6bd-8f6a-8602-6cb3878728aa" executionId="a490a6e0-a417-4b31-a4db-4e5e7090a722" testListId="8c84fa94-04c1-424b-9868-57a2d4851a1d" />
    <TestEntry testId="120a822f-82f8-84e2-ade1-62a899519c8e" executionId="37675c50-df88-4c8e-96b3-ce24a84ab501" testListId="8c84fa94-04c1-424b-9868-57a2d4851a1d" />
    <TestEntry testId="1f55568f-0da0-8b03-8783-8382629c181d" executionId="bc6dd334-a3ff-438b-a3e1-66ce0a2f72ba" testListId="8c84fa94-04c1-424b-9868-57a2d4851a1d" />
    <TestEntry testId="1481ebf2-c889-86d3-8a19-383f03c25ae8" executionId="ea5b6422-5253-48b9-bef4-abef165d8ee7" testListId="8c84fa94-04c1-424b-9868-57a2d4851a1d" />
    <TestEntry testId="1b3a2674-8137-84fa-8dd8-f680f14c9b46" executionId="4960887a-37c9-46a4-96e9-53805cee5982" testListId="8c84fa94-04c1-424b-9868-57a2d4851a1d" />
    <TestEntry testId="1892bd88-c266-8937-af9f-0e4af4c6f660" executionId="7b09255d-6272-4cc5-b833-dbe7a15bc8dd" testListId="8c84fa94-04c1-424b-9868-57a2d4851a1d" />
    <TestEntry testId="1ddb3d4f-eba9-8885-84e8-1165a47d8678" executionId="aa5c2f07-f593-4610-95a4-02cb2fdf02e7" testListId="8c84fa94-04c1-424b-9868-57a2d4851a1d" />
    <TestEntry testId="15a91b65-8574-860c-9c62-69482e489ee7" executionId="ec28fbb3-20c4-43a7-a881-42efd8f4cf31" testListId="8c84fa94-04c1-424b-9868-57a2d4851a1d" />
    <TestEntry testId="16cfc2a2-9cfc-8142-bfeb-c9c90a3a41fa" executionId="d982a8b0-cbec-46ef-b86b-2bcbc4f9ed5d" testListId="8c84fa94-04c1-424b-9868-57a2d4851a1d" />
    <TestEntry testId="14bc3094-e8b2-876f-b980-ffdf1b3187e3" executionId="203e1564-5103-45aa-aec4-2a1aaa8004a8" testListId="8c84fa94-04c1-424b-9868-57a2d4851a1d" />
    <TestEntry testId="10d6dbcb-ce1f-83bd-8e15-e307ebd863ee" executionId="14a25d37-496f-4902-9a7e-f0a3355ac14a" testListId="8c84fa94-04c1-424b-9868-57a2d4851a1d" />
    <TestEntry testId="1ccbfdf2-0642-8484-ba14-277665d62679" executionId="5b2513da-7ebd-4493-badb-68e582255a01" testListId="8c84fa94-04c1-424b-9868-57a2d4851a1d" />
    <TestEntry testId="1cd79a80-d693-8bfe-840b-cd54c301c0ee" executionId="a8fcb6f5-ed84-4f31-b9cf-638b6f2c869e" testListId="8c84fa94-04c1-424b-9868-57a2d4851a1d" />
    <TestEntry testId="15df9019-973c-8e8d-9e60-c71d6f3186e0" executionId="05dd579d-9940-460f-9911-f33e83f3a473" testListId="8c84fa94-04c1-424b-9868-57a2d4851a1d" />
    <TestEntry testId="1ecdcc2f-fb91-8fba-a186-33c511445d65" executionId="0737bd9e-ff44-4ed2-b940-f9791e404b99" testListId="8c84fa94-04c1-424b-9868-57a2d4851a1d" />
    <TestEntry testId="1f1c364d-46b2-85d1-9a7b-d501c6410c99" executionId="57496da2-6a6f-4307-969f-053a739e98ff" testListId="8c84fa94-04c1-424b-9868-57a2d4851a1d" />
    <TestEntry testId="17eae284-5993-8786-ab9e-6ac5b91e8ef2" executionId="8e33c092-1fb5-4c60-aec2-e99bddc61a17" testListId="8c84fa94-04c1-424b-9868-57a2d4851a1d" />
    <TestEntry testId="15049758-9167-8275-8f9c-591fa6c6a433" executionId="e23302f3-1014-42ce-a306-97fdad03b470" testListId="8c84fa94-04c1-424b-9868-57a2d4851a1d" />
    <TestEntry testId="166d1565-d44f-8ec5-8191-22292835f1ad" executionId="4ba84961-23db-470c-ba6d-396e74b78127" testListId="8c84fa94-04c1-424b-9868-57a2d4851a1d" />
    <TestEntry testId="111bb784-5519-8024-9b1c-75669e016669" executionId="e9b49326-84aa-4bde-895b-3e03c87b5642" testListId="8c84fa94-04c1-424b-9868-57a2d4851a1d" />
    <TestEntry testId="100cd5cf-72c6-8fbe-aaeb-ca5ec54480bd" executionId="871ae64e-a94a-4b4c-94ba-e70ee9f0bfa4" testListId="8c84fa94-04c1-424b-9868-57a2d4851a1d" />
    <TestEntry testId="11085d35-6ee6-8168-8f6f-2851b2ee0f8c" executionId="3919973a-c802-4946-8750-467c5e9dafda" testListId="8c84fa94-04c1-424b-9868-57a2d4851a1d" />
    <TestEntry testId="1fdcfb6a-612b-8d3f-8ee8-0e7898412175" executionId="79b79af6-a74e-41fd-be32-c2be5520deb0" testListId="8c84fa94-04c1-424b-9868-57a2d4851a1d" />
    <TestEntry testId="120fea91-4fec-8e57-b537-ec4c38959522" executionId="6290b812-e3b2-4635-8f45-8dd472d3ebb8" testListId="8c84fa94-04c1-424b-9868-57a2d4851a1d" />
    <TestEntry testId="13a8566e-833c-826a-8357-b72dfdbd9001" executionId="0fec6fe2-39dd-49de-85ac-d22c7270cdce" testListId="8c84fa94-04c1-424b-9868-57a2d4851a1d" />
    <TestEntry testId="18c844e0-5a18-8b4e-807a-db772b064a0d" executionId="8e5da19a-d78d-4062-b092-f6a992fb3eb8" testListId="8c84fa94-04c1-424b-9868-57a2d4851a1d" />
    <TestEntry testId="1bab3685-69d5-8f1f-b173-8db84f9abc78" executionId="bfc623c8-4bc6-4276-afaa-72c09554f8ed" testListId="8c84fa94-04c1-424b-9868-57a2d4851a1d" />
    <TestEntry testId="144ea574-4029-8597-917c-ca934327b3ec" executionId="5b8beb05-c099-44ff-9d6c-77b8042b2d82" testListId="8c84fa94-04c1-424b-9868-57a2d4851a1d" />
    <TestEntry testId="1c5deab9-90db-8235-bafd-31bfaa5f5787" executionId="2dbf59cd-3617-4ca6-95b0-0ddbaa39030f" testListId="8c84fa94-04c1-424b-9868-57a2d4851a1d" />
    <TestEntry testId="150e431d-097a-8c15-955d-95c386dfeae5" executionId="65e5e0a3-ec6d-476f-8b88-bc683cadb587" testListId="8c84fa94-04c1-424b-9868-57a2d4851a1d" />
    <TestEntry testId="1a5aa00d-7ce6-8445-a19d-dda7e61f445a" executionId="3e8f9122-1bd7-438a-914d-bad407ba7681" testListId="8c84fa94-04c1-424b-9868-57a2d4851a1d" />
    <TestEntry testId="175d7150-93bd-8233-943b-48a6ae9da748" executionId="5ce5d510-e7c8-44ba-9709-cf18b783b209" testListId="8c84fa94-04c1-424b-9868-57a2d4851a1d" />
    <TestEntry testId="11d7b041-0930-8abe-a5fb-9e49e01c69ca" executionId="8f143f38-6700-406e-8ae2-5bc7613274b4" testListId="8c84fa94-04c1-424b-9868-57a2d4851a1d" />
    <TestEntry testId="14ea159a-4270-8c57-8f64-ed8d34eb935e" executionId="c6e76316-75bc-4ecd-aa05-f7a1c6d24ef0" testListId="8c84fa94-04c1-424b-9868-57a2d4851a1d" />
    <TestEntry testId="105a9a81-dbce-8a02-9b34-34d4e9094a20" executionId="ea40d741-d212-45a4-acaa-07301352e029" testListId="8c84fa94-04c1-424b-9868-57a2d4851a1d" />
  </TestEntries>
  <TestLists>
    <TestList name="Results Not in a List" id="8c84fa94-04c1-424b-9868-57a2d4851a1d" />
    <TestList name="All Loaded Results" id="19431567-8539-422a-85d7-44ee4e166bda" />
  </TestLists>
  <ResultSummary outcome="Completed">
    <Counters total="119" executed="114" passed="114" failed="0" error="0" timeout="0" aborted="0" inconclusive="0" passedButRunAborted="0" notRunnable="0" notExecuted="0" disconnected="0" warning="0" completed="0" inProgress="0" pending="0" />
    <Output>
      <StdOut>Test Parallelization enabled for /home/coder/workspace/mozgoslav/backend/tests/Mozgoslav.Tests.Integration/bin/Debug/net10.0/Mozgoslav.Tests.Integration.dll (Workers: 16, Scope: ClassLevel)
Test 'Push_WebmOpusChunks_DecodeAcrossBoundariesAndAccumulate' was skipped in the test run.
[15:10:02 INF] HTTP GET /metrics responded 200 in 112.9724 ms
[15:10:03 INF] HTTP POST /api/dictation/push/1246bda3-199b-45de-ab01-8cd2b9d38ced responded 400 in 2.2241 ms
[15:10:05 INF] Vault prepared at /tmp/mozgoslav-vault-323339ffb7a74cbb892eb156fbbe2a21: 13 files processed
[15:10:05 INF] HTTP POST /graphql responded 200 in 510.3149 ms
[15:10:06 INF] HTTP POST /graphql responded 200 in 390.8634 ms
[15:10:07 INF] Start processing HTTP request GET http://localhost:1234/
[15:10:07 INF] Sending HTTP request GET http://localhost:1234/
[15:10:07 INF] HTTP request failed after 2.2491ms
System.Net.Http.HttpRequestException: Connection refused (localhost:1234)
 ---&gt; System.Net.Sockets.SocketException (111): Connection refused
   at System.Net.Sockets.Socket.AwaitableSocketAsyncEventArgs.ThrowException(SocketError error, CancellationToken cancellationToken)
   at System.Net.Sockets.Socket.AwaitableSocketAsyncEventArgs.System.Threading.Tasks.Sources.IValueTaskSource.GetResult(Int16 token)
   at System.Net.Http.HttpConnectionPool.ConnectToTcpHostAsync(String host, Int32 port, HttpRequestMessage initialRequest, Boolean async, CancellationToken cancellationToken)
   --- End of inner exception stack trace ---
   at System.Net.Http.HttpConnectionPool.ConnectToTcpHostAsync(String host, Int32 port, HttpRequestMessage initialRequest, Boolean async, CancellationToken cancellationToken)
   at System.Net.Http.HttpConnectionPool.ConnectAsync(HttpRequestMessage request, Boolean async, CancellationToken cancellationToken)
   at System.Net.Http.HttpConnectionPool.CreateHttp11ConnectionAsync(HttpRequestMessage request, Boolean async, CancellationToken cancellationToken)
   at System.Net.Http.HttpConnectionPool.InjectNewHttp11ConnectionAsync(QueueItem queueItem)
   at System.Threading.Tasks.TaskCompletionSourceWithCancellation`1.WaitWithCancellationAsync(CancellationToken cancellationToken)
   at System.Net.Http.HttpConnectionPool.SendWithVersionDetectionAndRetryAsync(HttpRequestMessage request, Boolean async, Boolean doRequestAuth, CancellationToken cancellationToken)
   at System.Net.Http.DiagnosticsHandler.SendAsyncCore(HttpRequestMessage request, Boolean async, CancellationToken cancellationToken)
   at System.Net.Http.RedirectHandler.SendAsync(HttpRequestMessage request, Boolean async, CancellationToken cancellationToken)
   at System.Net.Http.SocketsHttpHandler.&lt;SendAsync&gt;g__CreateHandlerAndSendAsync|115_0(HttpRequestMessage request, CancellationToken cancellationToken)
   at Microsoft.Extensions.Http.Logging.LoggingHttpMessageHandler.&lt;SendCoreAsync&gt;g__Core|4_0(HttpRequestMessage request, Boolean useAsync, CancellationToken cancellationToken)
[15:10:07 INF] HTTP request failed after 11.2269ms
System.Net.Http.HttpRequestException: Connection refused (localhost:1234)
 ---&gt; System.Net.Sockets.SocketException (111): Connection refused
   at System.Net.Sockets.Socket.AwaitableSocketAsyncEventArgs.ThrowException(SocketError error, CancellationToken cancellationToken)
   at System.Net.Sockets.Socket.AwaitableSocketAsyncEventArgs.System.Threading.Tasks.Sources.IValueTaskSource.GetResult(Int16 token)
   at System.Net.Http.HttpConnectionPool.ConnectToTcpHostAsync(String host, Int32 port, HttpRequestMessage initialRequest, Boolean async, CancellationToken cancellationToken)
   --- End of inner exception stack trace ---
   at System.Net.Http.HttpConnectionPool.ConnectToTcpHostAsync(String host, Int32 port, HttpRequestMessage initialRequest, Boolean async, CancellationToken cancellationToken)
   at System.Net.Http.HttpConnectionPool.ConnectAsync(HttpRequestMessage request, Boolean async, CancellationToken cancellationToken)
   at System.Net.Http.HttpConnectionPool.CreateHttp11ConnectionAsync(HttpRequestMessage request, Boolean async, CancellationToken cancellationToken)
   at System.Net.Http.HttpConnectionPool.InjectNewHttp11ConnectionAsync(QueueItem queueItem)
   at System.Threading.Tasks.TaskCompletionSourceWithCancellation`1.WaitWithCancellationAsync(CancellationToken cancellationToken)
   at System.Net.Http.HttpConnectionPool.SendWithVersionDetectionAndRetryAsync(HttpRequestMessage request, Boolean async, Boolean doRequestAuth, CancellationToken cancellationToken)
   at System.Net.Http.DiagnosticsHandler.SendAsyncCore(HttpRequestMessage request, Boolean async, CancellationToken cancellationToken)
   at System.Net.Http.RedirectHandler.SendAsync(HttpRequestMessage request, Boolean async, CancellationToken cancellationToken)
   at System.Net.Http.SocketsHttpHandler.&lt;SendAsync&gt;g__CreateHandlerAndSendAsync|115_0(HttpRequestMessage request, CancellationToken cancellationToken)
   at Microsoft.Extensions.Http.Logging.LoggingHttpMessageHandler.&lt;SendCoreAsync&gt;g__Core|4_0(HttpRequestMessage request, Boolean useAsync, CancellationToken cancellationToken)
   at Microsoft.Extensions.Http.Logging.LoggingScopeHttpMessageHandler.&lt;SendCoreAsync&gt;g__Core|4_0(HttpRequestMessage request, Boolean useAsync, CancellationToken cancellationToken)
[15:10:07 INF] HTTP POST /graphql responded 200 in 600.6453 ms
Test 'Ner_RealSidecar_ExtractsRussianEntities' was skipped in the test run.
Test 'Gender_WhenModelAbsent_Returns503WithTypedEnvelope' was skipped in the test run.
Test 'Emotion_WhenModelAbsent_Returns503WithTypedEnvelope' was skipped in the test run.
Test 'Health_RealSidecar_ReturnsServiceBanner' was skipped in the test run.
</StdOut>
    </Output>
    <CollectorDataEntries>
      <Collector agentName="coder-07bfbed8-dfce-4129-8ab7-27d68922a8db-6d45c454c7-wh95m" uri="datacollector://microsoft/CoverletCodeCoverage/1.0" collectorDisplayName="XPlat code coverage">
        <UriAttachments>
          <UriAttachment>
            <A href="coder-07bfbed8-dfce-4129-8ab7-27d68922a8db-6d45c454c7-wh95m/coverage.cobertura.xml"></A>
          </UriAttachment>
        </UriAttachments>
      </Collector>
    </CollectorDataEntries>
  </ResultSummary>
</TestRun>