<?xml version="1.0" encoding="utf-8"?>
<TestRun id="4c5ff58b-ea95-481a-9853-a175ab534a6d" name="@coder-07bfbed8-dfce-4129-8ab7-27d68922a8db-6d45c454c7-wh95m 2026-04-27 15:09:44" xmlns="http://microsoft.com/schemas/VisualStudio/TeamTest/2010">
  <Times creation="2026-04-27T15:09:44.9856844+00:00" queuing="2026-04-27T15:09:44.9856845+00:00" start="2026-04-27T15:09:42.4992774+00:00" finish="2026-04-27T15:09:45.8882826+00:00" />
  <TestSettings name="default" id="580c6ecc-1b4b-4389-a364-bfb621ab7c5a">
    <Deployment runDeploymentRoot="_coder-07bfbed8-dfce-4129-8ab7-27d68922a8db-6d45c454c7-wh95m_2026-04-27_15_09_44" />
  </TestSettings>
  <Results>
    <UnitTestResult executionId="1421e0b7-7902-4d45-b190-1f271aa99e1c" testId="101b975c-f28c-80d6-998e-49e2fd42e2ee" testName="ProcessJobAsync_UnknownJob_IsNoOp" computerName="coder-07bfbed8-dfce-4129-8ab7-27d68922a8db-6d45c454c7-wh95m" duration="00:00:00.0380696" startTime="2026-04-27T15:09:45.2897897+00:00" endTime="2026-04-27T15:09:45.3279300+00:00" testType="13cdc9d9-ddb5-4fa4-a97d-d965ccfc6d4b" outcome="Passed" testListId="8c84fa94-04c1-424b-9868-57a2d4851a1d" relativeResultsDirectory="1421e0b7-7902-4d45-b190-1f271aa99e1c" />
    <UnitTestResult executionId="cc7f2b3d-7035-4d4f-a02c-5ad4ed25b47e" testId="17babaf8-2639-8f52-9573-5e30a14ac4b6" testName="ScheduleAsync_CreatesJobAndTrigger_WithProvidedJobId" computerName="coder-07bfbed8-dfce-4129-8ab7-27d68922a8db-6d45c454c7-wh95m" duration="00:00:00.3344403" startTime="2026-04-27T15:09:44.9889598+00:00" endTime="2026-04-27T15:09:45.3235043+00:00" testType="13cdc9d9-ddb5-4fa4-a97d-d965ccfc6d4b" outcome="Passed" testListId="8c84fa94-04c1-424b-9868-57a2d4851a1d" relativeResultsDirectory="cc7f2b3d-7035-4d4f-a02c-5ad4ed25b47e" />
    <UnitTestResult executionId="5acb8ba5-d4d3-446f-8433-dbcb509c5951" testId="1f712349-7cb6-856d-b9cc-4baa72d4e722" testName="Handler_WhenObsidianDisabled_DoesNotWriteToVault" computerName="coder-07bfbed8-dfce-4129-8ab7-27d68922a8db-6d45c454c7-wh95m" duration="00:00:00.3480880" startTime="2026-04-27T15:09:44.9765012+00:00" endTime="2026-04-27T15:09:45.3246838+00:00" testType="13cdc9d9-ddb5-4fa4-a97d-d965ccfc6d4b" outcome="Passed" testListId="8c84fa94-04c1-424b-9868-57a2d4851a1d" relativeResultsDirectory="5acb8ba5-d4d3-446f-8433-dbcb509c5951" />
    <UnitTestResult executionId="fa4b9fd5-b80f-4663-af45-fcc745436566" testId="103d06de-4f54-8736-a861-872edf632f9e" testName="CorrectAsync_EmptyInput_ReturnsEmptyWithoutInvokingLlm" computerName="coder-07bfbed8-dfce-4129-8ab7-27d68922a8db-6d45c454c7-wh95m" duration="00:00:00.0051913" startTime="2026-04-27T15:09:45.2723989+00:00" endTime="2026-04-27T15:09:45.2777169+00:00" testType="13cdc9d9-ddb5-4fa4-a97d-d965ccfc6d4b" outcome="Passed" testListId="8c84fa94-04c1-424b-9868-57a2d4851a1d" relativeResultsDirectory="fa4b9fd5-b80f-4663-af45-fcc745436566" />
    <UnitTestResult executionId="d4e740e3-62e7-4344-abb8-f6e08771181d" testId="1e6ac7d8-b9b3-8b3e-b1c6-205c370a10e8" testName="Chunk_TextLongerThanChunk_OverlapsByOverlapChars" computerName="coder-07bfbed8-dfce-4129-8ab7-27d68922a8db-6d45c454c7-wh95m" duration="00:00:00.0017482" startTime="2026-04-27T15:09:45.2737209+00:00" endTime="2026-04-27T15:09:45.2755296+00:00" testType="13cdc9d9-ddb5-4fa4-a97d-d965ccfc6d4b" outcome="Passed" testListId="8c84fa94-04c1-424b-9868-57a2d4851a1d" relativeResultsDirectory="d4e740e3-62e7-4344-abb8-f6e08771181d" />
    <UnitTestResult executionId="e28fc6bf-d2a3-488b-92cd-b96821ad638b" testId="10393595-4858-8925-9615-9d9c528db066" testName="StreamCore_BufferCapReached_UsesCommitPathNotEmitPath" computerName="coder-07bfbed8-dfce-4129-8ab7-27d68922a8db-6d45c454c7-wh95m" duration="00:00:00.1999854" startTime="2026-04-27T15:09:45.0886347+00:00" endTime="2026-04-27T15:09:45.2887091+00:00" testType="13cdc9d9-ddb5-4fa4-a97d-d965ccfc6d4b" outcome="Passed" testListId="8c84fa94-04c1-424b-9868-57a2d4851a1d" relativeResultsDirectory="e28fc6bf-d2a3-488b-92cd-b96821ad638b" />
    <UnitTestResult executionId="8537f045-3b0a-42fa-bc29-9caf9c1b9aeb" testId="17288da4-0891-833e-9a8c-c81fb9f2f7ba" testName="Factory_UnknownValue_LogsWarn_FallsBackToDefault" computerName="coder-07bfbed8-dfce-4129-8ab7-27d68922a8db-6d45c454c7-wh95m" duration="00:00:00.0107382" startTime="2026-04-27T15:09:45.2776373+00:00" endTime="2026-04-27T15:09:45.2884466+00:00" testType="13cdc9d9-ddb5-4fa4-a97d-d965ccfc6d4b" outcome="Passed" testListId="8c84fa94-04c1-424b-9868-57a2d4851a1d" relativeResultsDirectory="8537f045-3b0a-42fa-bc29-9caf9c1b9aeb" />
    <UnitTestResult executionId="31d5601f-b389-499d-b0d1-dd1cc495b46f" testId="1468ec01-503e-86fd-8b5a-1499684b8a2c" testName="AnswerAsync_LlmThrows_FallsBackGracefully" computerName="coder-07bfbed8-dfce-4129-8ab7-27d68922a8db-6d45c454c7-wh95m" duration="00:00:00.2257454" startTime="2026-04-27T15:09:44.8761461+00:00" endTime="2026-04-27T15:09:45.1182115+00:00" testType="13cdc9d9-ddb5-4fa4-a97d-d965ccfc6d4b" outcome="Passed" testListId="8c84fa94-04c1-424b-9868-57a2d4851a1d" relativeResultsDirectory="31d5601f-b389-499d-b0d1-dd1cc495b46f" />
    <UnitTestResult executionId="7a7fc041-4e83-4cec-a99b-9bd46396640b" testId="15dbbda3-a8fc-8f79-8758-df1c1258234d" testName="StopAsync_WhenLlmPolishDisabled_ReturnsRawTextBoth" computerName="coder-07bfbed8-dfce-4129-8ab7-27d68922a8db-6d45c454c7-wh95m" duration="00:00:00.0587351" startTime="2026-04-27T15:09:45.1757120+00:00" endTime="2026-04-27T15:09:45.2345653+00:00" testType="13cdc9d9-ddb5-4fa4-a97d-d965ccfc6d4b" outcome="Passed" testListId="8c84fa94-04c1-424b-9868-57a2d4851a1d" relativeResultsDirectory="7a7fc041-4e83-4cec-a99b-9bd46396640b" />
    <UnitTestResult executionId="ab889ba6-ad6b-46b8-b6dc-b1687d202916" testId="152dc85c-437e-8b4e-bffb-e3825b334a10" testName="ProcessJobAsync_UnknownRecording_MarksJobFailed" computerName="coder-07bfbed8-dfce-4129-8ab7-27d68922a8db-6d45c454c7-wh95m" duration="00:00:00.0411116" startTime="2026-04-27T15:09:45.2952081+00:00" endTime="2026-04-27T15:09:45.3363793+00:00" testType="13cdc9d9-ddb5-4fa4-a97d-d965ccfc6d4b" outcome="Passed" testListId="8c84fa94-04c1-424b-9868-57a2d4851a1d" relativeResultsDirectory="ab889ba6-ad6b-46b8-b6dc-b1687d202916" />
    <UnitTestResult executionId="e612d85a-f1e9-471b-8863-0aace7a723ce" testId="13607194-0ebd-8f85-b849-66bc8bda9377" testName="StopAsync_DrainsPcmStreamBeforeCompletingAudioChannel" computerName="coder-07bfbed8-dfce-4129-8ab7-27d68922a8db-6d45c454c7-wh95m" duration="00:00:00.0753517" startTime="2026-04-27T15:09:45.1711456+00:00" endTime="2026-04-27T15:09:45.2465710+00:00" testType="13cdc9d9-ddb5-4fa4-a97d-d965ccfc6d4b" outcome="Passed" testListId="8c84fa94-04c1-424b-9868-57a2d4851a1d" relativeResultsDirectory="e612d85a-f1e9-471b-8863-0aace7a723ce" />
    <UnitTestResult executionId="c97f3775-fa33-426c-9816-1fe75ac8f95b" testId="137c5f33-d2c9-8164-9f4e-92a027f98e85" testName="Apply_preserves_user_VaultPath_when_set_even_if_missing_on_disk" computerName="coder-07bfbed8-dfce-4129-8ab7-27d68922a8db-6d45c454c7-wh95m" duration="00:00:00.0019658" startTime="2026-04-27T15:09:45.0035925+00:00" endTime="2026-04-27T15:09:45.0056206+00:00" testType="13cdc9d9-ddb5-4fa4-a97d-d965ccfc6d4b" outcome="Passed" testListId="8c84fa94-04c1-424b-9868-57a2d4851a1d" relativeResultsDirectory="c97f3775-fa33-426c-9816-1fe75ac8f95b" />
    <UnitTestResult executionId="84cb30fc-10e8-44d1-8e1c-880c667ca149" testId="1d06d91f-1dec-8519-846d-dfe5d37cc44e" testName="Factory_Anthropic_ReturnsAnthropicProvider" computerName="coder-07bfbed8-dfce-4129-8ab7-27d68922a8db-6d45c454c7-wh95m" duration="00:00:00.0098647" startTime="2026-04-27T15:09:45.2767820+00:00" endTime="2026-04-27T15:09:45.2867100+00:00" testType="13cdc9d9-ddb5-4fa4-a97d-d965ccfc6d4b" outcome="Passed" testListId="8c84fa94-04c1-424b-9868-57a2d4851a1d" relativeResultsDirectory="84cb30fc-10e8-44d1-8e1c-880c667ca149" />
    <UnitTestResult executionId="01b5fe0f-8a5e-4a46-97b7-3971846e680f" testId="16d8ae59-4939-8dec-ba3f-331d50200063" testName="ProcessJobAsync_HappyPath_PersistsNoteWithExportFlagFalse" computerName="coder-07bfbed8-dfce-4129-8ab7-27d68922a8db-6d45c454c7-wh95m" duration="00:00:00.0489316" startTime="2026-04-27T15:09:45.2932498+00:00" endTime="2026-04-27T15:09:45.3422477+00:00" testType="13cdc9d9-ddb5-4fa4-a97d-d965ccfc6d4b" outcome="Passed" testListId="8c84fa94-04c1-424b-9868-57a2d4851a1d" relativeResultsDirectory="01b5fe0f-8a5e-4a46-97b7-3971846e680f" />
    <UnitTestResult executionId="2155a623-e9b2-4223-b9bd-1bb18575369d" testId="1d1c641c-9545-8026-8e75-ce29bca1d56e" testName="Eviction_TriggersPostEvictionCallback_WithCachedResource" computerName="coder-07bfbed8-dfce-4129-8ab7-27d68922a8db-6d45c454c7-wh95m" duration="00:00:00.0069177" startTime="2026-04-27T15:09:44.9658987+00:00" endTime="2026-04-27T15:09:44.9728809+00:00" testType="13cdc9d9-ddb5-4fa4-a97d-d965ccfc6d4b" outcome="Passed" testListId="8c84fa94-04c1-424b-9868-57a2d4851a1d" relativeResultsDirectory="2155a623-e9b2-4223-b9bd-1bb18575369d" />
    <UnitTestResult executionId="a532b979-ec8a-40ea-b699-13073f57567c" testId="1ef9b584-0227-8a43-91ed-e5a1c334a140" testName="StreamCore_TranscribeReturnsEmpty_ClearsBufferAndYieldsNothing" computerName="coder-07bfbed8-dfce-4129-8ab7-27d68922a8db-6d45c454c7-wh95m" duration="00:00:00.1084298" startTime="2026-04-27T15:09:45.0633737+00:00" endTime="2026-04-27T15:09:45.1719256+00:00" testType="13cdc9d9-ddb5-4fa4-a97d-d965ccfc6d4b" outcome="Passed" testListId="8c84fa94-04c1-424b-9868-57a2d4851a1d" relativeResultsDirectory="a532b979-ec8a-40ea-b699-13073f57567c" />
    <UnitTestResult executionId="22126da7-6f34-463e-a07b-e6ceefbb2589" testId="17d7bbf9-2aa0-8886-9f29-4128fbca50da" testName="FromExtension_KnownFormat_ReturnsExpectedEnum (&quot;.webm&quot;,Webm)" computerName="coder-07bfbed8-dfce-4129-8ab7-27d68922a8db-6d45c454c7-wh95m" duration="00:00:00.0000238" startTime="2026-04-27T15:09:45.1258981+00:00" endTime="2026-04-27T15:09:45.1260048+00:00" testType="13cdc9d9-ddb5-4fa4-a97d-d965ccfc6d4b" outcome="Passed" testListId="8c84fa94-04c1-424b-9868-57a2d4851a1d" relativeResultsDirectory="22126da7-6f34-463e-a07b-e6ceefbb2589" />
    <UnitTestResult executionId="631f66d0-c197-4aaa-b37d-4b0309c4562a" testId="19faae09-c6c3-8610-afc2-df20309ea4b7" testName="StopAsync_WhenLlmPolishEnabledButLlmUnavailable_ReturnsRawText" computerName="coder-07bfbed8-dfce-4129-8ab7-27d68922a8db-6d45c454c7-wh95m" duration="00:00:00.0605949" startTime="2026-04-27T15:09:45.1773908+00:00" endTime="2026-04-27T15:09:45.2380571+00:00" testType="13cdc9d9-ddb5-4fa4-a97d-d965ccfc6d4b" outcome="Passed" testListId="8c84fa94-04c1-424b-9868-57a2d4851a1d" relativeResultsDirectory="631f66d0-c197-4aaa-b37d-4b0309c4562a" />
    <UnitTestResult executionId="102b6b24-87fb-4e97-b743-e3363636325b" testId="194219ac-80cb-8dc5-87e2-7cbe6d483a5b" testName="Chunk_TrimsAndDropsBlankParagraphs" computerName="coder-07bfbed8-dfce-4129-8ab7-27d68922a8db-6d45c454c7-wh95m" duration="00:00:00.0877138" startTime="2026-04-27T15:09:44.8738494+00:00" endTime="2026-04-27T15:09:44.9802198+00:00" testType="13cdc9d9-ddb5-4fa4-a97d-d965ccfc6d4b" outcome="Passed" testListId="8c84fa94-04c1-424b-9868-57a2d4851a1d" relativeResultsDirectory="102b6b24-87fb-4e97-b743-e3363636325b" />
    <UnitTestResult executionId="4ecded2b-afa5-433a-b54f-9584ee72fbb6" testId="18bdf80c-a784-8ec1-bf35-476865426850" testName="ExecuteAsync_DriftedType_LogsWarning" computerName="coder-07bfbed8-dfce-4129-8ab7-27d68922a8db-6d45c454c7-wh95m" duration="00:00:00.1686235" startTime="2026-04-27T15:09:45.0106977+00:00" endTime="2026-04-27T15:09:45.1793901+00:00" testType="13cdc9d9-ddb5-4fa4-a97d-d965ccfc6d4b" outcome="Passed" testListId="8c84fa94-04c1-424b-9868-57a2d4851a1d" relativeResultsDirectory="4ecded2b-afa5-433a-b54f-9584ee72fbb6" />
    <UnitTestResult executionId="ffae87b6-0abb-4a18-8496-6baac57a05aa" testId="10db1dc3-e1ae-87ec-aab1-ec7925d62a92" testName="ExecuteAsync_ClientUnreachable_SwallowsHttpException" computerName="coder-07bfbed8-dfce-4129-8ab7-27d68922a8db-6d45c454c7-wh95m" duration="00:00:00.1742774" startTime="2026-04-27T15:09:45.0097998+00:00" endTime="2026-04-27T15:09:45.1842013+00:00" testType="13cdc9d9-ddb5-4fa4-a97d-d965ccfc6d4b" outcome="Passed" testListId="8c84fa94-04c1-424b-9868-57a2d4851a1d" relativeResultsDirectory="ffae87b6-0abb-4a18-8496-6baac57a05aa" />
    <UnitTestResult executionId="dc500d20-33a4-447c-9106-4377d0fe470e" testId="1d7f01e7-cc15-8b6e-890c-5e150b3fa9b3" testName="ProcessJobAsync_WhenHostStopping_RethrowsCancellation" computerName="coder-07bfbed8-dfce-4129-8ab7-27d68922a8db-6d45c454c7-wh95m" duration="00:00:00.0412455" startTime="2026-04-27T15:09:45.2970672+00:00" endTime="2026-04-27T15:09:45.3383802+00:00" testType="13cdc9d9-ddb5-4fa4-a97d-d965ccfc6d4b" outcome="Passed" testListId="8c84fa94-04c1-424b-9868-57a2d4851a1d" relativeResultsDirectory="dc500d20-33a4-447c-9106-4377d0fe470e" />
    <UnitTestResult executionId="27146f54-6688-460f-bf01-1178bb21b42e" testId="108529ee-ac08-8842-ad33-78e206f1a2be" testName="StopAsync_UnknownSession_IsNoOp" computerName="coder-07bfbed8-dfce-4129-8ab7-27d68922a8db-6d45c454c7-wh95m" duration="00:00:00.0099978" startTime="2026-04-27T15:09:44.9615031+00:00" endTime="2026-04-27T15:09:44.9715709+00:00" testType="13cdc9d9-ddb5-4fa4-a97d-d965ccfc6d4b" outcome="Passed" testListId="8c84fa94-04c1-424b-9868-57a2d4851a1d" relativeResultsDirectory="27146f54-6688-460f-bf01-1178bb21b42e" />
    <UnitTestResult executionId="bc3f95d5-2c37-4634-990d-efdfd0ba32d0" testId="13bbdca0-86e4-8c85-b5ac-22305f9783eb" testName="Cancelled_ParsesFromItsName" computerName="coder-07bfbed8-dfce-4129-8ab7-27d68922a8db-6d45c454c7-wh95m" duration="00:00:00.0053060" startTime="2026-04-27T15:09:45.1633051+00:00" endTime="2026-04-27T15:09:45.1687346+00:00" testType="13cdc9d9-ddb5-4fa4-a97d-d965ccfc6d4b" outcome="Passed" testListId="8c84fa94-04c1-424b-9868-57a2d4851a1d" relativeResultsDirectory="bc3f95d5-2c37-4634-990d-efdfd0ba32d0" />
    <UnitTestResult executionId="a5226b15-d30e-41dc-b44f-1f548fc378d3" testId="191a8b79-c644-8adc-b607-f4b4d51d5423" testName="PushRawChunkAsync_DoesNotStartStreamForPcmOnlySessions" computerName="coder-07bfbed8-dfce-4129-8ab7-27d68922a8db-6d45c454c7-wh95m" duration="00:00:00.0656290" startTime="2026-04-27T15:09:45.1735319+00:00" endTime="2026-04-27T15:09:45.2392215+00:00" testType="13cdc9d9-ddb5-4fa4-a97d-d965ccfc6d4b" outcome="Passed" testListId="8c84fa94-04c1-424b-9868-57a2d4851a1d" relativeResultsDirectory="a5226b15-d30e-41dc-b44f-1f548fc378d3" />
    <UnitTestResult executionId="98ab3d0b-97fc-4dca-9eb4-766b945892ee" testId="17524a90-4a03-8a4e-b487-1c2855a948aa" testName="Generate_MergesAutoTagsWithNoteTags_Unique" computerName="coder-07bfbed8-dfce-4129-8ab7-27d68922a8db-6d45c454c7-wh95m" duration="00:00:00.0059675" startTime="2026-04-27T15:09:45.2846127+00:00" endTime="2026-04-27T15:09:45.2906454+00:00" testType="13cdc9d9-ddb5-4fa4-a97d-d965ccfc6d4b" outcome="Passed" testListId="8c84fa94-04c1-424b-9868-57a2d4851a1d" relativeResultsDirectory="98ab3d0b-97fc-4dca-9eb4-766b945892ee" />
    <UnitTestResult executionId="f273af70-0f7c-4586-882c-3699d1ffe710" testId="123ea7c9-5ec6-848a-8af7-897b3a09aaae" testName="Apply_preserves_user_WhisperModelPath_when_set" computerName="coder-07bfbed8-dfce-4129-8ab7-27d68922a8db-6d45c454c7-wh95m" duration="00:00:00.0034043" startTime="2026-04-27T15:09:45.0024921+00:00" endTime="2026-04-27T15:09:45.0059755+00:00" testType="13cdc9d9-ddb5-4fa4-a97d-d965ccfc6d4b" outcome="Passed" testListId="8c84fa94-04c1-424b-9868-57a2d4851a1d" relativeResultsDirectory="f273af70-0f7c-4586-882c-3699d1ffe710" />
    <UnitTestResult executionId="debee0bb-4931-440a-99ff-912e9f3f301d" testId="1e08857d-9331-86e7-b51d-7a4dc7cd9506" testName="ContainsSpeech_ForSineToneAboveThreshold_ReturnsTrue" computerName="coder-07bfbed8-dfce-4129-8ab7-27d68922a8db-6d45c454c7-wh95m" duration="00:00:00.0241931" startTime="2026-04-27T15:09:45.3012545+00:00" endTime="2026-04-27T15:09:45.3255283+00:00" testType="13cdc9d9-ddb5-4fa4-a97d-d965ccfc6d4b" outcome="Passed" testListId="8c84fa94-04c1-424b-9868-57a2d4851a1d" relativeResultsDirectory="debee0bb-4931-440a-99ff-912e9f3f301d" />
    <UnitTestResult executionId="9e6118f6-381c-4526-a7f5-50dbb8221149" testId="1fff5ce5-1e98-81e7-bde9-bdab0cc82f72" testName="DefaultVadModelPath_filename_is_Silero_v620" computerName="coder-07bfbed8-dfce-4129-8ab7-27d68922a8db-6d45c454c7-wh95m" duration="00:00:00.0009642" startTime="2026-04-27T15:09:44.9496754+00:00" endTime="2026-04-27T15:09:44.9507286+00:00" testType="13cdc9d9-ddb5-4fa4-a97d-d965ccfc6d4b" outcome="Passed" testListId="8c84fa94-04c1-424b-9868-57a2d4851a1d" relativeResultsDirectory="9e6118f6-381c-4526-a7f5-50dbb8221149" />
    <UnitTestResult executionId="330c73dc-aa46-4cec-9a65-b845c03fa328" testId="140ede95-c3a3-8823-a74c-42877371de4f" testName="GetDurationAsync_returns_real_duration_for_2s_wav" computerName="coder-07bfbed8-dfce-4129-8ab7-27d68922a8db-6d45c454c7-wh95m" duration="00:00:00.0206789" startTime="2026-04-27T15:09:44.9635739+00:00" endTime="2026-04-27T15:09:44.9843799+00:00" testType="13cdc9d9-ddb5-4fa4-a97d-d965ccfc6d4b" outcome="NotExecuted" testListId="8c84fa94-04c1-424b-9868-57a2d4851a1d" relativeResultsDirectory="330c73dc-aa46-4cec-9a65-b845c03fa328">
      <Output>
        <ErrorInfo>
          <Message>Assert.Inconclusive failed. ffprobe not on PATH — skipping.</Message>
          <StackTrace>   at Microsoft.VisualStudio.TestTools.UnitTesting.Assert.Inconclusive(String message) in /_/src/TestFramework/TestFramework/Assertions/Assert.Inconclusive.cs:line 27
   at Mozgoslav.Tests.Infrastructure.FfprobeAudioMetadataProbeTests.GetDurationAsync_returns_real_duration_for_2s_wav() in /home/coder/workspace/mozgoslav/backend/tests/Mozgoslav.Tests/Infrastructure/FfprobeAudioMetadataProbeTests.cs:line 22
   at Microsoft.VisualStudio.TestPlatform.MSTest.TestAdapter.Execution.TestMethodInfo.ExecuteInternalAsync(Object[] arguments, CancellationTokenSource timeoutTokenSource) in /_/src/Adapter/MSTestAdapter.PlatformServices/Execution/TestMethodInfo.cs:line 391</StackTrace>
        </ErrorInfo>
      </Output>
    </UnitTestResult>
    <UnitTestResult executionId="d8de54b5-7aec-497d-aa33-55c57b98afd7" testId="101e11b2-0d2c-8f2c-8b3f-4c981ab0e1ab" testName="ParseBatch_ItemFinished_WithoutConflictPath_NoFileConflictSet" computerName="coder-07bfbed8-dfce-4129-8ab7-27d68922a8db-6d45c454c7-wh95m" duration="00:00:00.0358474" startTime="2026-04-27T15:09:45.3381848+00:00" endTime="2026-04-27T15:09:45.3741279+00:00" testType="13cdc9d9-ddb5-4fa4-a97d-d965ccfc6d4b" outcome="Passed" testListId="8c84fa94-04c1-424b-9868-57a2d4851a1d" relativeResultsDirectory="d8de54b5-7aec-497d-aa33-55c57b98afd7" />
    <UnitTestResult executionId="417d4b94-4bf3-47dc-99f7-22199d5d2a37" testId="14513f6e-a192-81ef-b3e3-044d8e9087b9" testName="ExecuteAsync_NewFile_StoresRecordingAndEnqueuesJob" computerName="coder-07bfbed8-dfce-4129-8ab7-27d68922a8db-6d45c454c7-wh95m" duration="00:00:00.3117099" startTime="2026-04-27T15:09:44.8652429+00:00" endTime="2026-04-27T15:09:45.2042727+00:00" testType="13cdc9d9-ddb5-4fa4-a97d-d965ccfc6d4b" outcome="Passed" testListId="8c84fa94-04c1-424b-9868-57a2d4851a1d" relativeResultsDirectory="417d4b94-4bf3-47dc-99f7-22199d5d2a37" />
    <UnitTestResult executionId="07543da3-d0fe-4a69-afa4-7498f0574033" testId="19b64210-7909-8e83-98b5-142f180e1380" testName="ProcessJobAsync_HappyPath_PublishesProcessedNoteSavedAfterAdd" computerName="coder-07bfbed8-dfce-4129-8ab7-27d68922a8db-6d45c454c7-wh95m" duration="00:00:00.0482644" startTime="2026-04-27T15:09:45.2940132+00:00" endTime="2026-04-27T15:09:45.3423344+00:00" testType="13cdc9d9-ddb5-4fa4-a97d-d965ccfc6d4b" outcome="Passed" testListId="8c84fa94-04c1-424b-9868-57a2d4851a1d" relativeResultsDirectory="07543da3-d0fe-4a69-afa4-7498f0574033" />
    <UnitTestResult executionId="2e6747a3-f0b8-4132-9d0e-f04a404c2c8b" testId="14ad42c9-b270-88bd-aacc-9a640667c3fd" testName="ProcessJobAsync_NoteVersion_StartsAtOne_WhenNoPriorNotesExist" computerName="coder-07bfbed8-dfce-4129-8ab7-27d68922a8db-6d45c454c7-wh95m" duration="00:00:00.0513373" startTime="2026-04-27T15:09:45.2908567+00:00" endTime="2026-04-27T15:09:45.3422598+00:00" testType="13cdc9d9-ddb5-4fa4-a97d-d965ccfc6d4b" outcome="Passed" testListId="8c84fa94-04c1-424b-9868-57a2d4851a1d" relativeResultsDirectory="2e6747a3-f0b8-4132-9d0e-f04a404c2c8b" />
    <UnitTestResult executionId="97bddeea-9d72-49a4-90d9-64eaa5d19533" testId="186e1b33-d445-8bfc-b862-8b505758e1fa" testName="CancelAsync_UnknownSession_IsNoOp" computerName="coder-07bfbed8-dfce-4129-8ab7-27d68922a8db-6d45c454c7-wh95m" duration="00:00:00.0090393" startTime="2026-04-27T15:09:44.9624511+00:00" endTime="2026-04-27T15:09:44.9715556+00:00" testType="13cdc9d9-ddb5-4fa4-a97d-d965ccfc6d4b" outcome="Passed" testListId="8c84fa94-04c1-424b-9868-57a2d4851a1d" relativeResultsDirectory="97bddeea-9d72-49a4-90d9-64eaa5d19533" />
    <UnitTestResult executionId="b55299ce-b19a-4d05-9f4e-f06ec48c3d43" testId="1fa8556b-af8a-886d-a96f-c29a3cf9d5eb" testName="ParseBatch_MalformedEntry_IsSilentlySkipped" computerName="coder-07bfbed8-dfce-4129-8ab7-27d68922a8db-6d45c454c7-wh95m" duration="00:00:00.0347969" startTime="2026-04-27T15:09:45.3392989+00:00" endTime="2026-04-27T15:09:45.3741661+00:00" testType="13cdc9d9-ddb5-4fa4-a97d-d965ccfc6d4b" outcome="Passed" testListId="8c84fa94-04c1-424b-9868-57a2d4851a1d" relativeResultsDirectory="b55299ce-b19a-4d05-9f4e-f06ec48c3d43" />
    <UnitTestResult executionId="2a5fdff9-ef00-44d7-8a9a-a888d05a29c6" testId="199a5249-a11b-8911-8e92-ac6cfe30e5d6" testName="Sha256Async_FromFile_MatchesStreamHash" computerName="coder-07bfbed8-dfce-4129-8ab7-27d68922a8db-6d45c454c7-wh95m" duration="00:00:00.0061529" startTime="2026-04-27T15:09:45.1616779+00:00" endTime="2026-04-27T15:09:45.1679512+00:00" testType="13cdc9d9-ddb5-4fa4-a97d-d965ccfc6d4b" outcome="Passed" testListId="8c84fa94-04c1-424b-9868-57a2d4851a1d" relativeResultsDirectory="2a5fdff9-ef00-44d7-8a9a-a888d05a29c6" />
    <UnitTestResult executionId="8e2f7e0d-195c-4bdf-849d-1b7968c38bad" testId="1962f4e9-afcb-86ea-812f-b1b8bd171a51" testName="ExecuteAsync_leaves_Duration_zero_when_probe_is_not_wired" computerName="coder-07bfbed8-dfce-4129-8ab7-27d68922a8db-6d45c454c7-wh95m" duration="00:00:00.2820406" startTime="2026-04-27T15:09:44.8662975+00:00" endTime="2026-04-27T15:09:45.1744218+00:00" testType="13cdc9d9-ddb5-4fa4-a97d-d965ccfc6d4b" outcome="Passed" testListId="8c84fa94-04c1-424b-9868-57a2d4851a1d" relativeResultsDirectory="8e2f7e0d-195c-4bdf-849d-1b7968c38bad" />
    <UnitTestResult executionId="00df22af-73d3-4bab-ab86-d67d9b397864" testId="1faa719f-bb07-8f9a-8ce0-066654d7fa92" testName="ConvertToWavAsync_MissingInputFile_ThrowsFileNotFound" computerName="coder-07bfbed8-dfce-4129-8ab7-27d68922a8db-6d45c454c7-wh95m" duration="00:00:00.0131654" startTime="2026-04-27T15:09:44.9573252+00:00" endTime="2026-04-27T15:09:44.9705989+00:00" testType="13cdc9d9-ddb5-4fa4-a97d-d965ccfc6d4b" outcome="Passed" testListId="8c84fa94-04c1-424b-9868-57a2d4851a1d" relativeResultsDirectory="00df22af-73d3-4bab-ab86-d67d9b397864" />
    <UnitTestResult executionId="a6c7e23c-b371-4c31-bf99-ba98211b8798" testId="1670cc9c-9bd1-8287-ae3d-5be38218c4e0" testName="Build_EmitsAllThreeFolders_WhenVaultPathIsProvided" computerName="coder-07bfbed8-dfce-4129-8ab7-27d68922a8db-6d45c454c7-wh95m" duration="00:00:00.0089998" startTime="2026-04-27T15:09:45.3231857+00:00" endTime="2026-04-27T15:09:45.3323338+00:00" testType="13cdc9d9-ddb5-4fa4-a97d-d965ccfc6d4b" outcome="Passed" testListId="8c84fa94-04c1-424b-9868-57a2d4851a1d" relativeResultsDirectory="a6c7e23c-b371-4c31-bf99-ba98211b8798" />
    <UnitTestResult executionId="81c92200-6b9e-4ffc-a7f1-d9f9613ddb98" testId="1fac20eb-e6df-877e-b548-7482b5aca572" testName="GenerateApiKey_ProducesHex_OfExpectedLength" computerName="coder-07bfbed8-dfce-4129-8ab7-27d68922a8db-6d45c454c7-wh95m" duration="00:00:00.0021289" startTime="2026-04-27T15:09:45.3296129+00:00" endTime="2026-04-27T15:09:45.3318029+00:00" testType="13cdc9d9-ddb5-4fa4-a97d-d965ccfc6d4b" outcome="Passed" testListId="8c84fa94-04c1-424b-9868-57a2d4851a1d" relativeResultsDirectory="81c92200-6b9e-4ffc-a7f1-d9f9613ddb98" />
    <UnitTestResult executionId="522f1429-3fae-4ac4-a417-98f8766a7ca4" testId="19fb48f6-6b22-8e86-b4e8-c44199157931" testName="BuildInitialPrompt_WhenProfileNull_UsesVocabulary" computerName="coder-07bfbed8-dfce-4129-8ab7-27d68922a8db-6d45c454c7-wh95m" duration="00:00:00.0002843" startTime="2026-04-27T15:09:45.2093592+00:00" endTime="2026-04-27T15:09:45.2097304+00:00" testType="13cdc9d9-ddb5-4fa4-a97d-d965ccfc6d4b" outcome="Passed" testListId="8c84fa94-04c1-424b-9868-57a2d4851a1d" relativeResultsDirectory="522f1429-3fae-4ac4-a417-98f8766a7ca4" />
    <UnitTestResult executionId="5a643572-69a2-4290-84b4-2356cee90c82" testId="1d9c1ad1-ea47-838d-aaa2-f6113accc489" testName="BuildInitialPrompt_WhenProfileOverrideWhitespace_FallsBackToVocabulary" computerName="coder-07bfbed8-dfce-4129-8ab7-27d68922a8db-6d45c454c7-wh95m" duration="00:00:00.0011897" startTime="2026-04-27T15:09:45.2035896+00:00" endTime="2026-04-27T15:09:45.2048959+00:00" testType="13cdc9d9-ddb5-4fa4-a97d-d965ccfc6d4b" outcome="Passed" testListId="8c84fa94-04c1-424b-9868-57a2d4851a1d" relativeResultsDirectory="5a643572-69a2-4290-84b4-2356cee90c82" />
    <UnitTestResult executionId="24426f37-fceb-4dd8-91dd-5b09a2653199" testId="1fba7a8b-b016-8ae0-b36f-f6a534912395" testName="ResolveBundledOrUserModel_returns_user_dir_path_when_bundle_is_empty" computerName="coder-07bfbed8-dfce-4129-8ab7-27d68922a8db-6d45c454c7-wh95m" duration="00:00:00.0378171" startTime="2026-04-27T15:09:44.8766172+00:00" endTime="2026-04-27T15:09:44.9332470+00:00" testType="13cdc9d9-ddb5-4fa4-a97d-d965ccfc6d4b" outcome="Passed" testListId="8c84fa94-04c1-424b-9868-57a2d4851a1d" relativeResultsDirectory="24426f37-fceb-4dd8-91dd-5b09a2653199" />
    <UnitTestResult executionId="dd2575a3-1167-4352-8e31-746c5ac7ad71" testId="18a46c91-9b92-861e-b43f-5d1b699c36d7" testName="Parse_NonObjectInput_ReturnsNull" computerName="coder-07bfbed8-dfce-4129-8ab7-27d68922a8db-6d45c454c7-wh95m" duration="00:00:00.0007810" startTime="2026-04-27T15:09:45.3400570+00:00" endTime="2026-04-27T15:09:45.3409168+00:00" testType="13cdc9d9-ddb5-4fa4-a97d-d965ccfc6d4b" outcome="Passed" testListId="8c84fa94-04c1-424b-9868-57a2d4851a1d" relativeResultsDirectory="dd2575a3-1167-4352-8e31-746c5ac7ad71" />
    <UnitTestResult executionId="802f937b-eeca-4cd5-8067-be4cba18c001" testId="1e5a75ad-4375-823b-8bf0-907ed2f56e4a" testName="RemoveByNote_DropsAllChunksOfThatNote" computerName="coder-07bfbed8-dfce-4129-8ab7-27d68922a8db-6d45c454c7-wh95m" duration="00:00:00.0377347" startTime="2026-04-27T15:09:44.8659530+00:00" endTime="2026-04-27T15:09:44.9349272+00:00" testType="13cdc9d9-ddb5-4fa4-a97d-d965ccfc6d4b" outcome="Passed" testListId="8c84fa94-04c1-424b-9868-57a2d4851a1d" relativeResultsDirectory="802f937b-eeca-4cd5-8067-be4cba18c001" />
    <UnitTestResult executionId="8cc5948f-1cb9-436c-a47e-6e4df77374c8" testId="13f07ce1-7328-804c-b2ec-92460d245344" testName="Generate_IncludesFrontmatterAndSummary" computerName="coder-07bfbed8-dfce-4129-8ab7-27d68922a8db-6d45c454c7-wh95m" duration="00:00:00.0134243" startTime="2026-04-27T15:09:45.2788866+00:00" endTime="2026-04-27T15:09:45.2924232+00:00" testType="13cdc9d9-ddb5-4fa4-a97d-d965ccfc6d4b" outcome="Passed" testListId="8c84fa94-04c1-424b-9868-57a2d4851a1d" relativeResultsDirectory="8cc5948f-1cb9-436c-a47e-6e4df77374c8" />
    <UnitTestResult executionId="bacca9b3-033a-44c6-9729-d689d8556be2" testId="1f2ae4dd-55e5-84d0-b40b-aeee25184b8b" testName="GetDurationAsync_returns_zero_when_ffprobe_cannot_parse_input" computerName="coder-07bfbed8-dfce-4129-8ab7-27d68922a8db-6d45c454c7-wh95m" duration="00:00:00.0196883" startTime="2026-04-27T15:09:44.9646070+00:00" endTime="2026-04-27T15:09:44.9843660+00:00" testType="13cdc9d9-ddb5-4fa4-a97d-d965ccfc6d4b" outcome="NotExecuted" testListId="8c84fa94-04c1-424b-9868-57a2d4851a1d" relativeResultsDirectory="bacca9b3-033a-44c6-9729-d689d8556be2">
      <Output>
        <ErrorInfo>
          <Message>Assert.Inconclusive failed. ffprobe not on PATH — skipping.</Message>
          <StackTrace>   at Microsoft.VisualStudio.TestTools.UnitTesting.Assert.Inconclusive(String message) in /_/src/TestFramework/TestFramework/Assertions/Assert.Inconclusive.cs:line 27
   at Mozgoslav.Tests.Infrastructure.FfprobeAudioMetadataProbeTests.GetDurationAsync_returns_zero_when_ffprobe_cannot_parse_input() in /home/coder/workspace/mozgoslav/backend/tests/Mozgoslav.Tests/Infrastructure/FfprobeAudioMetadataProbeTests.cs:line 52
   at Microsoft.VisualStudio.TestPlatform.MSTest.TestAdapter.Execution.TestMethodInfo.ExecuteInternalAsync(Object[] arguments, CancellationTokenSource timeoutTokenSource) in /_/src/Adapter/MSTestAdapter.PlatformServices/Execution/TestMethodInfo.cs:line 391</StackTrace>
        </ErrorInfo>
      </Output>
    </UnitTestResult>
    <UnitTestResult executionId="3fed3a64-43f3-48e7-bfce-e1f37d504076" testId="140ad99a-7dd7-8517-9773-050d3000dcb7" testName="ParseBatch_EmptyArray_ReturnsEmpty" computerName="coder-07bfbed8-dfce-4129-8ab7-27d68922a8db-6d45c454c7-wh95m" duration="00:00:00.0011346" startTime="2026-04-27T15:09:45.3396095+00:00" endTime="2026-04-27T15:09:45.3408102+00:00" testType="13cdc9d9-ddb5-4fa4-a97d-d965ccfc6d4b" outcome="Passed" testListId="8c84fa94-04c1-424b-9868-57a2d4851a1d" relativeResultsDirectory="3fed3a64-43f3-48e7-bfce-e1f37d504076" />
    <UnitTestResult executionId="0a76db0b-56af-4dfb-af2b-b4e064078c62" testId="103662bc-d295-85de-ade0-af10ad357b85" testName="ExecuteAsync_MissingTranscript_Throws" computerName="coder-07bfbed8-dfce-4129-8ab7-27d68922a8db-6d45c454c7-wh95m" duration="00:00:00.0328664" startTime="2026-04-27T15:09:45.2992511+00:00" endTime="2026-04-27T15:09:45.3321702+00:00" testType="13cdc9d9-ddb5-4fa4-a97d-d965ccfc6d4b" outcome="Passed" testListId="8c84fa94-04c1-424b-9868-57a2d4851a1d" relativeResultsDirectory="0a76db0b-56af-4dfb-af2b-b4e064078c62" />
    <UnitTestResult executionId="df5f85a9-5a78-4902-ae78-1a199598b9c4" testId="1cb5080f-db60-8965-bfb6-ac48d84f3215" testName="CreateAsync_ReturnsDestinationPath" computerName="coder-07bfbed8-dfce-4129-8ab7-27d68922a8db-6d45c454c7-wh95m" duration="00:00:00.0094964" startTime="2026-04-27T15:09:45.4401276+00:00" endTime="2026-04-27T15:09:45.4498025+00:00" testType="13cdc9d9-ddb5-4fa4-a97d-d965ccfc6d4b" outcome="Passed" testListId="8c84fa94-04c1-424b-9868-57a2d4851a1d" relativeResultsDirectory="df5f85a9-5a78-4902-ae78-1a199598b9c4" />
    <UnitTestResult executionId="a94b5953-5697-4a9c-afcc-b2cefb49b6f5" testId="1f179e76-711a-8628-a8bb-e48e1bc6bada" testName="Generate_WithMixedNullAndLabeledSegments_RendersNullBlockAsNeutralSpeaker" computerName="coder-07bfbed8-dfce-4129-8ab7-27d68922a8db-6d45c454c7-wh95m" duration="00:00:00.0058605" startTime="2026-04-27T15:09:45.2894954+00:00" endTime="2026-04-27T15:09:45.2954741+00:00" testType="13cdc9d9-ddb5-4fa4-a97d-d965ccfc6d4b" outcome="Passed" testListId="8c84fa94-04c1-424b-9868-57a2d4851a1d" relativeResultsDirectory="a94b5953-5697-4a9c-afcc-b2cefb49b6f5" />
    <UnitTestResult executionId="f320da4a-f57e-4795-9947-41ef4649533c" testId="10f9df58-d3c2-80b5-9ab8-04f55799ca47" testName="Constructor_NonPositiveDimensions_Throws" computerName="coder-07bfbed8-dfce-4129-8ab7-27d68922a8db-6d45c454c7-wh95m" duration="00:00:00.0406810" startTime="2026-04-27T15:09:44.8645701+00:00" endTime="2026-04-27T15:09:44.9333367+00:00" testType="13cdc9d9-ddb5-4fa4-a97d-d965ccfc6d4b" outcome="Passed" testListId="8c84fa94-04c1-424b-9868-57a2d4851a1d" relativeResultsDirectory="f320da4a-f57e-4795-9947-41ef4649533c" />
    <UnitTestResult executionId="751fbef7-aa3c-48e9-a071-b86f1395a2f0" testId="1734fabf-2206-85bc-9d06-c642abc01839" testName="Correct_NullProfile_Throws" computerName="coder-07bfbed8-dfce-4129-8ab7-27d68922a8db-6d45c454c7-wh95m" duration="00:00:00.0016868" startTime="2026-04-27T15:09:45.1681699+00:00" endTime="2026-04-27T15:09:45.1699309+00:00" testType="13cdc9d9-ddb5-4fa4-a97d-d965ccfc6d4b" outcome="Passed" testListId="8c84fa94-04c1-424b-9868-57a2d4851a1d" relativeResultsDirectory="751fbef7-aa3c-48e9-a071-b86f1395a2f0" />
    <UnitTestResult executionId="88abc5ff-b24c-4d14-9450-acfe5ffc024c" testId="152270eb-9629-8e8c-b038-1062870b4bb7" testName="LongformKind_WithNullRecordingId_DoesNotPublishToNotifier" computerName="coder-07bfbed8-dfce-4129-8ab7-27d68922a8db-6d45c454c7-wh95m" duration="00:00:00.2142210" startTime="2026-04-27T15:09:45.2209476+00:00" endTime="2026-04-27T15:09:45.4352919+00:00" testType="13cdc9d9-ddb5-4fa4-a97d-d965ccfc6d4b" outcome="Passed" testListId="8c84fa94-04c1-424b-9868-57a2d4851a1d" relativeResultsDirectory="88abc5ff-b24c-4d14-9450-acfe5ffc024c" />
    <UnitTestResult executionId="5dcafdbb-2b88-49f3-a690-a10075d4b46f" testId="1abdb73e-3e73-8a73-a54c-5b7c7e758773" testName="ExecuteAsync_fills_Duration_from_metadata_probe_when_available" computerName="coder-07bfbed8-dfce-4129-8ab7-27d68922a8db-6d45c454c7-wh95m" duration="00:00:00.2839427" startTime="2026-04-27T15:09:44.8682395+00:00" endTime="2026-04-27T15:09:45.1763357+00:00" testType="13cdc9d9-ddb5-4fa4-a97d-d965ccfc6d4b" outcome="Passed" testListId="8c84fa94-04c1-424b-9868-57a2d4851a1d" relativeResultsDirectory="5dcafdbb-2b88-49f3-a690-a10075d4b46f" />
    <UnitTestResult executionId="d29d422f-6c42-430f-ae67-17da5e16064d" testId="1ab08595-2de3-824f-8f3a-c4e611a3cb4a" testName="SubscribeAsync_TypeIsolated_DoesNotReceiveOtherEventTypes" computerName="coder-07bfbed8-dfce-4129-8ab7-27d68922a8db-6d45c454c7-wh95m" duration="00:00:00.1692231" startTime="2026-04-27T15:09:44.9570336+00:00" endTime="2026-04-27T15:09:45.1263236+00:00" testType="13cdc9d9-ddb5-4fa4-a97d-d965ccfc6d4b" outcome="Passed" testListId="8c84fa94-04c1-424b-9868-57a2d4851a1d" relativeResultsDirectory="d29d422f-6c42-430f-ae67-17da5e16064d" />
    <UnitTestResult executionId="221d8b63-684b-4e78-863b-203e3f5136d4" testId="16edc300-0150-8eaa-babd-cc70169566fb" testName="Correct_WithNoneLevel_ReturnsTextAsIs" computerName="coder-07bfbed8-dfce-4129-8ab7-27d68922a8db-6d45c454c7-wh95m" duration="00:00:00.0023412" startTime="2026-04-27T15:09:45.1658440+00:00" endTime="2026-04-27T15:09:45.1683118+00:00" testType="13cdc9d9-ddb5-4fa4-a97d-d965ccfc6d4b" outcome="Passed" testListId="8c84fa94-04c1-424b-9868-57a2d4851a1d" relativeResultsDirectory="221d8b63-684b-4e78-863b-203e3f5136d4" />
    <UnitTestResult executionId="0c713c3f-18bf-40c0-8d38-380700049c06" testId="1322d5b1-e510-89c4-b4c6-58f403645228" testName="LongformKind_StopAsync_ReturnsEmptyTranscript" computerName="coder-07bfbed8-dfce-4129-8ab7-27d68922a8db-6d45c454c7-wh95m" duration="00:00:00.0129203" startTime="2026-04-27T15:09:45.2201992+00:00" endTime="2026-04-27T15:09:45.2332180+00:00" testType="13cdc9d9-ddb5-4fa4-a97d-d965ccfc6d4b" outcome="Passed" testListId="8c84fa94-04c1-424b-9868-57a2d4851a1d" relativeResultsDirectory="0c713c3f-18bf-40c0-8d38-380700049c06" />
    <UnitTestResult executionId="ad3bc022-1f15-43e3-b8eb-3b0102b450e6" testId="16be703d-39cb-8b7a-a363-241a80ea8fd0" testName="DictationKind_DoesNotPublishToRecordingNotifier" computerName="coder-07bfbed8-dfce-4129-8ab7-27d68922a8db-6d45c454c7-wh95m" duration="00:00:00.2200305" startTime="2026-04-27T15:09:45.2188590+00:00" endTime="2026-04-27T15:09:45.4390717+00:00" testType="13cdc9d9-ddb5-4fa4-a97d-d965ccfc6d4b" outcome="Passed" testListId="8c84fa94-04c1-424b-9868-57a2d4851a1d" relativeResultsDirectory="ad3bc022-1f15-43e3-b8eb-3b0102b450e6" />
    <UnitTestResult executionId="1db910df-5fc9-42df-95e6-ed15b275ca8d" testId="1907a78c-911d-8b37-b7e5-5d74d9a765a6" testName="TranscriptSegment_WithCheckpoint_PreservesUtcTimestamp" computerName="coder-07bfbed8-dfce-4129-8ab7-27d68922a8db-6d45c454c7-wh95m" duration="00:00:00.0047409" startTime="2026-04-27T15:09:45.1655238+00:00" endTime="2026-04-27T15:09:45.1703400+00:00" testType="13cdc9d9-ddb5-4fa4-a97d-d965ccfc6d4b" outcome="Passed" testListId="8c84fa94-04c1-424b-9868-57a2d4851a1d" relativeResultsDirectory="1db910df-5fc9-42df-95e6-ed15b275ca8d" />
    <UnitTestResult executionId="375a9493-ac40-44e4-afd8-72ad87a37c01" testId="1da16450-5530-8d88-8511-607afc328c48" testName="AnswerAsync_WhenLlmAvailable_UsesLlmAnswer" computerName="coder-07bfbed8-dfce-4129-8ab7-27d68922a8db-6d45c454c7-wh95m" duration="00:00:00.1979974" startTime="2026-04-27T15:09:44.8745036+00:00" endTime="2026-04-27T15:09:45.0903664+00:00" testType="13cdc9d9-ddb5-4fa4-a97d-d965ccfc6d4b" outcome="Passed" testListId="8c84fa94-04c1-424b-9868-57a2d4851a1d" relativeResultsDirectory="375a9493-ac40-44e4-afd8-72ad87a37c01" />
    <UnitTestResult executionId="9e550d22-b3a3-42bc-9fe0-74342ac717f5" testId="1515af4c-97ca-80d8-b481-0e3f62d7b8dd" testName="StopAsync_WhenLlmPolishThrows_FallsBackToRawText" computerName="coder-07bfbed8-dfce-4129-8ab7-27d68922a8db-6d45c454c7-wh95m" duration="00:00:00.0574816" startTime="2026-04-27T15:09:45.1786518+00:00" endTime="2026-04-27T15:09:45.2361984+00:00" testType="13cdc9d9-ddb5-4fa4-a97d-d965ccfc6d4b" outcome="Passed" testListId="8c84fa94-04c1-424b-9868-57a2d4851a1d" relativeResultsDirectory="9e550d22-b3a3-42bc-9fe0-74342ac717f5" />
    <UnitTestResult executionId="21d6b130-c4ea-4783-807a-5f6f9c5d1236" testId="1bc5faab-cd9b-86c8-8744-5325107882e3" testName="FromExtension_KnownFormat_ReturnsExpectedEnum (&quot;m4a&quot;,M4A)" computerName="coder-07bfbed8-dfce-4129-8ab7-27d68922a8db-6d45c454c7-wh95m" duration="00:00:00.0004703" startTime="2026-04-27T15:09:45.1209469+00:00" endTime="2026-04-27T15:09:45.1214896+00:00" testType="13cdc9d9-ddb5-4fa4-a97d-d965ccfc6d4b" outcome="Passed" testListId="8c84fa94-04c1-424b-9868-57a2d4851a1d" relativeResultsDirectory="21d6b130-c4ea-4783-807a-5f6f9c5d1236" />
    <UnitTestResult executionId="d1bccbb9-b815-4b15-be22-35277174def5" testId="1fd7f145-4c69-8356-a822-322a4a5186b6" testName="TryBuildInitialPrompt_TruncatesToSafeBudget" computerName="coder-07bfbed8-dfce-4129-8ab7-27d68922a8db-6d45c454c7-wh95m" duration="00:00:00.0024232" startTime="2026-04-27T15:09:45.2712977+00:00" endTime="2026-04-27T15:09:45.2738097+00:00" testType="13cdc9d9-ddb5-4fa4-a97d-d965ccfc6d4b" outcome="Passed" testListId="8c84fa94-04c1-424b-9868-57a2d4851a1d" relativeResultsDirectory="d1bccbb9-b815-4b15-be22-35277174def5" />
    <UnitTestResult executionId="0b6399cf-4de7-447c-8aea-0d1a53347d8e" testId="10acb10e-00b2-8dab-8199-4e5d3e565e4f" testName="TryBuildInitialPrompt_EmptyGlossary_ReturnsNull" computerName="coder-07bfbed8-dfce-4129-8ab7-27d68922a8db-6d45c454c7-wh95m" duration="00:00:00.0028217" startTime="2026-04-27T15:09:45.2401205+00:00" endTime="2026-04-27T15:09:45.2430994+00:00" testType="13cdc9d9-ddb5-4fa4-a97d-d965ccfc6d4b" outcome="Passed" testListId="8c84fa94-04c1-424b-9868-57a2d4851a1d" relativeResultsDirectory="0b6399cf-4de7-447c-8aea-0d1a53347d8e" />
    <UnitTestResult executionId="3a07d455-1fdf-4fd3-b2af-bf596192cd11" testId="14c0c69e-0a9d-8568-bef8-ba3b96e0935e" testName="FolderMapping_Create_StoresAliasAndVaultPathAndCategory" computerName="coder-07bfbed8-dfce-4129-8ab7-27d68922a8db-6d45c454c7-wh95m" duration="00:00:00.0062306" startTime="2026-04-27T15:09:45.1360449+00:00" endTime="2026-04-27T15:09:45.1424094+00:00" testType="13cdc9d9-ddb5-4fa4-a97d-d965ccfc6d4b" outcome="Passed" testListId="8c84fa94-04c1-424b-9868-57a2d4851a1d" relativeResultsDirectory="3a07d455-1fdf-4fd3-b2af-bf596192cd11" />
    <UnitTestResult executionId="d9deef3f-482d-4342-aea1-0b783fcc1478" testId="147b0b89-7612-8b4f-a8d8-c2c5db5b10e4" testName="ParseBatch_FolderCompletion_MapsPayload" computerName="coder-07bfbed8-dfce-4129-8ab7-27d68922a8db-6d45c454c7-wh95m" duration="00:00:00.0373268" startTime="2026-04-27T15:09:45.3374422+00:00" endTime="2026-04-27T15:09:45.3748537+00:00" testType="13cdc9d9-ddb5-4fa4-a97d-d965ccfc6d4b" outcome="Passed" testListId="8c84fa94-04c1-424b-9868-57a2d4851a1d" relativeResultsDirectory="d9deef3f-482d-4342-aea1-0b783fcc1478" />
    <UnitTestResult executionId="f8d1a000-0fa3-4aab-9510-a008a8628d1f" testId="12353fda-6662-8b36-8c1a-cbe2954dd7a8" testName="CancelAsync_DeletesAudioBufferFile" computerName="coder-07bfbed8-dfce-4129-8ab7-27d68922a8db-6d45c454c7-wh95m" duration="00:00:00.0124522" startTime="2026-04-27T15:09:45.2178469+00:00" endTime="2026-04-27T15:09:45.2304097+00:00" testType="13cdc9d9-ddb5-4fa4-a97d-d965ccfc6d4b" outcome="Passed" testListId="8c84fa94-04c1-424b-9868-57a2d4851a1d" relativeResultsDirectory="f8d1a000-0fa3-4aab-9510-a008a8628d1f" />
    <UnitTestResult executionId="e7ef6001-c651-410a-a404-e157ec80dea3" testId="1c5b0d6b-125f-8d1e-b1b7-8045a6d1188c" testName="FromExtension_KnownFormat_ReturnsExpectedEnum (&quot;.mp3&quot;,Mp3)" computerName="coder-07bfbed8-dfce-4129-8ab7-27d68922a8db-6d45c454c7-wh95m" duration="00:00:00.0034513" startTime="2026-04-27T15:09:45.1178613+00:00" endTime="2026-04-27T15:09:45.1214963+00:00" testType="13cdc9d9-ddb5-4fa4-a97d-d965ccfc6d4b" outcome="Passed" testListId="8c84fa94-04c1-424b-9868-57a2d4851a1d" relativeResultsDirectory="e7ef6001-c651-410a-a404-e157ec80dea3" />
    <UnitTestResult executionId="ea8ccb99-04a0-495d-b150-d2e5862a71c7" testId="1daf567c-5145-80c4-b057-751c160e5550" testName="StartAsync_WithMouse5Source_PersistsSourceTag" computerName="coder-07bfbed8-dfce-4129-8ab7-27d68922a8db-6d45c454c7-wh95m" duration="00:00:00.0059990" startTime="2026-04-27T15:09:45.2359208+00:00" endTime="2026-04-27T15:09:45.2420342+00:00" testType="13cdc9d9-ddb5-4fa4-a97d-d965ccfc6d4b" outcome="Passed" testListId="8c84fa94-04c1-424b-9868-57a2d4851a1d" relativeResultsDirectory="ea8ccb99-04a0-495d-b150-d2e5862a71c7" />
    <UnitTestResult executionId="6e4ade3c-8542-4c7f-ba03-e549c6ac47c2" testId="169d08bc-8e6c-8c57-99b4-e953ffea29a9" testName="Start_WhenIdle_ReturnsNewSessionInRecordingState" computerName="coder-07bfbed8-dfce-4129-8ab7-27d68922a8db-6d45c454c7-wh95m" duration="00:00:00.0565599" startTime="2026-04-27T15:09:45.1738549+00:00" endTime="2026-04-27T15:09:45.2305977+00:00" testType="13cdc9d9-ddb5-4fa4-a97d-d965ccfc6d4b" outcome="Passed" testListId="8c84fa94-04c1-424b-9868-57a2d4851a1d" relativeResultsDirectory="6e4ade3c-8542-4c7f-ba03-e549c6ac47c2" />
    <UnitTestResult executionId="a97a1efc-4109-4c36-a291-58953612a3a7" testId="19f4d44f-9792-8d37-b23c-8dff74d47e40" testName="PushRawChunkAsync_StartsPcmStreamOnce_AndForwardsDecodedSamples" computerName="coder-07bfbed8-dfce-4129-8ab7-27d68922a8db-6d45c454c7-wh95m" duration="00:00:00.0763275" startTime="2026-04-27T15:09:45.1698294+00:00" endTime="2026-04-27T15:09:45.2462890+00:00" testType="13cdc9d9-ddb5-4fa4-a97d-d965ccfc6d4b" outcome="Passed" testListId="8c84fa94-04c1-424b-9868-57a2d4851a1d" relativeResultsDirectory="a97a1efc-4109-4c36-a291-58953612a3a7" />
    <UnitTestResult executionId="108316b8-a82f-461e-9f80-ee50e68a41e6" testId="10e8ddd0-f70b-83c3-9974-9a2f86573744" testName="WriteAsync_UnknownSession_Throws" computerName="coder-07bfbed8-dfce-4129-8ab7-27d68922a8db-6d45c454c7-wh95m" duration="00:00:00.0103703" startTime="2026-04-27T15:09:44.9611325+00:00" endTime="2026-04-27T15:09:44.9715730+00:00" testType="13cdc9d9-ddb5-4fa4-a97d-d965ccfc6d4b" outcome="Passed" testListId="8c84fa94-04c1-424b-9868-57a2d4851a1d" relativeResultsDirectory="108316b8-a82f-461e-9f80-ee50e68a41e6" />
    <UnitTestResult executionId="25fa6f29-ef5e-4539-a9ca-4433eee138b5" testId="18ad9451-f899-81fd-b6b6-6d28d9ff8b15" testName="Handler_WhenDriverThrows_LogsAndContinuesProcessing" computerName="coder-07bfbed8-dfce-4129-8ab7-27d68922a8db-6d45c454c7-wh95m" duration="00:00:00.2313130" startTime="2026-04-27T15:09:44.9785832+00:00" endTime="2026-04-27T15:09:45.2099828+00:00" testType="13cdc9d9-ddb5-4fa4-a97d-d965ccfc6d4b" outcome="Passed" testListId="8c84fa94-04c1-424b-9868-57a2d4851a1d" relativeResultsDirectory="25fa6f29-ef5e-4539-a9ca-4433eee138b5" />
    <UnitTestResult executionId="b9e6677f-d507-47fa-83af-42ed580abf19" testId="1c8a293a-338a-86d7-94c4-b040df0c23f5" testName="Embed_IsCaseInsensitive" computerName="coder-07bfbed8-dfce-4129-8ab7-27d68922a8db-6d45c454c7-wh95m" duration="00:00:00.0433426" startTime="2026-04-27T15:09:44.8693160+00:00" endTime="2026-04-27T15:09:44.9357804+00:00" testType="13cdc9d9-ddb5-4fa4-a97d-d965ccfc6d4b" outcome="Passed" testListId="8c84fa94-04c1-424b-9868-57a2d4851a1d" relativeResultsDirectory="b9e6677f-d507-47fa-83af-42ed580abf19" />
    <UnitTestResult executionId="f8589902-0781-4649-972d-33e675c59f78" testId="1819d44c-90cf-89bd-8395-1613f5e1c58c" testName="PushAudio_WithConfiguredTempPath_WritesPcmBytes" computerName="coder-07bfbed8-dfce-4129-8ab7-27d68922a8db-6d45c454c7-wh95m" duration="00:00:00.0643199" startTime="2026-04-27T15:09:45.2105490+00:00" endTime="2026-04-27T15:09:45.2749716+00:00" testType="13cdc9d9-ddb5-4fa4-a97d-d965ccfc6d4b" outcome="Passed" testListId="8c84fa94-04c1-424b-9868-57a2d4851a1d" relativeResultsDirectory="f8589902-0781-4649-972d-33e675c59f78" />
    <UnitTestResult executionId="d71f78c9-a180-48d2-bca4-1486acdb0de4" testId="17dbe36c-4c5d-876e-b095-8d933de936ba" testName="MergeChunks_TwoChunks_TrimsOverlapRegion" computerName="coder-07bfbed8-dfce-4129-8ab7-27d68922a8db-6d45c454c7-wh95m" duration="00:00:00.0003588" startTime="2026-04-27T15:09:45.2751254+00:00" endTime="2026-04-27T15:09:45.2755520+00:00" testType="13cdc9d9-ddb5-4fa4-a97d-d965ccfc6d4b" outcome="Passed" testListId="8c84fa94-04c1-424b-9868-57a2d4851a1d" relativeResultsDirectory="d71f78c9-a180-48d2-bca4-1486acdb0de4" />
    <UnitTestResult executionId="172de11f-c812-4823-a275-016137ad79dc" testId="12a5f93d-3164-8423-b14a-5d53206be6ce" testName="ContainsSpeech_NullChunk_Throws" computerName="coder-07bfbed8-dfce-4129-8ab7-27d68922a8db-6d45c454c7-wh95m" duration="00:00:00.0024141" startTime="2026-04-27T15:09:45.2988592+00:00" endTime="2026-04-27T15:09:45.3013306+00:00" testType="13cdc9d9-ddb5-4fa4-a97d-d965ccfc6d4b" outcome="Passed" testListId="8c84fa94-04c1-424b-9868-57a2d4851a1d" relativeResultsDirectory="172de11f-c812-4823-a275-016137ad79dc" />
    <UnitTestResult executionId="26009e3a-c856-4e4c-b39a-110be1c73674" testId="10109bd4-0847-8e85-bbf5-bd5df86e72ec" testName="Sha256Async_DifferentContent_ProducesDifferentHash" computerName="coder-07bfbed8-dfce-4129-8ab7-27d68922a8db-6d45c454c7-wh95m" duration="00:00:00.0197474" startTime="2026-04-27T15:09:45.1435316+00:00" endTime="2026-04-27T15:09:45.1633984+00:00" testType="13cdc9d9-ddb5-4fa4-a97d-d965ccfc6d4b" outcome="Passed" testListId="8c84fa94-04c1-424b-9868-57a2d4851a1d" relativeResultsDirectory="26009e3a-c856-4e4c-b39a-110be1c73674" />
    <UnitTestResult executionId="5ff2dee4-07ee-4f36-9a1e-e8138f538c27" testId="1df0a782-1304-891a-9c7f-1017d1e4a100" testName="Build_RecordingsFolder_UsesStaggeredVersioning_30Days" computerName="coder-07bfbed8-dfce-4129-8ab7-27d68922a8db-6d45c454c7-wh95m" duration="00:00:00.0084772" startTime="2026-04-27T15:09:45.3243041+00:00" endTime="2026-04-27T15:09:45.3328596+00:00" testType="13cdc9d9-ddb5-4fa4-a97d-d965ccfc6d4b" outcome="Passed" testListId="8c84fa94-04c1-424b-9868-57a2d4851a1d" relativeResultsDirectory="5ff2dee4-07ee-4f36-9a1e-e8138f538c27" />
    <UnitTestResult executionId="dd1201dc-d62f-42e3-81c3-332e2f8ef626" testId="11c0ecd8-cc4a-878c-9bb5-8b07f06fb890" testName="StreamCore_CommittedTextAccumulatesAcrossEmitsAndTail" computerName="coder-07bfbed8-dfce-4129-8ab7-27d68922a8db-6d45c454c7-wh95m" duration="00:00:00.0639518" startTime="2026-04-27T15:09:45.0792843+00:00" endTime="2026-04-27T15:09:45.1435187+00:00" testType="13cdc9d9-ddb5-4fa4-a97d-d965ccfc6d4b" outcome="Passed" testListId="8c84fa94-04c1-424b-9868-57a2d4851a1d" relativeResultsDirectory="dd1201dc-d62f-42e3-81c3-332e2f8ef626" />
    <UnitTestResult executionId="7c9daa2e-53d0-4c48-bbcd-f46f39ff2126" testId="13541cb8-ddff-848b-bf26-1861622d1310" testName="TryBuildLlmSystemPromptSuffix_JoinsTermsVerbatimHint" computerName="coder-07bfbed8-dfce-4129-8ab7-27d68922a8db-6d45c454c7-wh95m" duration="00:00:00.0002485" startTime="2026-04-27T15:09:45.2454650+00:00" endTime="2026-04-27T15:09:45.2457935+00:00" testType="13cdc9d9-ddb5-4fa4-a97d-d965ccfc6d4b" outcome="Passed" testListId="8c84fa94-04c1-424b-9868-57a2d4851a1d" relativeResultsDirectory="7c9daa2e-53d0-4c48-bbcd-f46f39ff2126" />
    <UnitTestResult executionId="ca25be11-1802-4882-90b9-50bbb830888c" testId="117864b2-2c12-8de1-a80a-8ac73619b7d1" testName="Embed_SimilarTextHasHigherCosine_ThanUnrelatedText" computerName="coder-07bfbed8-dfce-4129-8ab7-27d68922a8db-6d45c454c7-wh95m" duration="00:00:00.0380014" startTime="2026-04-27T15:09:44.8685567+00:00" endTime="2026-04-27T15:09:44.9332881+00:00" testType="13cdc9d9-ddb5-4fa4-a97d-d965ccfc6d4b" outcome="Passed" testListId="8c84fa94-04c1-424b-9868-57a2d4851a1d" relativeResultsDirectory="ca25be11-1802-4882-90b9-50bbb830888c" />
    <UnitTestResult executionId="7792cfb2-2aff-4f93-b66c-6ec4861e1f33" testId="115474ba-f34a-8447-8f74-63c29505c5f8" testName="Generate_WithSpeakerLabels_GroupsBySpeakerWithTimestampHeaders" computerName="coder-07bfbed8-dfce-4129-8ab7-27d68922a8db-6d45c454c7-wh95m" duration="00:00:00.0066903" startTime="2026-04-27T15:09:45.2887267+00:00" endTime="2026-04-27T15:09:45.2954985+00:00" testType="13cdc9d9-ddb5-4fa4-a97d-d965ccfc6d4b" outcome="Passed" testListId="8c84fa94-04c1-424b-9868-57a2d4851a1d" relativeResultsDirectory="7792cfb2-2aff-4f93-b66c-6ec4861e1f33" />
    <UnitTestResult executionId="1d41b656-8874-4efd-9d4a-1ed3ae52d27d" testId="1f33c785-469a-8219-9296-9a48ca712bb7" testName="ExecuteAsync_IncrementsVersion_WhenPreviousNotesExist" computerName="coder-07bfbed8-dfce-4129-8ab7-27d68922a8db-6d45c454c7-wh95m" duration="00:00:00.0411240" startTime="2026-04-27T15:09:45.2958177+00:00" endTime="2026-04-27T15:09:45.3370522+00:00" testType="13cdc9d9-ddb5-4fa4-a97d-d965ccfc6d4b" outcome="Passed" testListId="8c84fa94-04c1-424b-9868-57a2d4851a1d" relativeResultsDirectory="1d41b656-8874-4efd-9d4a-1ed3ae52d27d" />
    <UnitTestResult executionId="c2648db3-6397-4d11-8c22-151bd2295416" testId="1187e8c7-632b-8d0c-b8b5-50ddf9a97db8" testName="ExecuteAsync_EmptyFile_LogsWarningAndSkipsRecording" computerName="coder-07bfbed8-dfce-4129-8ab7-27d68922a8db-6d45c454c7-wh95m" duration="00:00:00.2482814" startTime="2026-04-27T15:09:44.8679171+00:00" endTime="2026-04-27T15:09:45.1408989+00:00" testType="13cdc9d9-ddb5-4fa4-a97d-d965ccfc6d4b" outcome="Passed" testListId="8c84fa94-04c1-424b-9868-57a2d4851a1d" relativeResultsDirectory="c2648db3-6397-4d11-8c22-151bd2295416" />
    <UnitTestResult executionId="ada931b7-6220-4c60-b682-c7df6bd3eca8" testId="1c5a5e2d-fc97-8624-b1df-58dab840509f" testName="Initialize_SkipsVaultFolder_WhenVaultPathIsEmpty" computerName="coder-07bfbed8-dfce-4129-8ab7-27d68922a8db-6d45c454c7-wh95m" duration="00:00:00.0054468" startTime="2026-04-27T15:09:45.3325718+00:00" endTime="2026-04-27T15:09:45.3380946+00:00" testType="13cdc9d9-ddb5-4fa4-a97d-d965ccfc6d4b" outcome="Passed" testListId="8c84fa94-04c1-424b-9868-57a2d4851a1d" relativeResultsDirectory="ada931b7-6220-4c60-b682-c7df6bd3eca8" />
    <UnitTestResult executionId="36488727-b31c-4b71-88ec-5da32570aeed" testId="1fe68747-58ae-822f-a0e4-d68dbcbe7a9f" testName="Start_WhenSessionAlreadyActive_Throws" computerName="coder-07bfbed8-dfce-4129-8ab7-27d68922a8db-6d45c454c7-wh95m" duration="00:00:00.0624869" startTime="2026-04-27T15:09:45.1747613+00:00" endTime="2026-04-27T15:09:45.2373150+00:00" testType="13cdc9d9-ddb5-4fa4-a97d-d965ccfc6d4b" outcome="Passed" testListId="8c84fa94-04c1-424b-9868-57a2d4851a1d" relativeResultsDirectory="36488727-b31c-4b71-88ec-5da32570aeed" />
    <UnitTestResult executionId="2c542b47-59bc-480a-9da2-c7d73c1eae58" testId="145e9827-4936-8893-a99f-e466d158ca01" testName="ExecuteAsync_MissingRecording_Throws" computerName="coder-07bfbed8-dfce-4129-8ab7-27d68922a8db-6d45c454c7-wh95m" duration="00:00:00.0085421" startTime="2026-04-27T15:09:45.3235851+00:00" endTime="2026-04-27T15:09:45.3322099+00:00" testType="13cdc9d9-ddb5-4fa4-a97d-d965ccfc6d4b" outcome="Passed" testListId="8c84fa94-04c1-424b-9868-57a2d4851a1d" relativeResultsDirectory="2c542b47-59bc-480a-9da2-c7d73c1eae58" />
    <UnitTestResult executionId="d870424f-1e49-4eca-b852-d0e848348c34" testId="1f9ad66a-3fc9-8c0b-9ce4-bc8ce612adb2" testName="ComputeSha256Async_ExistingFile_ReturnsLowercaseHex" computerName="coder-07bfbed8-dfce-4129-8ab7-27d68922a8db-6d45c454c7-wh95m" duration="00:00:00.0420580" startTime="2026-04-27T15:09:44.9756417+00:00" endTime="2026-04-27T15:09:45.0177811+00:00" testType="13cdc9d9-ddb5-4fa4-a97d-d965ccfc6d4b" outcome="Passed" testListId="8c84fa94-04c1-424b-9868-57a2d4851a1d" relativeResultsDirectory="d870424f-1e49-4eca-b852-d0e848348c34" />
    <UnitTestResult executionId="eb8549e0-e62e-43dc-9d2b-f4e45756c43d" testId="1dd370f5-5889-8739-8d29-ed2a07894a5f" testName="Chunk_TextShorterThanChunk_ReturnsSingleChunk" computerName="coder-07bfbed8-dfce-4129-8ab7-27d68922a8db-6d45c454c7-wh95m" duration="00:00:00.0018681" startTime="2026-04-27T15:09:45.2734853+00:00" endTime="2026-04-27T15:09:45.2754205+00:00" testType="13cdc9d9-ddb5-4fa4-a97d-d965ccfc6d4b" outcome="Passed" testListId="8c84fa94-04c1-424b-9868-57a2d4851a1d" relativeResultsDirectory="eb8549e0-e62e-43dc-9d2b-f4e45756c43d" />
    <UnitTestResult executionId="725a3f5e-ec0a-41f9-b8ad-45d47eaf8a2a" testId="11b98a89-908d-8875-8dea-d8eaf7891a6e" testName="StreamCore_EmitWindowHook_InvokedOnEachEmit" computerName="coder-07bfbed8-dfce-4129-8ab7-27d68922a8db-6d45c454c7-wh95m" duration="00:00:00.0502318" startTime="2026-04-27T15:09:45.0909786+00:00" endTime="2026-04-27T15:09:45.1412863+00:00" testType="13cdc9d9-ddb5-4fa4-a97d-d965ccfc6d4b" outcome="Passed" testListId="8c84fa94-04c1-424b-9868-57a2d4851a1d" relativeResultsDirectory="725a3f5e-ec0a-41f9-b8ad-45d47eaf8a2a" />
    <UnitTestResult executionId="9d5f8bb0-43b5-475d-aa07-7e9df722dfe2" testId="1cceaab6-6828-8eb8-988f-a41e5a157850" testName="ExecuteAsync_DuplicateSha256_CreatesDistinctRowAndEnqueuesAgain" computerName="coder-07bfbed8-dfce-4129-8ab7-27d68922a8db-6d45c454c7-wh95m" duration="00:00:00.2842215" startTime="2026-04-27T15:09:44.8667277+00:00" endTime="2026-04-27T15:09:45.1766253+00:00" testType="13cdc9d9-ddb5-4fa4-a97d-d965ccfc6d4b" outcome="Passed" testListId="8c84fa94-04c1-424b-9868-57a2d4851a1d" relativeResultsDirectory="9d5f8bb0-43b5-475d-aa07-7e9df722dfe2" />
    <UnitTestResult executionId="69b2b76a-1117-4be0-999d-1d4b23f7b136" testId="1bf502ed-a121-87b4-bc96-47e6e047aeae" testName="DownloadAsync_HappyPath_WritesFileAndReportsProgress" computerName="coder-07bfbed8-dfce-4129-8ab7-27d68922a8db-6d45c454c7-wh95m" duration="00:00:00.0424117" startTime="2026-04-27T15:09:44.9732422+00:00" endTime="2026-04-27T15:09:45.0157790+00:00" testType="13cdc9d9-ddb5-4fa4-a97d-d965ccfc6d4b" outcome="Passed" testListId="8c84fa94-04c1-424b-9868-57a2d4851a1d" relativeResultsDirectory="69b2b76a-1117-4be0-999d-1d4b23f7b136" />
    <UnitTestResult executionId="c43898db-a9a8-4ced-8ca1-cce59ea7c852" testId="194776d2-be92-8b6e-bc99-19b63bbd6843" testName="Chunk_EmptyOrWhitespace_ReturnsEmpty (&quot;   &quot;)" computerName="coder-07bfbed8-dfce-4129-8ab7-27d68922a8db-6d45c454c7-wh95m" duration="00:00:00.0377773" startTime="2026-04-27T15:09:44.8716914+00:00" endTime="2026-04-27T15:09:44.9332792+00:00" testType="13cdc9d9-ddb5-4fa4-a97d-d965ccfc6d4b" outcome="Passed" testListId="8c84fa94-04c1-424b-9868-57a2d4851a1d" relativeResultsDirectory="c43898db-a9a8-4ced-8ca1-cce59ea7c852" />
    <UnitTestResult executionId="8102f366-5a7b-47f5-981b-d1fae9a1162f" testId="1c3f6422-4296-857a-b09e-bf622dc74ed6" testName="StreamCore_EmptyStream_YieldsNothing_AndDoesNotTranscribe" computerName="coder-07bfbed8-dfce-4129-8ab7-27d68922a8db-6d45c454c7-wh95m" duration="00:00:00.1056681" startTime="2026-04-27T15:09:45.0151593+00:00" endTime="2026-04-27T15:09:45.1209444+00:00" testType="13cdc9d9-ddb5-4fa4-a97d-d965ccfc6d4b" outcome="Passed" testListId="8c84fa94-04c1-424b-9868-57a2d4851a1d" relativeResultsDirectory="8102f366-5a7b-47f5-981b-d1fae9a1162f" />
    <UnitTestResult executionId="ab890533-ac78-4c74-b923-9ba7bfc3ec42" testId="17d4ae46-b5b4-8ccf-96dd-f5e6bcf7a7cb" testName="Search_OnEmptyIndex_ReturnsEmpty" computerName="coder-07bfbed8-dfce-4129-8ab7-27d68922a8db-6d45c454c7-wh95m" duration="00:00:00.0379592" startTime="2026-04-27T15:09:44.8703603+00:00" endTime="2026-04-27T15:09:44.9333542+00:00" testType="13cdc9d9-ddb5-4fa4-a97d-d965ccfc6d4b" outcome="Passed" testListId="8c84fa94-04c1-424b-9868-57a2d4851a1d" relativeResultsDirectory="ab890533-ac78-4c74-b923-9ba7bfc3ec42" />
    <UnitTestResult executionId="cca14650-f668-4adf-bee8-27362c84526c" testId="17be3c7a-4acf-8bf1-b07a-2592b1641f54" testName="ParseBatch_UnknownType_PassesThroughWithRawJson" computerName="coder-07bfbed8-dfce-4129-8ab7-27d68922a8db-6d45c454c7-wh95m" duration="00:00:00.0352347" startTime="2026-04-27T15:09:45.3389319+00:00" endTime="2026-04-27T15:09:45.3742347+00:00" testType="13cdc9d9-ddb5-4fa4-a97d-d965ccfc6d4b" outcome="Passed" testListId="8c84fa94-04c1-424b-9868-57a2d4851a1d" relativeResultsDirectory="cca14650-f668-4adf-bee8-27362c84526c" />
    <UnitTestResult executionId="7e3e2560-7344-4d6b-bc56-e597966beab9" testId="1ba993de-4933-8b2f-9d01-729f898dd584" testName="Generate_EmptySections_AreOmitted" computerName="coder-07bfbed8-dfce-4129-8ab7-27d68922a8db-6d45c454c7-wh95m" duration="00:00:00.0062717" startTime="2026-04-27T15:09:45.2842717+00:00" endTime="2026-04-27T15:09:45.2906322+00:00" testType="13cdc9d9-ddb5-4fa4-a97d-d965ccfc6d4b" outcome="Passed" testListId="8c84fa94-04c1-424b-9868-57a2d4851a1d" relativeResultsDirectory="7e3e2560-7344-4d6b-bc56-e597966beab9" />
    <UnitTestResult executionId="97d80f28-5aac-4540-b059-284679cb00f5" testId="165c64af-11bf-8fa7-a82f-e72dab7d12c6" testName="CancelAsync_ForActiveSession_RemovesSessionAndClearsActive" computerName="coder-07bfbed8-dfce-4129-8ab7-27d68922a8db-6d45c454c7-wh95m" duration="00:00:00.0512549" startTime="2026-04-27T15:09:45.1793538+00:00" endTime="2026-04-27T15:09:45.2306763+00:00" testType="13cdc9d9-ddb5-4fa4-a97d-d965ccfc6d4b" outcome="Passed" testListId="8c84fa94-04c1-424b-9868-57a2d4851a1d" relativeResultsDirectory="97d80f28-5aac-4540-b059-284679cb00f5" />
    <UnitTestResult executionId="41c6b01e-5752-4c4d-a365-21ee8fd0d754" testId="1d2ffdf4-78a6-825a-ad57-ffbcf7152ae2" testName="Initialize_IsIdempotent_DoesNotOverwriteUserEditedStignore" computerName="coder-07bfbed8-dfce-4129-8ab7-27d68922a8db-6d45c454c7-wh95m" duration="00:00:00.0112757" startTime="2026-04-27T15:09:45.3317205+00:00" endTime="2026-04-27T15:09:45.3430631+00:00" testType="13cdc9d9-ddb5-4fa4-a97d-d965ccfc6d4b" outcome="Passed" testListId="8c84fa94-04c1-424b-9868-57a2d4851a1d" relativeResultsDirectory="41c6b01e-5752-4c4d-a365-21ee8fd0d754" />
    <UnitTestResult executionId="80d74486-f466-47bb-8dea-d9e002643245" testId="1327f61f-4c07-83d5-9392-4c3926e4af38" testName="ChunkByTokens_OverBudget_SplitsIntoMultipleSlices" computerName="coder-07bfbed8-dfce-4129-8ab7-27d68922a8db-6d45c454c7-wh95m" duration="00:00:00.3135501" startTime="2026-04-27T15:09:44.9875347+00:00" endTime="2026-04-27T15:09:45.3011541+00:00" testType="13cdc9d9-ddb5-4fa4-a97d-d965ccfc6d4b" outcome="Passed" testListId="8c84fa94-04c1-424b-9868-57a2d4851a1d" relativeResultsDirectory="80d74486-f466-47bb-8dea-d9e002643245" />
    <UnitTestResult executionId="57c54385-8f2c-4650-b99c-021a8a0e20f1" testId="1e711b7a-f797-8d2f-9558-5f2f3c4f363b" testName="StreamCore_WrongSampleRate_Throws" computerName="coder-07bfbed8-dfce-4129-8ab7-27d68922a8db-6d45c454c7-wh95m" duration="00:00:00.0117118" startTime="2026-04-27T15:09:45.1157109+00:00" endTime="2026-04-27T15:09:45.1275184+00:00" testType="13cdc9d9-ddb5-4fa4-a97d-d965ccfc6d4b" outcome="Passed" testListId="8c84fa94-04c1-424b-9868-57a2d4851a1d" relativeResultsDirectory="57c54385-8f2c-4650-b99c-021a8a0e20f1" />
    <UnitTestResult executionId="67ca68b5-bc59-4802-b6c1-4f4dd88e6c67" testId="1d85a3ef-e313-8827-aa9b-96b56e9e1786" testName="ConvertToWavAsync_CancelledToken_DoesNotHangAndPropagates" computerName="coder-07bfbed8-dfce-4129-8ab7-27d68922a8db-6d45c454c7-wh95m" duration="00:00:00.0246209" startTime="2026-04-27T15:09:44.9604310+00:00" endTime="2026-04-27T15:09:44.9851509+00:00" testType="13cdc9d9-ddb5-4fa4-a97d-d965ccfc6d4b" outcome="Passed" testListId="8c84fa94-04c1-424b-9868-57a2d4851a1d" relativeResultsDirectory="67ca68b5-bc59-4802-b6c1-4f4dd88e6c67" />
    <UnitTestResult executionId="91f93f56-deec-4b4b-a8c4-855b70945248" testId="1641615b-87ae-8ece-bb54-dea883802352" testName="Start_WithoutVocabulary_PassesNullInitialPrompt" computerName="coder-07bfbed8-dfce-4129-8ab7-27d68922a8db-6d45c454c7-wh95m" duration="00:00:00.0171552" startTime="2026-04-27T15:09:45.2123492+00:00" endTime="2026-04-27T15:09:45.2296002+00:00" testType="13cdc9d9-ddb5-4fa4-a97d-d965ccfc6d4b" outcome="Passed" testListId="8c84fa94-04c1-424b-9868-57a2d4851a1d" relativeResultsDirectory="91f93f56-deec-4b4b-a8c4-855b70945248" />
    <UnitTestResult executionId="bb631b3c-4e9c-4584-a778-35aa0803dc3a" testId="14ec264b-a631-8fc1-98e8-e47de07bb194" testName="IndexAsync_ReindexingSameNote_ReplacesExistingChunks" computerName="coder-07bfbed8-dfce-4129-8ab7-27d68922a8db-6d45c454c7-wh95m" duration="00:00:00.1679164" startTime="2026-04-27T15:09:44.8757646+00:00" endTime="2026-04-27T15:09:45.0605573+00:00" testType="13cdc9d9-ddb5-4fa4-a97d-d965ccfc6d4b" outcome="Passed" testListId="8c84fa94-04c1-424b-9868-57a2d4851a1d" relativeResultsDirectory="bb631b3c-4e9c-4584-a778-35aa0803dc3a" />
    <UnitTestResult executionId="6da61519-aebb-466b-9118-16ffd80abcf3" testId="12efb3d3-b8e7-8054-a41d-87b625b8bf56" testName="ProcessJobAsync_NoteVersion_IncrementsPastLatest_OnReprocessing" computerName="coder-07bfbed8-dfce-4129-8ab7-27d68922a8db-6d45c454c7-wh95m" duration="00:00:00.0559657" startTime="2026-04-27T15:09:45.2861631+00:00" endTime="2026-04-27T15:09:45.3422418+00:00" testType="13cdc9d9-ddb5-4fa4-a97d-d965ccfc6d4b" outcome="Passed" testListId="8c84fa94-04c1-424b-9868-57a2d4851a1d" relativeResultsDirectory="6da61519-aebb-466b-9118-16ffd80abcf3" />
    <UnitTestResult executionId="e6057f28-02b7-446f-acd7-8ff8ea00877b" testId="1aa2a12c-e99f-8ef6-b14d-f8b22129dcc5" testName="StreamCore_TailOnlyPath_TranscribesBufferAndYieldsSinglePartial" computerName="coder-07bfbed8-dfce-4129-8ab7-27d68922a8db-6d45c454c7-wh95m" duration="00:00:00.1236076" startTime="2026-04-27T15:09:45.0183135+00:00" endTime="2026-04-27T15:09:45.1419833+00:00" testType="13cdc9d9-ddb5-4fa4-a97d-d965ccfc6d4b" outcome="Passed" testListId="8c84fa94-04c1-424b-9868-57a2d4851a1d" relativeResultsDirectory="e6057f28-02b7-446f-acd7-8ff8ea00877b" />
    <UnitTestResult executionId="acfc4edc-e11d-48ba-8b5c-d7444ab58cc1" testId="19e1b382-5518-8dca-b943-18079d73338b" testName="Initialize_CreatesAllThreeFolders" computerName="coder-07bfbed8-dfce-4129-8ab7-27d68922a8db-6d45c454c7-wh95m" duration="00:00:00.0104304" startTime="2026-04-27T15:09:45.3299114+00:00" endTime="2026-04-27T15:09:45.3404725+00:00" testType="13cdc9d9-ddb5-4fa4-a97d-d965ccfc6d4b" outcome="Passed" testListId="8c84fa94-04c1-424b-9868-57a2d4851a1d" relativeResultsDirectory="acfc4edc-e11d-48ba-8b5c-d7444ab58cc1" />
    <UnitTestResult executionId="4d880727-11b5-48ae-8789-4a5754d07608" testId="1517bbb0-30b4-89f6-98fe-eee9cfc30322" testName="FromExtension_KnownFormat_ReturnsExpectedEnum (&quot;.mp4&quot;,Mp4)" computerName="coder-07bfbed8-dfce-4129-8ab7-27d68922a8db-6d45c454c7-wh95m" duration="00:00:00.0000154" startTime="2026-04-27T15:09:45.1237566+00:00" endTime="2026-04-27T15:09:45.1238318+00:00" testType="13cdc9d9-ddb5-4fa4-a97d-d965ccfc6d4b" outcome="Passed" testListId="8c84fa94-04c1-424b-9868-57a2d4851a1d" relativeResultsDirectory="4d880727-11b5-48ae-8789-4a5754d07608" />
    <UnitTestResult executionId="1d572c3d-06d7-4ce2-8ae4-5de054362dc7" testId="168d9c5e-61b9-8056-b531-e9b1f44e6b92" testName="StreamCore_VadRejectsAllChunks_NoTranscription_NoPartials" computerName="coder-07bfbed8-dfce-4129-8ab7-27d68922a8db-6d45c454c7-wh95m" duration="00:00:00.1264728" startTime="2026-04-27T15:09:45.0164142+00:00" endTime="2026-04-27T15:09:45.1429435+00:00" testType="13cdc9d9-ddb5-4fa4-a97d-d965ccfc6d4b" outcome="Passed" testListId="8c84fa94-04c1-424b-9868-57a2d4851a1d" relativeResultsDirectory="1d572c3d-06d7-4ce2-8ae4-5de054362dc7" />
    <UnitTestResult executionId="a977f057-699a-442d-ac01-4635316c2293" testId="1265ba84-c36f-86cd-ac42-c1eca8038320" testName="CreateAsync_HonoursCancellation" computerName="coder-07bfbed8-dfce-4129-8ab7-27d68922a8db-6d45c454c7-wh95m" duration="00:00:00.0081229" startTime="2026-04-27T15:09:45.4573604+00:00" endTime="2026-04-27T15:09:45.4675007+00:00" testType="13cdc9d9-ddb5-4fa4-a97d-d965ccfc6d4b" outcome="Passed" testListId="8c84fa94-04c1-424b-9868-57a2d4851a1d" relativeResultsDirectory="a977f057-699a-442d-ac01-4635316c2293" />
    <UnitTestResult executionId="6e17b60c-907c-4f40-80cf-25b4c62c5c60" testId="1a76be78-6817-8790-8afc-df13854f1772" testName="Upsert_ThenCount_Reflects" computerName="coder-07bfbed8-dfce-4129-8ab7-27d68922a8db-6d45c454c7-wh95m" duration="00:00:00.0379877" startTime="2026-04-27T15:09:44.8656045+00:00" endTime="2026-04-27T15:09:44.9332348+00:00" testType="13cdc9d9-ddb5-4fa4-a97d-d965ccfc6d4b" outcome="Passed" testListId="8c84fa94-04c1-424b-9868-57a2d4851a1d" relativeResultsDirectory="6e17b60c-907c-4f40-80cf-25b4c62c5c60" />
    <UnitTestResult executionId="8953506f-eb47-4c73-a09c-7d04201f52b3" testId="191c7a55-8c4c-881e-8b5b-6cdd28f6af42" testName="AnswerAsync_WhenLlmUnavailable_FallsBackToCitationBundle" computerName="coder-07bfbed8-dfce-4129-8ab7-27d68922a8db-6d45c454c7-wh95m" duration="00:00:00.2275947" startTime="2026-04-27T15:09:44.8749920+00:00" endTime="2026-04-27T15:09:45.1203086+00:00" testType="13cdc9d9-ddb5-4fa4-a97d-d965ccfc6d4b" outcome="Passed" testListId="8c84fa94-04c1-424b-9868-57a2d4851a1d" relativeResultsDirectory="8953506f-eb47-4c73-a09c-7d04201f52b3" />
    <UnitTestResult executionId="7283927c-af82-4cee-8a6c-21902422e4e0" testId="1ebdcd5d-1b9b-87d3-a36d-d084ffd62c6c" testName="CorrectAsync_WhenProviderThrows_ReturnsRawTranscript" computerName="coder-07bfbed8-dfce-4129-8ab7-27d68922a8db-6d45c454c7-wh95m" duration="00:00:00.0060563" startTime="2026-04-27T15:09:45.2718764+00:00" endTime="2026-04-27T15:09:45.2780311+00:00" testType="13cdc9d9-ddb5-4fa4-a97d-d965ccfc6d4b" outcome="Passed" testListId="8c84fa94-04c1-424b-9868-57a2d4851a1d" relativeResultsDirectory="7283927c-af82-4cee-8a6c-21902422e4e0" />
    <UnitTestResult executionId="209c6a78-0a30-453f-a40b-c9a365a1f2bc" testId="1e5bef24-09f1-851e-a0d7-d88a4b12bf4c" testName="SlidingExpiration_ReadResetsWindow_NotImmediateEviction" computerName="coder-07bfbed8-dfce-4129-8ab7-27d68922a8db-6d45c454c7-wh95m" duration="00:00:00.0032797" startTime="2026-04-27T15:09:44.9718596+00:00" endTime="2026-04-27T15:09:44.9752210+00:00" testType="13cdc9d9-ddb5-4fa4-a97d-d965ccfc6d4b" outcome="Passed" testListId="8c84fa94-04c1-424b-9868-57a2d4851a1d" relativeResultsDirectory="209c6a78-0a30-453f-a40b-c9a365a1f2bc" />
    <UnitTestResult executionId="baaf1272-9da9-4934-b4f8-e84c9e6ab4f3" testId="14c99b12-b808-82c9-b6c7-80208c431d7b" testName="Cancelled_IsLastEnumMember_SoIntOrderingIsSafe" computerName="coder-07bfbed8-dfce-4129-8ab7-27d68922a8db-6d45c454c7-wh95m" duration="00:00:00.0044775" startTime="2026-04-27T15:09:45.1651420+00:00" endTime="2026-04-27T15:09:45.1697034+00:00" testType="13cdc9d9-ddb5-4fa4-a97d-d965ccfc6d4b" outcome="Passed" testListId="8c84fa94-04c1-424b-9868-57a2d4851a1d" relativeResultsDirectory="baaf1272-9da9-4934-b4f8-e84c9e6ab4f3" />
    <UnitTestResult executionId="550c538a-a253-4255-8e86-4669f60d6a2e" testId="11bb6336-13f0-8fd0-8608-dfee0ef71108" testName="ScheduleAsync_CalledTwiceForSameId_IsIdempotent" computerName="coder-07bfbed8-dfce-4129-8ab7-27d68922a8db-6d45c454c7-wh95m" duration="00:00:00.3391959" startTime="2026-04-27T15:09:44.9893665+00:00" endTime="2026-04-27T15:09:45.3286445+00:00" testType="13cdc9d9-ddb5-4fa4-a97d-d965ccfc6d4b" outcome="Passed" testListId="8c84fa94-04c1-424b-9868-57a2d4851a1d" relativeResultsDirectory="550c538a-a253-4255-8e86-4669f60d6a2e" />
    <UnitTestResult executionId="38a4ea8d-5c6a-48fb-be3b-98dd3bac474c" testId="1d625f5c-803c-891b-bcc8-98d16ee98f66" testName="ParseBatch_PendingDevicesChanged_MapsAddedEntries" computerName="coder-07bfbed8-dfce-4129-8ab7-27d68922a8db-6d45c454c7-wh95m" duration="00:00:00.0401656" startTime="2026-04-27T15:09:45.3344572+00:00" endTime="2026-04-27T15:09:45.3746976+00:00" testType="13cdc9d9-ddb5-4fa4-a97d-d965ccfc6d4b" outcome="Passed" testListId="8c84fa94-04c1-424b-9868-57a2d4851a1d" relativeResultsDirectory="38a4ea8d-5c6a-48fb-be3b-98dd3bac474c" />
    <UnitTestResult executionId="ae6d61a0-e5e9-49f7-8129-30716acb38a5" testId="1de3b30c-8c24-8228-b7c3-dbd3d8063038" testName="ParaCategory_CoversAllFourBuckets" computerName="coder-07bfbed8-dfce-4129-8ab7-27d68922a8db-6d45c454c7-wh95m" duration="00:00:00.0331207" startTime="2026-04-27T15:09:45.1378957+00:00" endTime="2026-04-27T15:09:45.1711300+00:00" testType="13cdc9d9-ddb5-4fa4-a97d-d965ccfc6d4b" outcome="Passed" testListId="8c84fa94-04c1-424b-9868-57a2d4851a1d" relativeResultsDirectory="ae6d61a0-e5e9-49f7-8129-30716acb38a5" />
    <UnitTestResult executionId="bde63d60-0376-4c93-8472-ffb3d9d2cfb9" testId="1bb94ef2-c880-83b7-8dd7-ff96b26f91f4" testName="StopAsync_DeletesAudioBufferFile" computerName="coder-07bfbed8-dfce-4129-8ab7-27d68922a8db-6d45c454c7-wh95m" duration="00:00:00.0170598" startTime="2026-04-27T15:09:45.2172292+00:00" endTime="2026-04-27T15:09:45.2344018+00:00" testType="13cdc9d9-ddb5-4fa4-a97d-d965ccfc6d4b" outcome="Passed" testListId="8c84fa94-04c1-424b-9868-57a2d4851a1d" relativeResultsDirectory="bde63d60-0376-4c93-8472-ffb3d9d2cfb9" />
    <UnitTestResult executionId="050682e5-4865-4e1a-bba8-cd87fd5f4bf9" testId="1585fc8c-46c1-84d0-80fe-b4814e37c4d7" testName="StreamCore_EmitWindowReached_TranscribesAndYieldsCommittedText" computerName="coder-07bfbed8-dfce-4129-8ab7-27d68922a8db-6d45c454c7-wh95m" duration="00:00:00.0792778" startTime="2026-04-27T15:09:45.0611738+00:00" endTime="2026-04-27T15:09:45.1405387+00:00" testType="13cdc9d9-ddb5-4fa4-a97d-d965ccfc6d4b" outcome="Passed" testListId="8c84fa94-04c1-424b-9868-57a2d4851a1d" relativeResultsDirectory="050682e5-4865-4e1a-bba8-cd87fd5f4bf9" />
    <UnitTestResult executionId="0e279370-fd17-47c0-95fc-83bd57624075" testId="1137fb02-17ac-8afb-bc6d-35b64f50a38f" testName="EnumContainsAllExpectedMembers" computerName="coder-07bfbed8-dfce-4129-8ab7-27d68922a8db-6d45c454c7-wh95m" duration="00:00:00.0058474" startTime="2026-04-27T15:09:45.1643011+00:00" endTime="2026-04-27T15:09:45.1702309+00:00" testType="13cdc9d9-ddb5-4fa4-a97d-d965ccfc6d4b" outcome="Passed" testListId="8c84fa94-04c1-424b-9868-57a2d4851a1d" relativeResultsDirectory="0e279370-fd17-47c0-95fc-83bd57624075" />
    <UnitTestResult executionId="e2a7a5f2-c7f7-40e8-b040-f0d27879a46c" testId="1cd90ac9-dcd5-8650-8fdb-67989f0b8f95" testName="ChunkByTokens_ShortInput_ReturnsOneSliceMatchingSource" computerName="coder-07bfbed8-dfce-4129-8ab7-27d68922a8db-6d45c454c7-wh95m" duration="00:00:00.3076971" startTime="2026-04-27T15:09:44.9815604+00:00" endTime="2026-04-27T15:09:45.2893850+00:00" testType="13cdc9d9-ddb5-4fa4-a97d-d965ccfc6d4b" outcome="Passed" testListId="8c84fa94-04c1-424b-9868-57a2d4851a1d" relativeResultsDirectory="e2a7a5f2-c7f7-40e8-b040-f0d27879a46c" />
    <UnitTestResult executionId="814a5cbe-d603-41cf-a13f-876c1e91afb1" testId="1928de8f-5e2b-8ac1-b0e5-04787b486eaa" testName="FromExtension_UnknownFormat_Throws" computerName="coder-07bfbed8-dfce-4129-8ab7-27d68922a8db-6d45c454c7-wh95m" duration="00:00:00.0029173" startTime="2026-04-27T15:09:45.1289662+00:00" endTime="2026-04-27T15:09:45.1324865+00:00" testType="13cdc9d9-ddb5-4fa4-a97d-d965ccfc6d4b" outcome="Passed" testListId="8c84fa94-04c1-424b-9868-57a2d4851a1d" relativeResultsDirectory="814a5cbe-d603-41cf-a13f-876c1e91afb1" />
    <UnitTestResult executionId="c175fd6f-d8da-449e-af34-fc9b21d214b6" testId="1b11dddf-7f5f-84ff-90c5-e20b812ea8bc" testName="IndexAsync_Then_AnswerAsync_ReturnsRelevantCitations" computerName="coder-07bfbed8-dfce-4129-8ab7-27d68922a8db-6d45c454c7-wh95m" duration="00:00:00.1847248" startTime="2026-04-27T15:09:44.8741872+00:00" endTime="2026-04-27T15:09:45.0775086+00:00" testType="13cdc9d9-ddb5-4fa4-a97d-d965ccfc6d4b" outcome="Passed" testListId="8c84fa94-04c1-424b-9868-57a2d4851a1d" relativeResultsDirectory="c175fd6f-d8da-449e-af34-fc9b21d214b6" />
    <UnitTestResult executionId="6c8d4c15-3a9a-4880-8c2b-4f13874b7a33" testId="193484b7-118a-88d1-9c0a-d80dc36caefd" testName="ProcessJobAsync_LlmUnavailable_KeepsRawTranscriptAndStillProducesNote" computerName="coder-07bfbed8-dfce-4129-8ab7-27d68922a8db-6d45c454c7-wh95m" duration="00:00:00.0194973" startTime="2026-04-27T15:09:45.3227867+00:00" endTime="2026-04-27T15:09:45.3423915+00:00" testType="13cdc9d9-ddb5-4fa4-a97d-d965ccfc6d4b" outcome="Passed" testListId="8c84fa94-04c1-424b-9868-57a2d4851a1d" relativeResultsDirectory="6c8d4c15-3a9a-4880-8c2b-4f13874b7a33" />
    <UnitTestResult executionId="a7a850d7-8849-4de9-8d40-21f25c4c721c" testId="1db4eccd-73d5-8f65-b969-9b3de355db5d" testName="Apply_leaves_VaultPath_empty_when_DefaultVaultPath_does_not_exist" computerName="coder-07bfbed8-dfce-4129-8ab7-27d68922a8db-6d45c454c7-wh95m" duration="00:00:00.0030093" startTime="2026-04-27T15:09:45.0032005+00:00" endTime="2026-04-27T15:09:45.0062808+00:00" testType="13cdc9d9-ddb5-4fa4-a97d-d965ccfc6d4b" outcome="Passed" testListId="8c84fa94-04c1-424b-9868-57a2d4851a1d" relativeResultsDirectory="a7a850d7-8849-4de9-8d40-21f25c4c721c" />
    <UnitTestResult executionId="dc8e611d-6cf6-465a-9ebf-da0ac9e01a9e" testId="1c715b69-9952-81a9-92c3-b5b9c3d8656b" testName="PublishAsync_WithNoSubscribers_IsNoOp" computerName="coder-07bfbed8-dfce-4129-8ab7-27d68922a8db-6d45c454c7-wh95m" duration="00:00:00.0081653" startTime="2026-04-27T15:09:44.9567487+00:00" endTime="2026-04-27T15:09:44.9649859+00:00" testType="13cdc9d9-ddb5-4fa4-a97d-d965ccfc6d4b" outcome="Passed" testListId="8c84fa94-04c1-424b-9868-57a2d4851a1d" relativeResultsDirectory="dc8e611d-6cf6-465a-9ebf-da0ac9e01a9e" />
    <UnitTestResult executionId="1cbe1c3a-2a48-4cd3-8f48-0a68097d48b2" testId="1d9ee06c-0a82-8454-98b2-206b60587e4c" testName="ConvertToWavAsync_WhitespaceInput_ThrowsArgument" computerName="coder-07bfbed8-dfce-4129-8ab7-27d68922a8db-6d45c454c7-wh95m" duration="00:00:00.0126518" startTime="2026-04-27T15:09:44.9576623+00:00" endTime="2026-04-27T15:09:44.9703756+00:00" testType="13cdc9d9-ddb5-4fa4-a97d-d965ccfc6d4b" outcome="Passed" testListId="8c84fa94-04c1-424b-9868-57a2d4851a1d" relativeResultsDirectory="1cbe1c3a-2a48-4cd3-8f48-0a68097d48b2" />
    <UnitTestResult executionId="409cb50d-f396-4cc1-aee5-6495c29890c7" testId="1b635c3e-68bc-8744-b001-276d293a6100" testName="Start_PassesDictationVocabularyToStreamingAsInitialPrompt" computerName="coder-07bfbed8-dfce-4129-8ab7-27d68922a8db-6d45c454c7-wh95m" duration="00:00:00.0462774" startTime="2026-04-27T15:09:45.1832309+00:00" endTime="2026-04-27T15:09:45.2295994+00:00" testType="13cdc9d9-ddb5-4fa4-a97d-d965ccfc6d4b" outcome="Passed" testListId="8c84fa94-04c1-424b-9868-57a2d4851a1d" relativeResultsDirectory="409cb50d-f396-4cc1-aee5-6495c29890c7" />
    <UnitTestResult executionId="155727b3-f486-4f03-bf5c-4f48e0b8ba3b" testId="16a2e24c-4bdf-8f71-883c-870ddc228889" testName="Chunk_EmptyOrWhitespace_ReturnsEmpty (&quot;&#xA;&#xA;&#xA;&quot;)" computerName="coder-07bfbed8-dfce-4129-8ab7-27d68922a8db-6d45c454c7-wh95m" duration="00:00:00.0376892" startTime="2026-04-27T15:09:44.8722955+00:00" endTime="2026-04-27T15:09:44.9332388+00:00" testType="13cdc9d9-ddb5-4fa4-a97d-d965ccfc6d4b" outcome="Passed" testListId="8c84fa94-04c1-424b-9868-57a2d4851a1d" relativeResultsDirectory="155727b3-f486-4f03-bf5c-4f48e0b8ba3b" />
    <UnitTestResult executionId="c826ed26-df30-4628-9350-2ad2ae8f6a2c" testId="138b84a7-16e1-8ea1-963f-f659699d2b16" testName="Upsert_SameId_ReplacesPreviousChunk" computerName="coder-07bfbed8-dfce-4129-8ab7-27d68922a8db-6d45c454c7-wh95m" duration="00:00:00.0378797" startTime="2026-04-27T15:09:44.8706208+00:00" endTime="2026-04-27T15:09:44.9333287+00:00" testType="13cdc9d9-ddb5-4fa4-a97d-d965ccfc6d4b" outcome="Passed" testListId="8c84fa94-04c1-424b-9868-57a2d4851a1d" relativeResultsDirectory="c826ed26-df30-4628-9350-2ad2ae8f6a2c" />
    <UnitTestResult executionId="8f0b9491-febe-4059-bf81-59fb19be0de1" testId="1295f807-7986-837a-894b-7d0d10b0c5da" testName="Search_MismatchedDimension_Skipped" computerName="coder-07bfbed8-dfce-4129-8ab7-27d68922a8db-6d45c454c7-wh95m" duration="00:00:00.0376734" startTime="2026-04-27T15:09:44.8700544+00:00" endTime="2026-04-27T15:09:44.9332710+00:00" testType="13cdc9d9-ddb5-4fa4-a97d-d965ccfc6d4b" outcome="Passed" testListId="8c84fa94-04c1-424b-9868-57a2d4851a1d" relativeResultsDirectory="8f0b9491-febe-4059-bf81-59fb19be0de1" />
    <UnitTestResult executionId="95961726-0831-402b-b2de-fbad90c7b871" testId="1219f668-b10d-8173-889b-bbb24f074a80" testName="ProcessJobAsync_WhenTokenCancelledDuringTranscribe_MarksCancelled" computerName="coder-07bfbed8-dfce-4129-8ab7-27d68922a8db-6d45c454c7-wh95m" duration="00:00:00.0393420" startTime="2026-04-27T15:09:45.2986273+00:00" endTime="2026-04-27T15:09:45.3380409+00:00" testType="13cdc9d9-ddb5-4fa4-a97d-d965ccfc6d4b" outcome="Passed" testListId="8c84fa94-04c1-424b-9868-57a2d4851a1d" relativeResultsDirectory="95961726-0831-402b-b2de-fbad90c7b871" />
    <UnitTestResult executionId="043917da-7b4d-40c9-9e1d-550ffa94c0ad" testId="127b9108-1152-87c3-be02-02ea6ae9727f" testName="Factory_Default_ReturnsOpenAiCompatible" computerName="coder-07bfbed8-dfce-4129-8ab7-27d68922a8db-6d45c454c7-wh95m" duration="00:00:00.0101576" startTime="2026-04-27T15:09:45.2764684+00:00" endTime="2026-04-27T15:09:45.2867362+00:00" testType="13cdc9d9-ddb5-4fa4-a97d-d965ccfc6d4b" outcome="Passed" testListId="8c84fa94-04c1-424b-9868-57a2d4851a1d" relativeResultsDirectory="043917da-7b4d-40c9-9e1d-550ffa94c0ad" />
    <UnitTestResult executionId="4348a315-00d5-493a-b91f-2a771a72480c" testId="10176170-2b74-8ea1-9b87-5999b49f4f32" testName="Chunk_EmptyOrWhitespace_ReturnsEmpty (&quot;&quot;)" computerName="coder-07bfbed8-dfce-4129-8ab7-27d68922a8db-6d45c454c7-wh95m" duration="00:00:00.0377522" startTime="2026-04-27T15:09:44.8710439+00:00" endTime="2026-04-27T15:09:44.9333728+00:00" testType="13cdc9d9-ddb5-4fa4-a97d-d965ccfc6d4b" outcome="Passed" testListId="8c84fa94-04c1-424b-9868-57a2d4851a1d" relativeResultsDirectory="4348a315-00d5-493a-b91f-2a771a72480c" />
    <UnitTestResult executionId="e72edc78-346d-4734-976b-921e901494ef" testId="1119eeb9-7b42-8569-aba4-1b129bba1fb6" testName="GetOrCreate_FirstCall_InvokesFactory" computerName="coder-07bfbed8-dfce-4129-8ab7-27d68922a8db-6d45c454c7-wh95m" duration="00:00:00.0071982" startTime="2026-04-27T15:09:44.9649767+00:00" endTime="2026-04-27T15:09:44.9722867+00:00" testType="13cdc9d9-ddb5-4fa4-a97d-d965ccfc6d4b" outcome="Passed" testListId="8c84fa94-04c1-424b-9868-57a2d4851a1d" relativeResultsDirectory="e72edc78-346d-4734-976b-921e901494ef" />
    <UnitTestResult executionId="caf427f1-ec96-4061-aadd-59aeace1cb67" testId="15c86e38-6875-83c0-a606-ac6778f23857" testName="DownloadAsync_NotFound_Throws_AndDoesNotCreateDestination" computerName="coder-07bfbed8-dfce-4129-8ab7-27d68922a8db-6d45c454c7-wh95m" duration="00:00:00.0328104" startTime="2026-04-27T15:09:44.9743745+00:00" endTime="2026-04-27T15:09:45.0072495+00:00" testType="13cdc9d9-ddb5-4fa4-a97d-d965ccfc6d4b" outcome="Passed" testListId="8c84fa94-04c1-424b-9868-57a2d4851a1d" relativeResultsDirectory="caf427f1-ec96-4061-aadd-59aeace1cb67" />
[...]
    <TestEntry testId="1d625f5c-803c-891b-bcc8-98d16ee98f66" executionId="38a4ea8d-5c6a-48fb-be3b-98dd3bac474c" testListId="8c84fa94-04c1-424b-9868-57a2d4851a1d" />
    <TestEntry testId="1de3b30c-8c24-8228-b7c3-dbd3d8063038" executionId="ae6d61a0-e5e9-49f7-8129-30716acb38a5" testListId="8c84fa94-04c1-424b-9868-57a2d4851a1d" />
    <TestEntry testId="1bb94ef2-c880-83b7-8dd7-ff96b26f91f4" executionId="bde63d60-0376-4c93-8472-ffb3d9d2cfb9" testListId="8c84fa94-04c1-424b-9868-57a2d4851a1d" />
    <TestEntry testId="1585fc8c-46c1-84d0-80fe-b4814e37c4d7" executionId="050682e5-4865-4e1a-bba8-cd87fd5f4bf9" testListId="8c84fa94-04c1-424b-9868-57a2d4851a1d" />
    <TestEntry testId="1137fb02-17ac-8afb-bc6d-35b64f50a38f" executionId="0e279370-fd17-47c0-95fc-83bd57624075" testListId="8c84fa94-04c1-424b-9868-57a2d4851a1d" />
    <TestEntry testId="1cd90ac9-dcd5-8650-8fdb-67989f0b8f95" executionId="e2a7a5f2-c7f7-40e8-b040-f0d27879a46c" testListId="8c84fa94-04c1-424b-9868-57a2d4851a1d" />
    <TestEntry testId="1928de8f-5e2b-8ac1-b0e5-04787b486eaa" executionId="814a5cbe-d603-41cf-a13f-876c1e91afb1" testListId="8c84fa94-04c1-424b-9868-57a2d4851a1d" />
    <TestEntry testId="1b11dddf-7f5f-84ff-90c5-e20b812ea8bc" executionId="c175fd6f-d8da-449e-af34-fc9b21d214b6" testListId="8c84fa94-04c1-424b-9868-57a2d4851a1d" />
    <TestEntry testId="193484b7-118a-88d1-9c0a-d80dc36caefd" executionId="6c8d4c15-3a9a-4880-8c2b-4f13874b7a33" testListId="8c84fa94-04c1-424b-9868-57a2d4851a1d" />
    <TestEntry testId="1db4eccd-73d5-8f65-b969-9b3de355db5d" executionId="a7a850d7-8849-4de9-8d40-21f25c4c721c" testListId="8c84fa94-04c1-424b-9868-57a2d4851a1d" />
    <TestEntry testId="1c715b69-9952-81a9-92c3-b5b9c3d8656b" executionId="dc8e611d-6cf6-465a-9ebf-da0ac9e01a9e" testListId="8c84fa94-04c1-424b-9868-57a2d4851a1d" />
    <TestEntry testId="1d9ee06c-0a82-8454-98b2-206b60587e4c" executionId="1cbe1c3a-2a48-4cd3-8f48-0a68097d48b2" testListId="8c84fa94-04c1-424b-9868-57a2d4851a1d" />
    <TestEntry testId="1b635c3e-68bc-8744-b001-276d293a6100" executionId="409cb50d-f396-4cc1-aee5-6495c29890c7" testListId="8c84fa94-04c1-424b-9868-57a2d4851a1d" />
    <TestEntry testId="16a2e24c-4bdf-8f71-883c-870ddc228889" executionId="155727b3-f486-4f03-bf5c-4f48e0b8ba3b" testListId="8c84fa94-04c1-424b-9868-57a2d4851a1d" />
    <TestEntry testId="138b84a7-16e1-8ea1-963f-f659699d2b16" executionId="c826ed26-df30-4628-9350-2ad2ae8f6a2c" testListId="8c84fa94-04c1-424b-9868-57a2d4851a1d" />
    <TestEntry testId="1295f807-7986-837a-894b-7d0d10b0c5da" executionId="8f0b9491-febe-4059-bf81-59fb19be0de1" testListId="8c84fa94-04c1-424b-9868-57a2d4851a1d" />
    <TestEntry testId="1219f668-b10d-8173-889b-bbb24f074a80" executionId="95961726-0831-402b-b2de-fbad90c7b871" testListId="8c84fa94-04c1-424b-9868-57a2d4851a1d" />
    <TestEntry testId="127b9108-1152-87c3-be02-02ea6ae9727f" executionId="043917da-7b4d-40c9-9e1d-550ffa94c0ad" testListId="8c84fa94-04c1-424b-9868-57a2d4851a1d" />
    <TestEntry testId="10176170-2b74-8ea1-9b87-5999b49f4f32" executionId="4348a315-00d5-493a-b91f-2a771a72480c" testListId="8c84fa94-04c1-424b-9868-57a2d4851a1d" />
    <TestEntry testId="1119eeb9-7b42-8569-aba4-1b129bba1fb6" executionId="e72edc78-346d-4734-976b-921e901494ef" testListId="8c84fa94-04c1-424b-9868-57a2d4851a1d" />
    <TestEntry testId="15c86e38-6875-83c0-a606-ac6778f23857" executionId="caf427f1-ec96-4061-aadd-59aeace1cb67" testListId="8c84fa94-04c1-424b-9868-57a2d4851a1d" />
    <TestEntry testId="1bb3d10b-a8d5-8cc5-8e49-8e7118e3fd15" executionId="9566375b-f356-4678-a15b-8e84ae5b2420" testListId="8c84fa94-04c1-424b-9868-57a2d4851a1d" />
    <TestEntry testId="112f12e1-dc29-8a5f-b6c6-517c3ea1287c" executionId="a41cce65-d97c-4d5f-a278-3f1e07dcf2ab" testListId="8c84fa94-04c1-424b-9868-57a2d4851a1d" />
    <TestEntry testId="174c2c88-855f-81b6-8ad8-7af8d7b30a1f" executionId="846872dc-bf1a-42d3-bba0-bd991273ca54" testListId="8c84fa94-04c1-424b-9868-57a2d4851a1d" />
    <TestEntry testId="151a38e6-b7b3-86b2-874f-0b2be31a20de" executionId="bc093606-cea2-497d-b6e1-41a24ba7ce38" testListId="8c84fa94-04c1-424b-9868-57a2d4851a1d" />
    <TestEntry testId="1e0ac343-0b65-842c-adf5-1107446ea266" executionId="73fccd6b-94ad-43b7-9f1c-c6690d202ae2" testListId="8c84fa94-04c1-424b-9868-57a2d4851a1d" />
    <TestEntry testId="1d659819-507f-84b9-ab18-701ae9f80db1" executionId="0aaa9006-69ee-4431-80cd-eed90efe4c33" testListId="8c84fa94-04c1-424b-9868-57a2d4851a1d" />
    <TestEntry testId="1eda07f5-b601-851c-8557-5d3dda87aa2f" executionId="71598f8b-5f2e-42bb-ab22-5e3b9dec77ba" testListId="8c84fa94-04c1-424b-9868-57a2d4851a1d" />
    <TestEntry testId="172ba1d2-4ae0-8983-8df5-532bf35352ca" executionId="a4866e23-9b9e-4ef0-bd8d-51b3d80b537d" testListId="8c84fa94-04c1-424b-9868-57a2d4851a1d" />
    <TestEntry testId="172a3895-349f-83c7-812b-ad9ea6403d7b" executionId="83aca117-715e-46bf-bcd7-1f26f6f5d47d" testListId="8c84fa94-04c1-424b-9868-57a2d4851a1d" />
    <TestEntry testId="1a456334-54f6-88fd-9fe7-b941cd7be3b2" executionId="5d9e4ae3-0db3-4861-8ca4-424c251ad35e" testListId="8c84fa94-04c1-424b-9868-57a2d4851a1d" />
    <TestEntry testId="1378c141-548d-8de1-b8fc-e26051880f40" executionId="085edebf-5d3e-463e-8702-fea94798b444" testListId="8c84fa94-04c1-424b-9868-57a2d4851a1d" />
    <TestEntry testId="1174e84f-8992-8907-b949-6754ab3908d6" executionId="7124aee7-38eb-465f-95a9-161823b740e6" testListId="8c84fa94-04c1-424b-9868-57a2d4851a1d" />
    <TestEntry testId="10081b07-0515-813a-b351-e9c2355a3c4c" executionId="0e66d7e3-c9a8-4046-b625-ba4284ed11ba" testListId="8c84fa94-04c1-424b-9868-57a2d4851a1d" />
    <TestEntry testId="1a4fd948-0b93-8c94-a15f-5a0cdcd7a59a" executionId="bdd31dab-0f04-4be4-be44-d4b59b4eda65" testListId="8c84fa94-04c1-424b-9868-57a2d4851a1d" />
    <TestEntry testId="1c2e72d7-a278-8810-89c7-2c48277c5e7e" executionId="8262adbf-25c1-41be-a1b5-2fce8f21c1fb" testListId="8c84fa94-04c1-424b-9868-57a2d4851a1d" />
    <TestEntry testId="191aebd1-034a-803e-957d-b7235cff9fd1" executionId="c23098a7-acbb-4916-805f-cf71e6996248" testListId="8c84fa94-04c1-424b-9868-57a2d4851a1d" />
    <TestEntry testId="1aa39b74-f180-8d41-b839-53afee700614" executionId="c348711e-64bd-4587-9312-0e3232e8b401" testListId="8c84fa94-04c1-424b-9868-57a2d4851a1d" />
    <TestEntry testId="1d2e1772-954a-8047-afc6-478597ad91d0" executionId="5193c443-31f2-4278-aeee-131eeaaed010" testListId="8c84fa94-04c1-424b-9868-57a2d4851a1d" />
    <TestEntry testId="1eeb9869-8598-8a37-98d1-ec0e5c5c7d55" executionId="11b5dc09-ef06-4adb-a9fb-8179c08c891c" testListId="8c84fa94-04c1-424b-9868-57a2d4851a1d" />
    <TestEntry testId="11d4f56a-acf4-8750-ad7b-a895780e27b2" executionId="9b714605-cdd7-416c-88e7-a1e75d92efdb" testListId="8c84fa94-04c1-424b-9868-57a2d4851a1d" />
    <TestEntry testId="145b9699-4533-81cd-a0c1-fd7038669c7d" executionId="ccc75ec9-46e9-4e07-9345-8d5d0540da11" testListId="8c84fa94-04c1-424b-9868-57a2d4851a1d" />
    <TestEntry testId="1d806154-cdc5-8ac5-8cb3-5f1a6f2aaa48" executionId="d946bdb9-89f6-4004-8137-a05c08cbbc0e" testListId="8c84fa94-04c1-424b-9868-57a2d4851a1d" />
    <TestEntry testId="13d25fff-d468-86b8-9997-9252fd653032" executionId="55295054-3c3b-4981-bfec-317856f238ad" testListId="8c84fa94-04c1-424b-9868-57a2d4851a1d" />
    <TestEntry testId="1fa999f7-4cfd-8344-bc7d-28101b1a00b9" executionId="4b315d67-cae7-4ca4-9b40-8e017431110a" testListId="8c84fa94-04c1-424b-9868-57a2d4851a1d" />
    <TestEntry testId="1e2967d1-e284-8094-b0f8-72e893a652d9" executionId="5fac42c2-45c2-4aef-b0f8-236651704ac5" testListId="8c84fa94-04c1-424b-9868-57a2d4851a1d" />
    <TestEntry testId="1d88caa7-54df-8249-adcf-611be02101ab" executionId="90879ead-0866-459f-8286-85437270035e" testListId="8c84fa94-04c1-424b-9868-57a2d4851a1d" />
    <TestEntry testId="1accd60a-6602-88fa-85fb-6369092dcf06" executionId="03d75653-03e8-4211-95e9-4218867fecb2" testListId="8c84fa94-04c1-424b-9868-57a2d4851a1d" />
    <TestEntry testId="17e3e30d-1580-8f6d-aea4-f0b1ccab1378" executionId="12e90904-654f-4fd0-a560-c8a5dd5096d1" testListId="8c84fa94-04c1-424b-9868-57a2d4851a1d" />
    <TestEntry testId="1a4659e0-b069-8d10-b07b-375b91018fd6" executionId="90db6146-4b73-46c8-a526-7d10257f1c13" testListId="8c84fa94-04c1-424b-9868-57a2d4851a1d" />
    <TestEntry testId="14ba31f3-8a98-8b29-b5af-bbb884138050" executionId="38ccd88e-28cb-4994-9041-ec2e86bcfc36" testListId="8c84fa94-04c1-424b-9868-57a2d4851a1d" />
    <TestEntry testId="19ac4ed6-24ae-87a3-b405-8c6b0fb14da3" executionId="d53f7339-b49c-4b90-86dd-af1405d91e99" testListId="8c84fa94-04c1-424b-9868-57a2d4851a1d" />
    <TestEntry testId="107ec19b-74b1-8f48-aa40-82d453b13ba4" executionId="29da3a3b-b5e5-4db3-bcc4-481c8577d1ae" testListId="8c84fa94-04c1-424b-9868-57a2d4851a1d" />
    <TestEntry testId="16dbb856-e265-85fd-93b3-abe90c51f877" executionId="2eb069d9-573e-47a9-bc46-ab8e9a7c74ef" testListId="8c84fa94-04c1-424b-9868-57a2d4851a1d" />
    <TestEntry testId="145c9834-6a1b-86ec-8d92-2f944a6322a5" executionId="62b33518-1e96-4f17-b824-a72465908988" testListId="8c84fa94-04c1-424b-9868-57a2d4851a1d" />
    <TestEntry testId="124a7a8f-5b49-899c-80d5-c988bf7c25a5" executionId="37c1e5ae-acf5-47de-a44e-7f412ef4ac15" testListId="8c84fa94-04c1-424b-9868-57a2d4851a1d" />
    <TestEntry testId="161ed011-7c0b-8c07-98a3-32a2b8f7ef8d" executionId="de9e8740-022a-4824-a7e5-f69b4f432877" testListId="8c84fa94-04c1-424b-9868-57a2d4851a1d" />
    <TestEntry testId="1fd8e003-493d-865d-ad32-b9fbeabf5650" executionId="6d9d4299-e000-4d8f-ac71-b52e72eebf47" testListId="8c84fa94-04c1-424b-9868-57a2d4851a1d" />
    <TestEntry testId="12678c5e-5451-812f-a3c2-42536e2e3024" executionId="1afe2f9f-64e1-48cf-a8a9-313a079cd646" testListId="8c84fa94-04c1-424b-9868-57a2d4851a1d" />
    <TestEntry testId="1501ba4b-66e4-88ed-b953-989db22011b9" executionId="654f53b9-a353-42b2-82a4-b4de25a21e2a" testListId="8c84fa94-04c1-424b-9868-57a2d4851a1d" />
    <TestEntry testId="18e2f0a1-a86f-816b-abeb-703785e9ce82" executionId="4b1d95f4-9027-4d82-b541-e605056986a0" testListId="8c84fa94-04c1-424b-9868-57a2d4851a1d" />
    <TestEntry testId="1bbd3b68-189c-8227-8e37-0e5f5931c7a2" executionId="d89135f5-64ca-4a23-99be-8e9742f56c42" testListId="8c84fa94-04c1-424b-9868-57a2d4851a1d" />
    <TestEntry testId="10f69d8d-1a83-8985-b4e1-c0f93fddb3e9" executionId="c9376265-12b4-407a-b5f7-b3f43e6baacf" testListId="8c84fa94-04c1-424b-9868-57a2d4851a1d" />
    <TestEntry testId="16641da8-396a-814d-acc7-276d530c273d" executionId="20844df6-40fd-4956-bed7-2516afb36c9b" testListId="8c84fa94-04c1-424b-9868-57a2d4851a1d" />
    <TestEntry testId="1495cdd6-02e5-8b0d-8212-9f5767eed0cc" executionId="532025ab-fc3f-4280-be98-0cf057dd55ff" testListId="8c84fa94-04c1-424b-9868-57a2d4851a1d" />
    <TestEntry testId="124db39f-9571-8939-bf27-32f59bec055d" executionId="4c8a297b-3c34-4bc0-b9ba-281bed132f5a" testListId="8c84fa94-04c1-424b-9868-57a2d4851a1d" />
    <TestEntry testId="160b7672-0743-8fa2-a109-54cdd6dde33b" executionId="924c45a2-0b76-4aac-a16e-4ef80bb3b119" testListId="8c84fa94-04c1-424b-9868-57a2d4851a1d" />
    <TestEntry testId="18b1a7a3-96b1-8655-86f3-9bc88c3e4c08" executionId="3dc7068f-2f88-495f-b6d1-466e1667f8d0" testListId="8c84fa94-04c1-424b-9868-57a2d4851a1d" />
    <TestEntry testId="1e7d334d-8c81-81cf-909d-94186d6b5872" executionId="7ea40025-2922-46d0-b39e-76ab900b4c76" testListId="8c84fa94-04c1-424b-9868-57a2d4851a1d" />
    <TestEntry testId="16058486-3baa-87cb-ab19-5603fa0ffce2" executionId="cee8791e-4edd-4a60-a23d-ad137bbced7a" testListId="8c84fa94-04c1-424b-9868-57a2d4851a1d" />
    <TestEntry testId="11761595-8d0f-815e-8b94-a55fa516a159" executionId="7b6b3bea-4afb-4232-96aa-46aa1b0c6f44" testListId="8c84fa94-04c1-424b-9868-57a2d4851a1d" />
    <TestEntry testId="12c28ec0-21be-84c0-bffb-f5bdab73aed6" executionId="c95e60d8-c402-47f5-ac93-f3525d7272d7" testListId="8c84fa94-04c1-424b-9868-57a2d4851a1d" />
    <TestEntry testId="15a702cf-af63-869a-9b01-52d08902a81e" executionId="9a7f2673-8b72-44ca-9693-21a8b65e81d5" testListId="8c84fa94-04c1-424b-9868-57a2d4851a1d" />
    <TestEntry testId="189bd495-dbc0-8694-8fac-de5764cfc862" executionId="ead3b313-2886-489f-b5f4-014f5f3c1c79" testListId="8c84fa94-04c1-424b-9868-57a2d4851a1d" />
    <TestEntry testId="1446796f-acc7-85ec-81fb-9261ba04dcd0" executionId="6cca23aa-9816-4406-b46d-9fdeb61c5193" testListId="8c84fa94-04c1-424b-9868-57a2d4851a1d" />
    <TestEntry testId="1831a687-6a0f-828c-aa03-6cc121219d94" executionId="fde62785-f7e7-4a51-8e5c-035e443c5b3a" testListId="8c84fa94-04c1-424b-9868-57a2d4851a1d" />
    <TestEntry testId="1c57c473-5389-824a-8c7c-c4cbcff4a131" executionId="d2af5811-dce7-4fe3-b9ce-aac94bfad51b" testListId="8c84fa94-04c1-424b-9868-57a2d4851a1d" />
    <TestEntry testId="1e7361a6-eb6a-8b14-800e-44cc6cf7a94f" executionId="18b25531-014d-423e-a8ee-469201d76c8d" testListId="8c84fa94-04c1-424b-9868-57a2d4851a1d" />
    <TestEntry testId="1e69f7de-d17d-836a-ab05-d999e85c59ff" executionId="5176bfe6-b79c-4148-8067-28e2509588a1" testListId="8c84fa94-04c1-424b-9868-57a2d4851a1d" />
    <TestEntry testId="11897a36-33ad-8133-b4cb-11686d5b1b1f" executionId="da3acd6e-023e-4d11-a720-626e8f12b270" testListId="8c84fa94-04c1-424b-9868-57a2d4851a1d" />
    <TestEntry testId="123116fd-9946-87de-8289-6cd6d34354af" executionId="f0272321-4201-4507-affd-71bb22871595" testListId="8c84fa94-04c1-424b-9868-57a2d4851a1d" />
    <TestEntry testId="1f5b5bf9-5d88-8731-b94d-8909f68681f7" executionId="c9fc6560-46fc-46a7-91b7-0de951470042" testListId="8c84fa94-04c1-424b-9868-57a2d4851a1d" />
    <TestEntry testId="1916312a-d687-8cf5-a600-9b10e89411b8" executionId="3fbb4b90-2f11-4160-8879-7b5be7a3fc24" testListId="8c84fa94-04c1-424b-9868-57a2d4851a1d" />
    <TestEntry testId="1443de5d-9834-8a48-8c7b-530cbff408e8" executionId="ac8c24f7-d413-42e8-8fc6-38cf343a9e57" testListId="8c84fa94-04c1-424b-9868-57a2d4851a1d" />
    <TestEntry testId="16f0ddf2-f0e6-8cb9-b841-f080cde8a169" executionId="7a23ccb6-5648-41d7-933c-7e4a7f143405" testListId="8c84fa94-04c1-424b-9868-57a2d4851a1d" />
    <TestEntry testId="158bafff-b772-8f6b-b8e5-083edfa72309" executionId="2536b6b0-fd4f-47cf-acc9-ff7623e01ed4" testListId="8c84fa94-04c1-424b-9868-57a2d4851a1d" />
    <TestEntry testId="1775aa68-0409-87e7-a506-5f15324c4575" executionId="8fe64470-aa4a-4825-b877-576a6843ca65" testListId="8c84fa94-04c1-424b-9868-57a2d4851a1d" />
    <TestEntry testId="12fd03d6-4c36-8de4-9453-7594df88db03" executionId="ac6efcbc-0d5c-4317-b0e7-3c42ae472a9f" testListId="8c84fa94-04c1-424b-9868-57a2d4851a1d" />
    <TestEntry testId="1f82e509-5c86-82dc-8dcd-68d03b03434a" executionId="0b412508-b1bd-44ca-ac19-1e04f8e06c42" testListId="8c84fa94-04c1-424b-9868-57a2d4851a1d" />
    <TestEntry testId="16c636f9-f05f-8414-b490-5d618e597f7a" executionId="9c7cf281-8a91-4e1a-93a8-b6de1d93d6ee" testListId="8c84fa94-04c1-424b-9868-57a2d4851a1d" />
    <TestEntry testId="1e09734a-a4de-85a7-912a-ad02d725940b" executionId="e3ac9a4c-78d2-4c42-bf2e-1f6d472986c1" testListId="8c84fa94-04c1-424b-9868-57a2d4851a1d" />
    <TestEntry testId="1eae9aed-913c-8e2a-9dfe-8ce1e15dca7a" executionId="19b1844c-287c-42cd-9ff5-f246de1ed5bc" testListId="8c84fa94-04c1-424b-9868-57a2d4851a1d" />
    <TestEntry testId="1b42adf0-c4dd-8923-a2ed-66dae7643f8c" executionId="0fa58d62-6902-4f3a-8e37-2547f333a61f" testListId="8c84fa94-04c1-424b-9868-57a2d4851a1d" />
    <TestEntry testId="1b8be7ad-9156-80b5-b325-e8c37d371436" executionId="55d6f2c9-9141-41da-af78-2efff608b2f5" testListId="8c84fa94-04c1-424b-9868-57a2d4851a1d" />
    <TestEntry testId="16883d66-8357-8562-8399-33d4929d0c17" executionId="4ef77ee5-db4f-43fd-9a5c-bc87e779b2fd" testListId="8c84fa94-04c1-424b-9868-57a2d4851a1d" />
    <TestEntry testId="179cd024-3376-8170-b559-cedfaaf98b18" executionId="1d5a7b7c-78ac-4c7f-a29f-f7cf361b5058" testListId="8c84fa94-04c1-424b-9868-57a2d4851a1d" />
    <TestEntry testId="15259cfe-4c47-8e83-8598-e0e31e51ffe6" executionId="34ca03b8-e3a8-4b82-8403-223eebc5d83b" testListId="8c84fa94-04c1-424b-9868-57a2d4851a1d" />
    <TestEntry testId="167f3a54-6148-8f96-a7ed-9e34c9bf6a64" executionId="2ad9ee31-2d42-46e5-a46f-897b78355b3d" testListId="8c84fa94-04c1-424b-9868-57a2d4851a1d" />
    <TestEntry testId="18f00dba-dde1-8f50-8c3e-681e8ed137d2" executionId="cf516f43-5404-45d5-b964-b765d5489e1f" testListId="8c84fa94-04c1-424b-9868-57a2d4851a1d" />
    <TestEntry testId="16cf0101-fc79-8c51-ad71-2b8dba3b7bd0" executionId="4f49afc1-ae4e-4076-8a4d-57e8b12633cd" testListId="8c84fa94-04c1-424b-9868-57a2d4851a1d" />
    <TestEntry testId="10940b0b-de2d-8a50-89be-180ec85a2a54" executionId="a113c9fc-b7e3-4d58-8c0c-7af27bcefd79" testListId="8c84fa94-04c1-424b-9868-57a2d4851a1d" />
    <TestEntry testId="161285c8-1bd0-8fb9-91c9-c04c33ceeee7" executionId="19217040-8a3b-449c-a801-85c1f86c55a1" testListId="8c84fa94-04c1-424b-9868-57a2d4851a1d" />
    <TestEntry testId="1499247b-0895-823b-95e8-987c07108d4c" executionId="eb2d695f-1fe5-468f-b131-3bcd99730b65" testListId="8c84fa94-04c1-424b-9868-57a2d4851a1d" />
    <TestEntry testId="11a89eaa-b393-86c5-9b21-2fb4cd5c1dce" executionId="f7f2f580-a20f-4f09-bfcc-4b7ca1cdfa75" testListId="8c84fa94-04c1-424b-9868-57a2d4851a1d" />
    <TestEntry testId="125ea631-1e11-8982-b789-4d22820cb86f" executionId="3ca0960e-ed94-4220-aa07-77ecb46e4931" testListId="8c84fa94-04c1-424b-9868-57a2d4851a1d" />
    <TestEntry testId="133ba3eb-c962-8ef3-b460-c47ce1909237" executionId="510f5843-1f90-4cd7-807a-980a9760b1a3" testListId="8c84fa94-04c1-424b-9868-57a2d4851a1d" />
    <TestEntry testId="15dfab7d-085b-827d-b7e7-6d027cacb69a" executionId="169e6f5d-da60-4872-9666-13602fa1485f" testListId="8c84fa94-04c1-424b-9868-57a2d4851a1d" />
    <TestEntry testId="168abc12-dce1-84a5-8dbe-5f27d47610ce" executionId="9d10ceb5-829e-4edc-9aa0-ce6182d63a86" testListId="8c84fa94-04c1-424b-9868-57a2d4851a1d" />
    <TestEntry testId="10971104-d350-8bec-a215-35a0d92ec353" executionId="7b8d4619-4063-43d2-96b3-c01afa12d1f3" testListId="8c84fa94-04c1-424b-9868-57a2d4851a1d" />
    <TestEntry testId="1e6a1cff-69ca-80f7-a2eb-9d215f7558f2" executionId="25d259fd-922f-4b38-9e65-6cf109cd278d" testListId="8c84fa94-04c1-424b-9868-57a2d4851a1d" />
    <TestEntry testId="15e5b2cf-c501-882f-991a-11c905ac5d67" executionId="046cb158-b1d5-4c3f-9323-6e5be5773394" testListId="8c84fa94-04c1-424b-9868-57a2d4851a1d" />
  </TestEntries>
  <TestLists>
    <TestList name="Results Not in a List" id="8c84fa94-04c1-424b-9868-57a2d4851a1d" />
    <TestList name="All Loaded Results" id="19431567-8539-422a-85d7-44ee4e166bda" />
  </TestLists>
  <ResultSummary outcome="Completed">
    <Counters total="230" executed="225" passed="225" failed="0" error="0" timeout="0" aborted="0" inconclusive="0" passedButRunAborted="0" notRunnable="0" notExecuted="0" disconnected="0" warning="0" completed="0" inProgress="0" pending="0" />
    <Output>
      <StdOut>Test Parallelization enabled for /home/coder/workspace/mozgoslav/backend/tests/Mozgoslav.Tests/bin/Debug/net10.0/Mozgoslav.Tests.dll (Workers: 32, Scope: MethodLevel)
Test 'StartAsync_Twice_SameSession_Throws' was skipped in the test run.
Test 'GetDurationAsync_returns_real_duration_for_2s_wav' was skipped in the test run.
Test 'StartWriteStop_WithChunkedWebm_ProducesPcmAndExitsCleanly' was skipped in the test run.
Test 'StopAsync_AfterMalformedPayload_SurfacesFfmpegStderrAndCleansUp' was skipped in the test run.
Test 'GetDurationAsync_returns_zero_when_ffprobe_cannot_parse_input' was skipped in the test run.
</StdOut>
    </Output>
    <CollectorDataEntries>
      <Collector agentName="coder-07bfbed8-dfce-4129-8ab7-27d68922a8db-6d45c454c7-wh95m" uri="datacollector://microsoft/CoverletCodeCoverage/1.0" collectorDisplayName="XPlat code coverage">
        <UriAttachments>
          <UriAttachment>
            <A href="coder-07bfbed8-dfce-4129-8ab7-27d68922a8db-6d45c454c7-wh95m/coverage.cobertura.xml"></A>
          </UriAttachment>
        </UriAttachments>
      </Collector>
    </CollectorDataEntries>
  </ResultSummary>
</TestRun>